This is pdfTeX, Version 3.14159265-2.6-1.40.19 (TeX Live 2018) (preloaded format=pdflatex 2019.2.7)  6 MAR 2019 11:33
entering extended mode
 restricted \write18 enabled.
 %&-line parsing enabled.
**slides-pca.tex
(./slides-pca.tex
LaTeX2e <2018-12-01>
(/usr/local/texlive/2018/texmf-dist/tex/latex/beamer/beamer.cls
Document Class: beamer 2018/12/02 v3.55 A class for typesetting presentations
(/usr/local/texlive/2018/texmf-dist/tex/latex/beamer/beamerbasemodes.sty
(/usr/local/texlive/2018/texmf-dist/tex/latex/etoolbox/etoolbox.sty
Package: etoolbox 2018/08/19 v2.5f e-TeX tools for LaTeX (JAW)
\etb@tempcnta=\count80
)
\beamer@tempbox=\box27
\beamer@tempcount=\count81
\c@beamerpauses=\count82

(/usr/local/texlive/2018/texmf-dist/tex/latex/beamer/beamerbasedecode.sty
\beamer@slideinframe=\count83
\beamer@minimum=\count84
)
\beamer@commentbox=\box28
\beamer@modecount=\count85
)
(/usr/local/texlive/2018/texmf-dist/tex/generic/oberdiek/ifpdf.sty
Package: ifpdf 2018/09/07 v3.3 Provides the ifpdf switch
)
\headdp=\dimen102
\footheight=\dimen103
\sidebarheight=\dimen104
\beamer@tempdim=\dimen105
\beamer@finalheight=\dimen106
\beamer@animht=\dimen107
\beamer@animdp=\dimen108
\beamer@animwd=\dimen109
\beamer@leftmargin=\dimen110
\beamer@rightmargin=\dimen111
\beamer@leftsidebar=\dimen112
\beamer@rightsidebar=\dimen113
\beamer@boxsize=\dimen114
\beamer@vboxoffset=\dimen115
\beamer@descdefault=\dimen116
\beamer@descriptionwidth=\dimen117
\beamer@lastskip=\skip41
\beamer@areabox=\box29
\beamer@animcurrent=\box30
\beamer@animshowbox=\box31
\beamer@sectionbox=\box32
\beamer@logobox=\box33
\beamer@linebox=\box34
\beamer@sectioncount=\count86
\beamer@subsubsectionmax=\count87
\beamer@subsectionmax=\count88
\beamer@sectionmax=\count89
\beamer@totalheads=\count90
\beamer@headcounter=\count91
\beamer@partstartpage=\count92
\beamer@sectionstartpage=\count93
\beamer@subsectionstartpage=\count94
\beamer@animationtempa=\count95
\beamer@animationtempb=\count96
\beamer@xpos=\count97
\beamer@ypos=\count98
\beamer@ypos@offset=\count99
\beamer@showpartnumber=\count100
\beamer@currentsubsection=\count101
\beamer@coveringdepth=\count102
\beamer@sectionadjust=\count103
\beamer@tocsectionnumber=\count104

(/usr/local/texlive/2018/texmf-dist/tex/latex/beamer/beamerbaseoptions.sty
(/usr/local/texlive/2018/texmf-dist/tex/latex/graphics/keyval.sty
Package: keyval 2014/10/28 v1.15 key=value parser (DPC)
\KV@toks@=\toks14
))
\beamer@paperwidth=\skip42
\beamer@paperheight=\skip43

(/usr/local/texlive/2018/texmf-dist/tex/latex/geometry/geometry.sty
Package: geometry 2018/04/16 v5.8 Page Geometry

(/usr/local/texlive/2018/texmf-dist/tex/generic/oberdiek/ifvtex.sty
Package: ifvtex 2016/05/16 v1.6 Detect VTeX and its facilities (HO)
Package ifvtex Info: VTeX not detected.
)
(/usr/local/texlive/2018/texmf-dist/tex/generic/ifxetex/ifxetex.sty
Package: ifxetex 2010/09/12 v0.6 Provides ifxetex conditional
)
\Gm@cnth=\count105
\Gm@cntv=\count106
\c@Gm@tempcnt=\count107
\Gm@bindingoffset=\dimen118
\Gm@wd@mp=\dimen119
\Gm@odd@mp=\dimen120
\Gm@even@mp=\dimen121
\Gm@layoutwidth=\dimen122
\Gm@layoutheight=\dimen123
\Gm@layouthoffset=\dimen124
\Gm@layoutvoffset=\dimen125
\Gm@dimlist=\toks15
)
(/usr/local/texlive/2018/texmf-dist/tex/latex/base/size11.clo
File: size11.clo 2018/09/03 v1.4i Standard LaTeX file (size option)
)
(/usr/local/texlive/2018/texmf-dist/tex/latex/pgf/basiclayer/pgfcore.sty
(/usr/local/texlive/2018/texmf-dist/tex/latex/graphics/graphicx.sty
Package: graphicx 2017/06/01 v1.1a Enhanced LaTeX Graphics (DPC,SPQR)

(/usr/local/texlive/2018/texmf-dist/tex/latex/graphics/graphics.sty
Package: graphics 2017/06/25 v1.2c Standard LaTeX Graphics (DPC,SPQR)

(/usr/local/texlive/2018/texmf-dist/tex/latex/graphics/trig.sty
Package: trig 2016/01/03 v1.10 sin cos tan (DPC)
)
(/usr/local/texlive/2018/texmf-dist/tex/latex/graphics-cfg/graphics.cfg
File: graphics.cfg 2016/06/04 v1.11 sample graphics configuration
)
Package graphics Info: Driver file: pdftex.def on input line 99.

(/usr/local/texlive/2018/texmf-dist/tex/latex/graphics-def/pdftex.def
File: pdftex.def 2018/01/08 v1.0l Graphics/color driver for pdftex
))
\Gin@req@height=\dimen126
\Gin@req@width=\dimen127
)
(/usr/local/texlive/2018/texmf-dist/tex/latex/pgf/systemlayer/pgfsys.sty
(/usr/local/texlive/2018/texmf-dist/tex/latex/pgf/utilities/pgfrcs.sty
(/usr/local/texlive/2018/texmf-dist/tex/generic/pgf/utilities/pgfutil-common.te
x
\pgfutil@everybye=\toks16
\pgfutil@tempdima=\dimen128
\pgfutil@tempdimb=\dimen129

(/usr/local/texlive/2018/texmf-dist/tex/generic/pgf/utilities/pgfutil-common-li
sts.tex))
(/usr/local/texlive/2018/texmf-dist/tex/generic/pgf/utilities/pgfutil-latex.def
\pgfutil@abb=\box35
(/usr/local/texlive/2018/texmf-dist/tex/latex/ms/everyshi.sty
Package: everyshi 2001/05/15 v3.00 EveryShipout Package (MS)
))
(/usr/local/texlive/2018/texmf-dist/tex/generic/pgf/utilities/pgfrcs.code.tex
(/usr/local/texlive/2018/texmf-dist/tex/generic/pgf/pgf.revision.tex)
Package: pgfrcs 2019/02/02 v3.1.1 (3.1.1)
))
(/usr/local/texlive/2018/texmf-dist/tex/generic/pgf/systemlayer/pgfsys.code.tex
Package: pgfsys 2019/02/02 v3.1.1 (3.1.1)
(/usr/local/texlive/2018/texmf-dist/tex/generic/pgf/utilities/pgfkeys.code.tex
\pgfkeys@pathtoks=\toks17
\pgfkeys@temptoks=\toks18

(/usr/local/texlive/2018/texmf-dist/tex/generic/pgf/utilities/pgfkeysfiltered.c
ode.tex
\pgfkeys@tmptoks=\toks19
))
\pgf@x=\dimen130
\pgf@y=\dimen131
\pgf@xa=\dimen132
\pgf@ya=\dimen133
\pgf@xb=\dimen134
\pgf@yb=\dimen135
\pgf@xc=\dimen136
\pgf@yc=\dimen137
\w@pgf@writea=\write3
\r@pgf@reada=\read1
\c@pgf@counta=\count108
\c@pgf@countb=\count109
\c@pgf@countc=\count110
\c@pgf@countd=\count111
\t@pgf@toka=\toks20
\t@pgf@tokb=\toks21
\t@pgf@tokc=\toks22
\pgf@sys@id@count=\count112

(/usr/local/texlive/2018/texmf-dist/tex/generic/pgf/systemlayer/pgf.cfg
File: pgf.cfg 2019/02/02 v3.1.1 (3.1.1)
)
Driver file for pgf: pgfsys-pdftex.def

(/usr/local/texlive/2018/texmf-dist/tex/generic/pgf/systemlayer/pgfsys-pdftex.d
ef
File: pgfsys-pdftex.def 2019/02/02 v3.1.1 (3.1.1)

(/usr/local/texlive/2018/texmf-dist/tex/generic/pgf/systemlayer/pgfsys-common-p
df.def
File: pgfsys-common-pdf.def 2019/02/02 v3.1.1 (3.1.1)
)))
(/usr/local/texlive/2018/texmf-dist/tex/generic/pgf/systemlayer/pgfsyssoftpath.
code.tex
File: pgfsyssoftpath.code.tex 2019/02/02 v3.1.1 (3.1.1)
\pgfsyssoftpath@smallbuffer@items=\count113
\pgfsyssoftpath@bigbuffer@items=\count114
)
(/usr/local/texlive/2018/texmf-dist/tex/generic/pgf/systemlayer/pgfsysprotocol.
code.tex
File: pgfsysprotocol.code.tex 2019/02/02 v3.1.1 (3.1.1)
)) (/usr/local/texlive/2018/texmf-dist/tex/latex/xcolor/xcolor.sty
Package: xcolor 2016/05/11 v2.12 LaTeX color extensions (UK)

(/usr/local/texlive/2018/texmf-dist/tex/latex/graphics-cfg/color.cfg
File: color.cfg 2016/01/02 v1.6 sample color configuration
)
Package xcolor Info: Driver file: pdftex.def on input line 225.
Package xcolor Info: Model `cmy' substituted by `cmy0' on input line 1348.
Package xcolor Info: Model `hsb' substituted by `rgb' on input line 1352.
Package xcolor Info: Model `RGB' extended on input line 1364.
Package xcolor Info: Model `HTML' substituted by `rgb' on input line 1366.
Package xcolor Info: Model `Hsb' substituted by `hsb' on input line 1367.
Package xcolor Info: Model `tHsb' substituted by `hsb' on input line 1368.
Package xcolor Info: Model `HSB' substituted by `hsb' on input line 1369.
Package xcolor Info: Model `Gray' substituted by `gray' on input line 1370.
Package xcolor Info: Model `wave' substituted by `hsb' on input line 1371.
)
(/usr/local/texlive/2018/texmf-dist/tex/generic/pgf/basiclayer/pgfcore.code.tex
Package: pgfcore 2019/02/02 v3.1.1 (3.1.1)
(/usr/local/texlive/2018/texmf-dist/tex/generic/pgf/math/pgfmath.code.tex
(/usr/local/texlive/2018/texmf-dist/tex/generic/pgf/math/pgfmathcalc.code.tex
(/usr/local/texlive/2018/texmf-dist/tex/generic/pgf/math/pgfmathutil.code.tex)
(/usr/local/texlive/2018/texmf-dist/tex/generic/pgf/math/pgfmathparser.code.tex
\pgfmath@dimen=\dimen138
\pgfmath@count=\count115
\pgfmath@box=\box36
\pgfmath@toks=\toks23
\pgfmath@stack@operand=\toks24
\pgfmath@stack@operation=\toks25
)
(/usr/local/texlive/2018/texmf-dist/tex/generic/pgf/math/pgfmathfunctions.code.
tex
(/usr/local/texlive/2018/texmf-dist/tex/generic/pgf/math/pgfmathfunctions.basic
.code.tex)
(/usr/local/texlive/2018/texmf-dist/tex/generic/pgf/math/pgfmathfunctions.trigo
nometric.code.tex)
(/usr/local/texlive/2018/texmf-dist/tex/generic/pgf/math/pgfmathfunctions.rando
m.code.tex)
(/usr/local/texlive/2018/texmf-dist/tex/generic/pgf/math/pgfmathfunctions.compa
rison.code.tex)
(/usr/local/texlive/2018/texmf-dist/tex/generic/pgf/math/pgfmathfunctions.base.
code.tex)
(/usr/local/texlive/2018/texmf-dist/tex/generic/pgf/math/pgfmathfunctions.round
.code.tex)
(/usr/local/texlive/2018/texmf-dist/tex/generic/pgf/math/pgfmathfunctions.misc.
code.tex)
(/usr/local/texlive/2018/texmf-dist/tex/generic/pgf/math/pgfmathfunctions.integ
erarithmetics.code.tex)))
(/usr/local/texlive/2018/texmf-dist/tex/generic/pgf/math/pgfmathfloat.code.tex
\c@pgfmathroundto@lastzeros=\count116
))
(/usr/local/texlive/2018/texmf-dist/tex/generic/pgf/basiclayer/pgfcorepoints.co
de.tex
File: pgfcorepoints.code.tex 2019/02/02 v3.1.1 (3.1.1)
\pgf@picminx=\dimen139
\pgf@picmaxx=\dimen140
\pgf@picminy=\dimen141
\pgf@picmaxy=\dimen142
\pgf@pathminx=\dimen143
\pgf@pathmaxx=\dimen144
\pgf@pathminy=\dimen145
\pgf@pathmaxy=\dimen146
\pgf@xx=\dimen147
\pgf@xy=\dimen148
\pgf@yx=\dimen149
\pgf@yy=\dimen150
\pgf@zx=\dimen151
\pgf@zy=\dimen152
)
(/usr/local/texlive/2018/texmf-dist/tex/generic/pgf/basiclayer/pgfcorepathconst
ruct.code.tex
File: pgfcorepathconstruct.code.tex 2019/02/02 v3.1.1 (3.1.1)
\pgf@path@lastx=\dimen153
\pgf@path@lasty=\dimen154
)
(/usr/local/texlive/2018/texmf-dist/tex/generic/pgf/basiclayer/pgfcorepathusage
.code.tex
File: pgfcorepathusage.code.tex 2019/02/02 v3.1.1 (3.1.1)
\pgf@shorten@end@additional=\dimen155
\pgf@shorten@start@additional=\dimen156
)
(/usr/local/texlive/2018/texmf-dist/tex/generic/pgf/basiclayer/pgfcorescopes.co
de.tex
File: pgfcorescopes.code.tex 2019/02/02 v3.1.1 (3.1.1)
\pgfpic=\box37
\pgf@hbox=\box38
\pgf@layerbox@main=\box39
\pgf@picture@serial@count=\count117
)
(/usr/local/texlive/2018/texmf-dist/tex/generic/pgf/basiclayer/pgfcoregraphicst
ate.code.tex
File: pgfcoregraphicstate.code.tex 2019/02/02 v3.1.1 (3.1.1)
\pgflinewidth=\dimen157
)
(/usr/local/texlive/2018/texmf-dist/tex/generic/pgf/basiclayer/pgfcoretransform
ations.code.tex
File: pgfcoretransformations.code.tex 2019/02/02 v3.1.1 (3.1.1)
\pgf@pt@x=\dimen158
\pgf@pt@y=\dimen159
\pgf@pt@temp=\dimen160
)
(/usr/local/texlive/2018/texmf-dist/tex/generic/pgf/basiclayer/pgfcorequick.cod
e.tex
File: pgfcorequick.code.tex 2019/02/02 v3.1.1 (3.1.1)
)
(/usr/local/texlive/2018/texmf-dist/tex/generic/pgf/basiclayer/pgfcoreobjects.c
ode.tex
File: pgfcoreobjects.code.tex 2019/02/02 v3.1.1 (3.1.1)
)
(/usr/local/texlive/2018/texmf-dist/tex/generic/pgf/basiclayer/pgfcorepathproce
ssing.code.tex
File: pgfcorepathprocessing.code.tex 2019/02/02 v3.1.1 (3.1.1)
)
(/usr/local/texlive/2018/texmf-dist/tex/generic/pgf/basiclayer/pgfcorearrows.co
de.tex
File: pgfcorearrows.code.tex 2019/02/02 v3.1.1 (3.1.1)
\pgfarrowsep=\dimen161
)
(/usr/local/texlive/2018/texmf-dist/tex/generic/pgf/basiclayer/pgfcoreshade.cod
e.tex
File: pgfcoreshade.code.tex 2019/02/02 v3.1.1 (3.1.1)
\pgf@max=\dimen162
\pgf@sys@shading@range@num=\count118
)
(/usr/local/texlive/2018/texmf-dist/tex/generic/pgf/basiclayer/pgfcoreimage.cod
e.tex
File: pgfcoreimage.code.tex 2019/02/02 v3.1.1 (3.1.1)

(/usr/local/texlive/2018/texmf-dist/tex/generic/pgf/basiclayer/pgfcoreexternal.
code.tex
File: pgfcoreexternal.code.tex 2019/02/02 v3.1.1 (3.1.1)
\pgfexternal@startupbox=\box40
))
(/usr/local/texlive/2018/texmf-dist/tex/generic/pgf/basiclayer/pgfcorelayers.co
de.tex
File: pgfcorelayers.code.tex 2019/02/02 v3.1.1 (3.1.1)
)
(/usr/local/texlive/2018/texmf-dist/tex/generic/pgf/basiclayer/pgfcoretranspare
ncy.code.tex
File: pgfcoretransparency.code.tex 2019/02/02 v3.1.1 (3.1.1)
)
(/usr/local/texlive/2018/texmf-dist/tex/generic/pgf/basiclayer/pgfcorepatterns.
code.tex
File: pgfcorepatterns.code.tex 2019/02/02 v3.1.1 (3.1.1)
)
(/usr/local/texlive/2018/texmf-dist/tex/generic/pgf/basiclayer/pgfcorerdf.code.
tex
File: pgfcorerdf.code.tex 2019/02/02 v3.1.1 (3.1.1)
))) (/usr/local/texlive/2018/texmf-dist/tex/latex/pgf/utilities/xxcolor.sty
Package: xxcolor 2003/10/24 ver 0.1
\XC@nummixins=\count119
\XC@countmixins=\count120
) (/usr/local/texlive/2018/texmf-dist/tex/generic/oberdiek/atbegshi.sty
Package: atbegshi 2016/06/09 v1.18 At begin shipout hook (HO)

(/usr/local/texlive/2018/texmf-dist/tex/generic/oberdiek/infwarerr.sty
Package: infwarerr 2016/05/16 v1.4 Providing info/warning/error messages (HO)
)
(/usr/local/texlive/2018/texmf-dist/tex/generic/oberdiek/ltxcmds.sty
Package: ltxcmds 2016/05/16 v1.23 LaTeX kernel commands for general use (HO)
))
(/usr/local/texlive/2018/texmf-dist/tex/latex/hyperref/hyperref.sty
Package: hyperref 2018/11/30 v6.88e Hypertext links for LaTeX

(/usr/local/texlive/2018/texmf-dist/tex/generic/oberdiek/hobsub-hyperref.sty
Package: hobsub-hyperref 2016/05/16 v1.14 Bundle oberdiek, subset hyperref (HO)


(/usr/local/texlive/2018/texmf-dist/tex/generic/oberdiek/hobsub-generic.sty
Package: hobsub-generic 2016/05/16 v1.14 Bundle oberdiek, subset generic (HO)
Package: hobsub 2016/05/16 v1.14 Construct package bundles (HO)
Package hobsub Info: Skipping package `infwarerr' (already loaded).
Package hobsub Info: Skipping package `ltxcmds' (already loaded).
Package: ifluatex 2016/05/16 v1.4 Provides the ifluatex switch (HO)
Package ifluatex Info: LuaTeX not detected.
Package hobsub Info: Skipping package `ifvtex' (already loaded).
Package: intcalc 2016/05/16 v1.2 Expandable calculations with integers (HO)
Package hobsub Info: Skipping package `ifpdf' (already loaded).
Package: etexcmds 2016/05/16 v1.6 Avoid name clashes with e-TeX commands (HO)
Package etexcmds Info: Could not find \expanded.
(etexcmds)             That can mean that you are not using pdfTeX 1.50 or
(etexcmds)             that some package has redefined \expanded.
(etexcmds)             In the latter case, load this package earlier.
Package: kvsetkeys 2016/05/16 v1.17 Key value parser (HO)
Package: kvdefinekeys 2016/05/16 v1.4 Define keys (HO)
Package: pdftexcmds 2018/09/10 v0.29 Utility functions of pdfTeX for LuaTeX (HO
)
Package pdftexcmds Info: LuaTeX not detected.
Package pdftexcmds Info: \pdf@primitive is available.
Package pdftexcmds Info: \pdf@ifprimitive is available.
Package pdftexcmds Info: \pdfdraftmode found.
Package: pdfescape 2016/05/16 v1.14 Implements pdfTeX's escape features (HO)
Package: bigintcalc 2016/05/16 v1.4 Expandable calculations on big integers (HO
)
Package: bitset 2016/05/16 v1.2 Handle bit-vector datatype (HO)
Package: uniquecounter 2016/05/16 v1.3 Provide unlimited unique counter (HO)
)
Package hobsub Info: Skipping package `hobsub' (already loaded).
Package: letltxmacro 2016/05/16 v1.5 Let assignment for LaTeX macros (HO)
Package: hopatch 2016/05/16 v1.3 Wrapper for package hooks (HO)
Package: xcolor-patch 2016/05/16 xcolor patch
Package: atveryend 2016/05/16 v1.9 Hooks at the very end of document (HO)
Package hobsub Info: Skipping package `atbegshi' (already loaded).
Package: refcount 2016/05/16 v3.5 Data extraction from label references (HO)
Package: hycolor 2016/05/16 v1.8 Color options for hyperref/bookmark (HO)
)
(/usr/local/texlive/2018/texmf-dist/tex/latex/oberdiek/auxhook.sty
Package: auxhook 2016/05/16 v1.4 Hooks for auxiliary files (HO)
)
(/usr/local/texlive/2018/texmf-dist/tex/latex/oberdiek/kvoptions.sty
Package: kvoptions 2016/05/16 v3.12 Key value format for package options (HO)
)
\@linkdim=\dimen163
\Hy@linkcounter=\count121
\Hy@pagecounter=\count122

(/usr/local/texlive/2018/texmf-dist/tex/latex/hyperref/pd1enc.def
File: pd1enc.def 2018/11/30 v6.88e Hyperref: PDFDocEncoding definition (HO)
Now handling font encoding PD1 ...
... no UTF-8 mapping file for font encoding PD1
)
\Hy@SavedSpaceFactor=\count123

(/usr/local/texlive/2018/texmf-dist/tex/latex/latexconfig/hyperref.cfg
File: hyperref.cfg 2002/06/06 v1.2 hyperref configuration of TeXLive
)
Package hyperref Info: Option `bookmarks' set `true' on input line 4393.
Package hyperref Info: Option `bookmarksopen' set `true' on input line 4393.
Package hyperref Info: Option `implicit' set `false' on input line 4393.
Package hyperref Info: Hyper figures OFF on input line 4519.
Package hyperref Info: Link nesting OFF on input line 4524.
Package hyperref Info: Hyper index ON on input line 4527.
Package hyperref Info: Plain pages OFF on input line 4534.
Package hyperref Info: Backreferencing OFF on input line 4539.
Package hyperref Info: Implicit mode OFF; no redefinition of LaTeX internals.
Package hyperref Info: Bookmarks ON on input line 4772.
\c@Hy@tempcnt=\count124

(/usr/local/texlive/2018/texmf-dist/tex/latex/url/url.sty
\Urlmuskip=\muskip10
Package: url 2013/09/16  ver 3.4  Verb mode for urls, etc.
)
LaTeX Info: Redefining \url on input line 5125.
\XeTeXLinkMargin=\dimen164
\Fld@menulength=\count125
\Field@Width=\dimen165
\Fld@charsize=\dimen166
Package hyperref Info: Hyper figures OFF on input line 6380.
Package hyperref Info: Link nesting OFF on input line 6385.
Package hyperref Info: Hyper index ON on input line 6388.
Package hyperref Info: backreferencing OFF on input line 6395.
Package hyperref Info: Link coloring OFF on input line 6400.
Package hyperref Info: Link coloring with OCG OFF on input line 6405.
Package hyperref Info: PDF/A mode OFF on input line 6410.
LaTeX Info: Redefining \ref on input line 6450.
LaTeX Info: Redefining \pageref on input line 6454.
\Hy@abspage=\count126


Package hyperref Message: Stopped early.

)
Package hyperref Info: Driver (autodetected): hpdftex.
 (/usr/local/texlive/2018/texmf-dist/tex/latex/hyperref/hpdftex.def
File: hpdftex.def 2018/11/30 v6.88e Hyperref driver for pdfTeX
\Fld@listcount=\count127
\c@bookmark@seq@number=\count128

(/usr/local/texlive/2018/texmf-dist/tex/latex/oberdiek/rerunfilecheck.sty
Package: rerunfilecheck 2016/05/16 v1.8 Rerun checks for auxiliary files (HO)
Package uniquecounter Info: New unique counter `rerunfilecheck' on input line 2
82.
))
(/usr/local/texlive/2018/texmf-dist/tex/latex/beamer/beamerbaserequires.sty
(/usr/local/texlive/2018/texmf-dist/tex/latex/beamer/beamerbasecompatibility.st
y) (/usr/local/texlive/2018/texmf-dist/tex/latex/beamer/beamerbasefont.sty
(/usr/local/texlive/2018/texmf-dist/tex/latex/amsfonts/amssymb.sty
Package: amssymb 2013/01/14 v3.01 AMS font symbols

(/usr/local/texlive/2018/texmf-dist/tex/latex/amsfonts/amsfonts.sty
Package: amsfonts 2013/01/14 v3.01 Basic AMSFonts support
\@emptytoks=\toks26
\symAMSa=\mathgroup4
\symAMSb=\mathgroup5
LaTeX Font Info:    Overwriting math alphabet `\mathfrak' in version `bold'
(Font)                  U/euf/m/n --> U/euf/b/n on input line 106.
))
(/usr/local/texlive/2018/texmf-dist/tex/latex/sansmathaccent/sansmathaccent.sty
Package: sansmathaccent 2013/03/28
(/usr/local/texlive/2018/texmf-dist/tex/latex/filehook/filehook.sty
Package: filehook 2011/10/12 v0.5d Hooks for input files
)))
(/usr/local/texlive/2018/texmf-dist/tex/latex/beamer/beamerbasetranslator.sty
(/usr/local/texlive/2018/texmf-dist/tex/latex/translator/translator.sty
Package: translator 2018/01/04 v1.12 Easy translation of strings in LaTeX
))
(/usr/local/texlive/2018/texmf-dist/tex/latex/beamer/beamerbasemisc.sty)
(/usr/local/texlive/2018/texmf-dist/tex/latex/beamer/beamerbasetwoscreens.sty)
(/usr/local/texlive/2018/texmf-dist/tex/latex/beamer/beamerbaseoverlay.sty
\beamer@argscount=\count129
\beamer@lastskipcover=\skip44
\beamer@trivlistdepth=\count130
)
(/usr/local/texlive/2018/texmf-dist/tex/latex/beamer/beamerbasetitle.sty)
(/usr/local/texlive/2018/texmf-dist/tex/latex/beamer/beamerbasesection.sty
\c@lecture=\count131
\c@part=\count132
\c@section=\count133
\c@subsection=\count134
\c@subsubsection=\count135
)
(/usr/local/texlive/2018/texmf-dist/tex/latex/beamer/beamerbaseframe.sty
\beamer@framebox=\box41
\beamer@frametitlebox=\box42
\beamer@zoombox=\box43
\beamer@zoomcount=\count136
\beamer@zoomframecount=\count137
\beamer@frametextheight=\dimen167
\c@subsectionslide=\count138
\beamer@frametopskip=\skip45
\beamer@framebottomskip=\skip46
\beamer@frametopskipautobreak=\skip47
\beamer@framebottomskipautobreak=\skip48
\beamer@envbody=\toks27
\framewidth=\dimen168
\c@framenumber=\count139
)
(/usr/local/texlive/2018/texmf-dist/tex/latex/beamer/beamerbaseverbatim.sty
\beamer@verbatimfileout=\write4
)
(/usr/local/texlive/2018/texmf-dist/tex/latex/beamer/beamerbaseframesize.sty
\beamer@splitbox=\box44
\beamer@autobreakcount=\count140
\beamer@autobreaklastheight=\dimen169
\beamer@frametitletoks=\toks28
\beamer@framesubtitletoks=\toks29
)
(/usr/local/texlive/2018/texmf-dist/tex/latex/beamer/beamerbaseframecomponents.
sty
\beamer@footins=\box45
) (/usr/local/texlive/2018/texmf-dist/tex/latex/beamer/beamerbasecolor.sty)
(/usr/local/texlive/2018/texmf-dist/tex/latex/beamer/beamerbasenotes.sty
\beamer@frameboxcopy=\box46
)
(/usr/local/texlive/2018/texmf-dist/tex/latex/beamer/beamerbasetoc.sty)
(/usr/local/texlive/2018/texmf-dist/tex/latex/beamer/beamerbasetemplates.sty
\beamer@sbttoks=\toks30

(/usr/local/texlive/2018/texmf-dist/tex/latex/beamer/beamerbaseauxtemplates.sty
(/usr/local/texlive/2018/texmf-dist/tex/latex/beamer/beamerbaseboxes.sty
\bmb@box=\box47
\bmb@colorbox=\box48
\bmb@boxshadow=\box49
\bmb@boxshadowball=\box50
\bmb@boxshadowballlarge=\box51
\bmb@temp=\dimen170
\bmb@dima=\dimen171
\bmb@dimb=\dimen172
\bmb@prevheight=\dimen173
)
\beamer@blockheadheight=\dimen174
))
(/usr/local/texlive/2018/texmf-dist/tex/latex/beamer/beamerbaselocalstructure.s
ty (/usr/local/texlive/2018/texmf-dist/tex/latex/tools/enumerate.sty
Package: enumerate 2015/07/23 v3.00 enumerate extensions (DPC)
\@enLab=\toks31
)
\c@figure=\count141
\c@table=\count142
\abovecaptionskip=\skip49
\belowcaptionskip=\skip50
)
(/usr/local/texlive/2018/texmf-dist/tex/latex/beamer/beamerbasenavigation.sty
\beamer@section@min@dim=\dimen175
)
(/usr/local/texlive/2018/texmf-dist/tex/latex/beamer/beamerbasetheorems.sty
(/usr/local/texlive/2018/texmf-dist/tex/latex/amsmath/amsmath.sty
Package: amsmath 2018/12/01 v2.17b AMS math features
\@mathmargin=\skip51

For additional information on amsmath, use the `?' option.
(/usr/local/texlive/2018/texmf-dist/tex/latex/amsmath/amstext.sty
Package: amstext 2000/06/29 v2.01 AMS text

(/usr/local/texlive/2018/texmf-dist/tex/latex/amsmath/amsgen.sty
File: amsgen.sty 1999/11/30 v2.0 generic functions
\@emptytoks=\toks32
\ex@=\dimen176
))
(/usr/local/texlive/2018/texmf-dist/tex/latex/amsmath/amsbsy.sty
Package: amsbsy 1999/11/29 v1.2d Bold Symbols
\pmbraise@=\dimen177
)
(/usr/local/texlive/2018/texmf-dist/tex/latex/amsmath/amsopn.sty
Package: amsopn 2016/03/08 v2.02 operator names
)
\inf@bad=\count143
LaTeX Info: Redefining \frac on input line 223.
\uproot@=\count144
\leftroot@=\count145
LaTeX Info: Redefining \overline on input line 385.
\classnum@=\count146
\DOTSCASE@=\count147
LaTeX Info: Redefining \ldots on input line 482.
LaTeX Info: Redefining \dots on input line 485.
LaTeX Info: Redefining \cdots on input line 606.
\Mathstrutbox@=\box52
\strutbox@=\box53
\big@size=\dimen178
LaTeX Font Info:    Redeclaring font encoding OML on input line 729.
LaTeX Font Info:    Redeclaring font encoding OMS on input line 730.
\macc@depth=\count148
\c@MaxMatrixCols=\count149
\dotsspace@=\muskip11
\c@parentequation=\count150
\dspbrk@lvl=\count151
\tag@help=\toks33
\row@=\count152
\column@=\count153
\maxfields@=\count154
\andhelp@=\toks34
\eqnshift@=\dimen179
\alignsep@=\dimen180
\tagshift@=\dimen181
\tagwidth@=\dimen182
\totwidth@=\dimen183
\lineht@=\dimen184
\@envbody=\toks35
\multlinegap=\skip52
\multlinetaggap=\skip53
\mathdisplay@stack=\toks36
LaTeX Info: Redefining \[ on input line 2844.
LaTeX Info: Redefining \] on input line 2845.
)
(/usr/local/texlive/2018/texmf-dist/tex/latex/amscls/amsthm.sty
Package: amsthm 2017/10/31 v2.20.4
\thm@style=\toks37
\thm@bodyfont=\toks38
\thm@headfont=\toks39
\thm@notefont=\toks40
\thm@headpunct=\toks41
\thm@preskip=\skip54
\thm@postskip=\skip55
\thm@headsep=\skip56
\dth@everypar=\toks42
)
\c@theorem=\count155
)
(/usr/local/texlive/2018/texmf-dist/tex/latex/beamer/beamerbasethemes.sty))
(/usr/local/texlive/2018/texmf-dist/tex/latex/beamer/beamerthemedefault.sty
(/usr/local/texlive/2018/texmf-dist/tex/latex/beamer/beamerfontthemedefault.sty
)
(/usr/local/texlive/2018/texmf-dist/tex/latex/beamer/beamercolorthemedefault.st
y)
(/usr/local/texlive/2018/texmf-dist/tex/latex/beamer/beamerinnerthemedefault.st
y
\beamer@dima=\dimen185
\beamer@dimb=\dimen186
)
(/usr/local/texlive/2018/texmf-dist/tex/latex/beamer/beamerouterthemedefault.st
y))) (/usr/local/texlive/2018/texmf-dist/tex/latex/etex-pkg/etex.sty
Package: etex 2016/08/01 v2.7 eTeX basic definition package (PEB,DPC)
\et@xins=\count156
)
(./slidespreamble.tex
(/Users/pmagwene/Library/texmf/tex/latex/beamer-theme-collection/beamerinnerthe
mechamfered.sty
(/usr/local/texlive/2018/texmf-dist/tex/latex/pgf/frontendlayer/tikz.sty
(/usr/local/texlive/2018/texmf-dist/tex/latex/pgf/basiclayer/pgf.sty
Package: pgf 2019/02/02 v3.1.1 (3.1.1)

(/usr/local/texlive/2018/texmf-dist/tex/generic/pgf/modules/pgfmoduleshapes.cod
e.tex
File: pgfmoduleshapes.code.tex 2019/02/02 v3.1.1 (3.1.1)
\pgfnodeparttextbox=\box54
)
(/usr/local/texlive/2018/texmf-dist/tex/generic/pgf/modules/pgfmoduleplot.code.
tex
File: pgfmoduleplot.code.tex 2019/02/02 v3.1.1 (3.1.1)
)
(/usr/local/texlive/2018/texmf-dist/tex/latex/pgf/compatibility/pgfcomp-version
-0-65.sty
Package: pgfcomp-version-0-65 2019/02/02 v3.1.1 (3.1.1)
Normal \dimen register pool exhausted, switching to extended pool.
\pgf@nodesepstart=\dimen256
\pgf@nodesepend=\dimen257
)
(/usr/local/texlive/2018/texmf-dist/tex/latex/pgf/compatibility/pgfcomp-version
-1-18.sty
Package: pgfcomp-version-1-18 2019/02/02 v3.1.1 (3.1.1)
))
(/usr/local/texlive/2018/texmf-dist/tex/latex/pgf/utilities/pgffor.sty
(/usr/local/texlive/2018/texmf-dist/tex/latex/pgf/utilities/pgfkeys.sty
(/usr/local/texlive/2018/texmf-dist/tex/generic/pgf/utilities/pgfkeys.code.tex)
) (/usr/local/texlive/2018/texmf-dist/tex/latex/pgf/math/pgfmath.sty
(/usr/local/texlive/2018/texmf-dist/tex/generic/pgf/math/pgfmath.code.tex))
(/usr/local/texlive/2018/texmf-dist/tex/generic/pgf/utilities/pgffor.code.tex
Package: pgffor 2019/02/02 v3.1.1 (3.1.1)

(/usr/local/texlive/2018/texmf-dist/tex/generic/pgf/math/pgfmath.code.tex)
\pgffor@iter=\dimen258
\pgffor@skip=\dimen259
\pgffor@stack=\toks43
\pgffor@toks=\toks44
))
(/usr/local/texlive/2018/texmf-dist/tex/generic/pgf/frontendlayer/tikz/tikz.cod
e.tex
Package: tikz 2019/02/02 v3.1.1 (3.1.1)

(/usr/local/texlive/2018/texmf-dist/tex/generic/pgf/libraries/pgflibraryplothan
dlers.code.tex
File: pgflibraryplothandlers.code.tex 2019/02/02 v3.1.1 (3.1.1)
\pgf@plot@mark@count=\count157
\pgfplotmarksize=\dimen260
)
\tikz@lastx=\dimen261
\tikz@lasty=\dimen262
\tikz@lastxsaved=\dimen263
\tikz@lastysaved=\dimen264
\tikzleveldistance=\dimen265
\tikzsiblingdistance=\dimen266
\tikz@figbox=\box55
\tikz@figbox@bg=\box56
\tikz@tempbox=\box57
\tikz@tempbox@bg=\box58
\tikztreelevel=\count158
\tikznumberofchildren=\count159
\tikznumberofcurrentchild=\count160
\tikz@fig@count=\count161

(/usr/local/texlive/2018/texmf-dist/tex/generic/pgf/modules/pgfmodulematrix.cod
e.tex
File: pgfmodulematrix.code.tex 2019/02/02 v3.1.1 (3.1.1)
\pgfmatrixcurrentrow=\count162
\pgfmatrixcurrentcolumn=\count163
\pgf@matrix@numberofcolumns=\count164
)
\tikz@expandcount=\count165

(/usr/local/texlive/2018/texmf-dist/tex/generic/pgf/frontendlayer/tikz/librarie
s/tikzlibrarytopaths.code.tex
File: tikzlibrarytopaths.code.tex 2019/02/02 v3.1.1 (3.1.1)
)))
(/usr/local/texlive/2018/texmf-dist/tex/latex/mathtools/mathtools.sty
Package: mathtools 2018/01/08 v1.21 mathematical typesetting tools

(/usr/local/texlive/2018/texmf-dist/tex/latex/tools/calc.sty
Package: calc 2017/05/25 v4.3 Infix arithmetic (KKT,FJ)
\calc@Acount=\count166
\calc@Bcount=\count167
\calc@Adimen=\dimen267
\calc@Bdimen=\dimen268
\calc@Askip=\skip57
\calc@Bskip=\skip58
LaTeX Info: Redefining \setlength on input line 80.
LaTeX Info: Redefining \addtolength on input line 81.
\calc@Ccount=\count168
\calc@Cskip=\skip59
)
(/usr/local/texlive/2018/texmf-dist/tex/latex/mathtools/mhsetup.sty
Package: mhsetup 2017/03/31 v1.3 programming setup (MH)
)
LaTeX Info: Thecontrolsequence`\('isalreadyrobust on input line 129.
LaTeX Info: Thecontrolsequence`\)'isalreadyrobust on input line 129.
LaTeX Info: Thecontrolsequence`\['isalreadyrobust on input line 129.
LaTeX Info: Thecontrolsequence`\]'isalreadyrobust on input line 129.
\g_MT_multlinerow_int=\count169
\l_MT_multwidth_dim=\dimen269
\origjot=\skip60
\l_MT_shortvdotswithinadjustabove_dim=\dimen270
\l_MT_shortvdotswithinadjustbelow_dim=\dimen271
\l_MT_above_intertext_sep=\dimen272
\l_MT_below_intertext_sep=\dimen273
\l_MT_above_shortintertext_sep=\dimen274
\l_MT_below_shortintertext_sep=\dimen275
)
\bmb@corners=\dimen276
\bmb@padding=\dimen277
\bmb@headheight=\dimen278
\bmb@headdepth=\dimen279
\bmb@bodyheight=\dimen280
\bmb@bodydepth=\dimen281
\bmb@headbodyseperation=\dimen282
\tmpa=\skip61
\bmb@headbox=\box59
\bmb@bodybox=\box60
)
(/usr/local/texlive/2018/texmf-dist/tex/latex/beamer/beamercolorthemebeaver.sty
)
(/usr/local/texlive/2018/texmf-dist/tex/latex/beamer/beamerfontthemeprofessiona
lfonts.sty) (/Users/pmagwene/Library/texmf/tex/latex/lucimatx/lucimatx.sty
Package: lucimatx 2005/11/28 1.0.1Lucida Bright/New Math font support (PCTeX In
c)
Package lucimatx Info: Scaling Lucida fonts to 0.85 on input line 109.

(/usr/local/texlive/2018/texmf-dist/tex/latex/base/fontenc.sty
Package: fontenc 2018/08/11 v2.0j Standard LaTeX package

(/usr/local/texlive/2018/texmf-dist/tex/latex/base/t1enc.def
File: t1enc.def 2018/08/11 v2.0j Standard LaTeX file
LaTeX Font Info:    Redeclaring font encoding T1 on input line 48.
)
LaTeX Font Info:    Try loading font information for T1+hlcn on input line 105.


(/Users/pmagwene/Library/texmf/tex/latex/lucida/t1hlcn.fd
File: t1hlcn.fd 2005/09/15 font definitions for T1/hlcn.
)
LaTeX Font Info:    Font shape `T1/hlcn/m/n' will be
(Font)              scaled to size 9.30756pt on input line 105.
)
(/usr/local/texlive/2018/texmf-dist/tex/latex/base/textcomp.sty
Package: textcomp 2018/08/11 v2.0j Standard LaTeX package
Package textcomp Info: Sub-encoding information:
(textcomp)               5 = only ISO-Adobe without \textcurrency
(textcomp)               4 = 5 + \texteuro
(textcomp)               3 = 4 + \textohm
(textcomp)               2 = 3 + \textestimated + \textcurrency
(textcomp)               1 = TS1 - \textcircled - \t
(textcomp)               0 = TS1 (full)
(textcomp)             Font families with sub-encoding setting implement
(textcomp)             only a restricted character set as indicated.
(textcomp)             Family '?' is the default used for unknown fonts.
(textcomp)             See the documentation for details.
Package textcomp Info: Setting ? sub-encoding to TS1/1 on input line 79.

(/usr/local/texlive/2018/texmf-dist/tex/latex/base/ts1enc.def
File: ts1enc.def 2001/06/05 v3.0e (jk/car/fm) Standard LaTeX file
Now handling font encoding TS1 ...
... processing UTF-8 mapping file for font encoding TS1

(/usr/local/texlive/2018/texmf-dist/tex/latex/base/ts1enc.dfu
File: ts1enc.dfu 2018/10/05 v1.2f UTF-8 support for inputenc
   defining Unicode char U+00A2 (decimal 162)
   defining Unicode char U+00A3 (decimal 163)
   defining Unicode char U+00A4 (decimal 164)
   defining Unicode char U+00A5 (decimal 165)
   defining Unicode char U+00A6 (decimal 166)
   defining Unicode char U+00A7 (decimal 167)
   defining Unicode char U+00A8 (decimal 168)
   defining Unicode char U+00A9 (decimal 169)
   defining Unicode char U+00AA (decimal 170)
   defining Unicode char U+00AC (decimal 172)
   defining Unicode char U+00AE (decimal 174)
   defining Unicode char U+00AF (decimal 175)
   defining Unicode char U+00B0 (decimal 176)
   defining Unicode char U+00B1 (decimal 177)
   defining Unicode char U+00B2 (decimal 178)
   defining Unicode char U+00B3 (decimal 179)
   defining Unicode char U+00B4 (decimal 180)
   defining Unicode char U+00B5 (decimal 181)
   defining Unicode char U+00B6 (decimal 182)
   defining Unicode char U+00B7 (decimal 183)
   defining Unicode char U+00B9 (decimal 185)
   defining Unicode char U+00BA (decimal 186)
   defining Unicode char U+00BC (decimal 188)
   defining Unicode char U+00BD (decimal 189)
   defining Unicode char U+00BE (decimal 190)
   defining Unicode char U+00D7 (decimal 215)
   defining Unicode char U+00F7 (decimal 247)
   defining Unicode char U+0192 (decimal 402)
   defining Unicode char U+02C7 (decimal 711)
   defining Unicode char U+02D8 (decimal 728)
   defining Unicode char U+02DD (decimal 733)
   defining Unicode char U+0E3F (decimal 3647)
   defining Unicode char U+2016 (decimal 8214)
   defining Unicode char U+2020 (decimal 8224)
   defining Unicode char U+2021 (decimal 8225)
   defining Unicode char U+2022 (decimal 8226)
   defining Unicode char U+2030 (decimal 8240)
   defining Unicode char U+2031 (decimal 8241)
   defining Unicode char U+203B (decimal 8251)
   defining Unicode char U+203D (decimal 8253)
   defining Unicode char U+2044 (decimal 8260)
   defining Unicode char U+204E (decimal 8270)
   defining Unicode char U+2052 (decimal 8274)
   defining Unicode char U+20A1 (decimal 8353)
   defining Unicode char U+20A4 (decimal 8356)
   defining Unicode char U+20A6 (decimal 8358)
   defining Unicode char U+20A9 (decimal 8361)
   defining Unicode char U+20AB (decimal 8363)
   defining Unicode char U+20AC (decimal 8364)
   defining Unicode char U+20B1 (decimal 8369)
   defining Unicode char U+2103 (decimal 8451)
   defining Unicode char U+2116 (decimal 8470)
   defining Unicode char U+2117 (decimal 8471)
   defining Unicode char U+211E (decimal 8478)
   defining Unicode char U+2120 (decimal 8480)
   defining Unicode char U+2122 (decimal 8482)
   defining Unicode char U+2126 (decimal 8486)
   defining Unicode char U+2127 (decimal 8487)
   defining Unicode char U+212E (decimal 8494)
   defining Unicode char U+2190 (decimal 8592)
   defining Unicode char U+2191 (decimal 8593)
   defining Unicode char U+2192 (decimal 8594)
   defining Unicode char U+2193 (decimal 8595)
   defining Unicode char U+2329 (decimal 9001)
   defining Unicode char U+232A (decimal 9002)
   defining Unicode char U+2422 (decimal 9250)
   defining Unicode char U+25E6 (decimal 9702)
   defining Unicode char U+25EF (decimal 9711)
   defining Unicode char U+266A (decimal 9834)
   defining Unicode char U+FEFF (decimal 65279)
))
LaTeX Info: Redefining \oldstylenums on input line 334.
Package textcomp Info: Setting cmr sub-encoding to TS1/0 on input line 349.
Package textcomp Info: Setting cmss sub-encoding to TS1/0 on input line 350.
Package textcomp Info: Setting cmtt sub-encoding to TS1/0 on input line 351.
Package textcomp Info: Setting cmvtt sub-encoding to TS1/0 on input line 352.
Package textcomp Info: Setting cmbr sub-encoding to TS1/0 on input line 353.
Package textcomp Info: Setting cmtl sub-encoding to TS1/0 on input line 354.
Package textcomp Info: Setting ccr sub-encoding to TS1/0 on input line 355.
Package textcomp Info: Setting ptm sub-encoding to TS1/4 on input line 356.
Package textcomp Info: Setting pcr sub-encoding to TS1/4 on input line 357.
Package textcomp Info: Setting phv sub-encoding to TS1/4 on input line 358.
Package textcomp Info: Setting ppl sub-encoding to TS1/3 on input line 359.
Package textcomp Info: Setting pag sub-encoding to TS1/4 on input line 360.
Package textcomp Info: Setting pbk sub-encoding to TS1/4 on input line 361.
Package textcomp Info: Setting pnc sub-encoding to TS1/4 on input line 362.
Package textcomp Info: Setting pzc sub-encoding to TS1/4 on input line 363.
Package textcomp Info: Setting bch sub-encoding to TS1/4 on input line 364.
Package textcomp Info: Setting put sub-encoding to TS1/5 on input line 365.
Package textcomp Info: Setting uag sub-encoding to TS1/5 on input line 366.
Package textcomp Info: Setting ugq sub-encoding to TS1/5 on input line 367.
Package textcomp Info: Setting ul8 sub-encoding to TS1/4 on input line 368.
Package textcomp Info: Setting ul9 sub-encoding to TS1/4 on input line 369.
Package textcomp Info: Setting augie sub-encoding to TS1/5 on input line 370.
Package textcomp Info: Setting dayrom sub-encoding to TS1/3 on input line 371.
Package textcomp Info: Setting dayroms sub-encoding to TS1/3 on input line 372.

Package textcomp Info: Setting pxr sub-encoding to TS1/0 on input line 373.
Package textcomp Info: Setting pxss sub-encoding to TS1/0 on input line 374.
Package textcomp Info: Setting pxtt sub-encoding to TS1/0 on input line 375.
Package textcomp Info: Setting txr sub-encoding to TS1/0 on input line 376.
Package textcomp Info: Setting txss sub-encoding to TS1/0 on input line 377.
Package textcomp Info: Setting txtt sub-encoding to TS1/0 on input line 378.
Package textcomp Info: Setting lmr sub-encoding to TS1/0 on input line 379.
Package textcomp Info: Setting lmdh sub-encoding to TS1/0 on input line 380.
Package textcomp Info: Setting lmss sub-encoding to TS1/0 on input line 381.
Package textcomp Info: Setting lmssq sub-encoding to TS1/0 on input line 382.
Package textcomp Info: Setting lmvtt sub-encoding to TS1/0 on input line 383.
Package textcomp Info: Setting lmtt sub-encoding to TS1/0 on input line 384.
Package textcomp Info: Setting qhv sub-encoding to TS1/0 on input line 385.
Package textcomp Info: Setting qag sub-encoding to TS1/0 on input line 386.
Package textcomp Info: Setting qbk sub-encoding to TS1/0 on input line 387.
Package textcomp Info: Setting qcr sub-encoding to TS1/0 on input line 388.
Package textcomp Info: Setting qcs sub-encoding to TS1/0 on input line 389.
Package textcomp Info: Setting qpl sub-encoding to TS1/0 on input line 390.
Package textcomp Info: Setting qtm sub-encoding to TS1/0 on input line 391.
Package textcomp Info: Setting qzc sub-encoding to TS1/0 on input line 392.
Package textcomp Info: Setting qhvc sub-encoding to TS1/0 on input line 393.
Package textcomp Info: Setting futs sub-encoding to TS1/4 on input line 394.
Package textcomp Info: Setting futx sub-encoding to TS1/4 on input line 395.
Package textcomp Info: Setting futj sub-encoding to TS1/4 on input line 396.
Package textcomp Info: Setting hlh sub-encoding to TS1/3 on input line 397.
Package textcomp Info: Setting hls sub-encoding to TS1/3 on input line 398.
Package textcomp Info: Setting hlst sub-encoding to TS1/3 on input line 399.
Package textcomp Info: Setting hlct sub-encoding to TS1/5 on input line 400.
Package textcomp Info: Setting hlx sub-encoding to TS1/5 on input line 401.
Package textcomp Info: Setting hlce sub-encoding to TS1/5 on input line 402.
Package textcomp Info: Setting hlcn sub-encoding to TS1/5 on input line 403.
Package textcomp Info: Setting hlcw sub-encoding to TS1/5 on input line 404.
Package textcomp Info: Setting hlcf sub-encoding to TS1/5 on input line 405.
Package textcomp Info: Setting pplx sub-encoding to TS1/3 on input line 406.
Package textcomp Info: Setting pplj sub-encoding to TS1/3 on input line 407.
Package textcomp Info: Setting ptmx sub-encoding to TS1/4 on input line 408.
Package textcomp Info: Setting ptmj sub-encoding to TS1/4 on input line 409.
)
Package lucimatx Info: Default font encoding changed to T1;
(lucimatx)             package `textcomp' loaded additionally on input line 184
.
Package textcomp Info: Changing hlh sub-encoding to TS1/1 on input line 193.
Package lucimatx Info: TeX math style on input line 231.
Now handling font encoding LMR ...
... no UTF-8 mapping file for font encoding LMR
LaTeX Font Info:    Redeclaring symbol font `letters' on input line 297.
LaTeX Font Info:    Overwriting symbol font `letters' in version `normal'
(Font)                  OML/cmm/m/it --> OML/hlcm/m/itx on input line 297.
LaTeX Font Info:    Overwriting symbol font `letters' in version `bold'
(Font)                  OML/cmm/b/it --> OML/hlcm/m/itx on input line 297.
\symupright=\mathgroup6
LaTeX Font Info:    Redeclaring symbol font `symbols' on input line 299.
LaTeX Font Info:    Overwriting symbol font `symbols' in version `normal'
(Font)                  OMS/cmsy/m/n --> OMS/hlcy/m/n on input line 299.
LaTeX Font Info:    Overwriting symbol font `symbols' in version `bold'
(Font)                  OMS/cmsy/b/n --> OMS/hlcy/m/n on input line 299.
LaTeX Font Info:    Redeclaring symbol font `largesymbols' on input line 300.
LaTeX Font Info:    Overwriting symbol font `largesymbols' in version `normal'
(Font)                  OMX/cmex/m/n --> OMX/hlcv/m/n on input line 300.
LaTeX Font Info:    Overwriting symbol font `largesymbols' in version `bold'
(Font)                  OMX/cmex/m/n --> OMX/hlcv/m/n on input line 300.
LaTeX Font Info:    Overwriting symbol font `letters' in version `bold'
(Font)                  OML/hlcm/m/itx --> OML/hlcm/b/itx on input line 301.
LaTeX Font Info:    Overwriting symbol font `upright' in version `bold'
(Font)                  OML/hlcm/m/n --> OML/hlcm/b/n on input line 302.
LaTeX Font Info:    Overwriting symbol font `symbols' in version `bold'
(Font)                  OMS/hlcy/m/n --> OMS/hlcy/b/n on input line 303.
\symarrows=\mathgroup7
LaTeX Font Info:    Overwriting symbol font `arrows' in version `bold'
(Font)                  LMR/hlcm/m/n --> LMR/hlcm/b/n on input line 305.
LaTeX Font Info:    Redeclaring symbol font `operators' on input line 306.
LaTeX Font Info:    Encoding `OT1' has changed to `T1' for symbol font
(Font)              `operators' in the math version `normal' on input line 306.

LaTeX Font Info:    Overwriting symbol font `operators' in version `normal'
(Font)                  OT1/cmr/m/n --> T1/hlcn/m/n on input line 306.
LaTeX Font Info:    Encoding `OT1' has changed to `T1' for symbol font
(Font)              `operators' in the math version `bold' on input line 306.
LaTeX Font Info:    Overwriting symbol font `operators' in version `bold'
(Font)                  OT1/cmr/bx/n --> T1/hlcn/m/n on input line 306.
LaTeX Font Info:    Overwriting symbol font `operators' in version `bold'
(Font)                  T1/hlcn/m/n --> T1/hlcn/b/n on input line 307.
LaTeX Font Info:    Redeclaring math alphabet \mathbf on input line 308.
LaTeX Font Info:    Overwriting math alphabet `\mathbf' in version `normal'
(Font)                  OT1/cmr/bx/n --> T1/hlcn/b/n on input line 308.
LaTeX Font Info:    Overwriting math alphabet `\mathbf' in version `bold'
(Font)                  OT1/cmr/bx/n --> T1/hlcn/b/n on input line 308.
LaTeX Font Info:    Redeclaring math alphabet \mathrm on input line 310.
LaTeX Font Info:    Redeclaring math alphabet \mathsf on input line 311.
LaTeX Font Info:    Overwriting math alphabet `\mathsf' in version `normal'
(Font)                  OT1/cmss/m/n --> T1/hls/m/n on input line 311.
LaTeX Font Info:    Overwriting math alphabet `\mathsf' in version `bold'
(Font)                  OT1/cmss/bx/n --> T1/hls/m/n on input line 311.
LaTeX Font Info:    Redeclaring math alphabet \mathit on input line 312.
LaTeX Font Info:    Overwriting math alphabet `\mathit' in version `normal'
(Font)                  OT1/cmr/m/it --> T1/hlcn/m/it on input line 312.
LaTeX Font Info:    Overwriting math alphabet `\mathit' in version `bold'
(Font)                  OT1/cmr/bx/it --> T1/hlcn/m/it on input line 312.
LaTeX Font Info:    Redeclaring math alphabet \mathtt on input line 313.
LaTeX Font Info:    Overwriting math alphabet `\mathtt' in version `normal'
(Font)                  OT1/cmtt/m/n --> T1/hlst/m/n on input line 313.
LaTeX Font Info:    Overwriting math alphabet `\mathtt' in version `bold'
(Font)                  OT1/cmtt/m/n --> T1/hlst/m/n on input line 313.
LaTeX Font Info:    Redeclaring math alphabet \mathfrak on input line 314.
LaTeX Font Info:    Overwriting math alphabet `\mathfrak' in version `normal'
(Font)                  U/euf/m/n --> T1/hlcf/m/n on input line 314.
LaTeX Font Info:    Overwriting math alphabet `\mathfrak' in version `bold'
(Font)                  U/euf/b/n --> T1/hlcf/m/n on input line 314.
LaTeX Font Info:    Overwriting math alphabet `\mathsf' in version `bold'
(Font)                  T1/hls/m/n --> T1/hls/b/n on input line 315.
LaTeX Font Info:    Overwriting math alphabet `\mathrm' in version `bold'
(Font)                  T1/hlcn/m/n --> T1/hlcn/b/n on input line 316.
LaTeX Font Info:    Overwriting math alphabet `\mathit' in version `bold'
(Font)                  T1/hlcn/m/it --> T1/hlcn/b/it on input line 317.
LaTeX Font Info:    Overwriting math alphabet `\mathtt' in version `bold'
(Font)                  T1/hlst/m/n --> T1/hlst/b/n on input line 318.
LaTeX Font Info:    Redeclaring math accent \acute on input line 335.
LaTeX Font Info:    Redeclaring math accent \grave on input line 336.
LaTeX Font Info:    Redeclaring math accent \ddot on input line 337.
LaTeX Font Info:    Redeclaring math accent \tilde on input line 338.
LaTeX Font Info:    Redeclaring math accent \bar on input line 339.
LaTeX Font Info:    Redeclaring math accent \breve on input line 340.
LaTeX Font Info:    Redeclaring math accent \check on input line 341.
LaTeX Font Info:    Redeclaring math accent \hat on input line 342.
LaTeX Font Info:    Redeclaring math accent \dot on input line 343.
LaTeX Font Info:    Redeclaring math accent \mathring on input line 344.
LaTeX Font Info:    Redeclaring math symbol \leftrightharpoons on input line 55
5.
LaTeX Font Info:    Redeclaring math symbol \boxdot on input line 571.
LaTeX Font Info:    Redeclaring math symbol \boxplus on input line 572.
LaTeX Font Info:    Redeclaring math symbol \boxtimes on input line 573.
LaTeX Font Info:    Redeclaring math symbol \square on input line 574.
LaTeX Font Info:    Redeclaring math symbol \blacksquare on input line 575.
LaTeX Font Info:    Redeclaring math symbol \centerdot on input line 576.
LaTeX Font Info:    Redeclaring math symbol \lozenge on input line 577.
LaTeX Font Info:    Redeclaring math symbol \blacklozenge on input line 578.
LaTeX Font Info:    Redeclaring math symbol \circlearrowright on input line 579
.
LaTeX Font Info:    Redeclaring math symbol \circlearrowleft on input line 580.

LaTeX Font Info:    Redeclaring math symbol \rightleftharpoons on input line 58
1.
LaTeX Font Info:    Redeclaring math symbol \leftrightharpoons on input line 58
2.
LaTeX Font Info:    Redeclaring math symbol \boxminus on input line 583.
LaTeX Font Info:    Redeclaring math symbol \Vdash on input line 584.
LaTeX Font Info:    Redeclaring math symbol \Vvdash on input line 585.
LaTeX Font Info:    Redeclaring math symbol \vDash on input line 586.
LaTeX Font Info:    Redeclaring math symbol \twoheadrightarrow on input line 58
7.
LaTeX Font Info:    Redeclaring math symbol \twoheadleftarrow on input line 588
.
LaTeX Font Info:    Redeclaring math symbol \leftleftarrows on input line 589.
LaTeX Font Info:    Redeclaring math symbol \rightrightarrows on input line 590
.
LaTeX Font Info:    Redeclaring math symbol \upuparrows on input line 591.
LaTeX Font Info:    Redeclaring math symbol \downdownarrows on input line 592.
LaTeX Font Info:    Redeclaring math symbol \upharpoonright on input line 593.
LaTeX Font Info:    Redeclaring math symbol \downharpoonright on input line 594
.
LaTeX Font Info:    Redeclaring math symbol \upharpoonleft on input line 595.
LaTeX Font Info:    Redeclaring math symbol \downharpoonleft on input line 596.

LaTeX Font Info:    Redeclaring math symbol \rightarrowtail on input line 597.
LaTeX Font Info:    Redeclaring math symbol \leftarrowtail on input line 598.
LaTeX Font Info:    Redeclaring math symbol \leftrightarrows on input line 599.

LaTeX Font Info:    Redeclaring math symbol \rightleftarrows on input line 600.

LaTeX Font Info:    Redeclaring math symbol \Lsh on input line 601.
LaTeX Font Info:    Redeclaring math symbol \Rsh on input line 602.
LaTeX Font Info:    Redeclaring math symbol \rightsquigarrow on input line 603.

LaTeX Font Info:    Redeclaring math symbol \leftrightsquigarrow on input line 
604.
LaTeX Font Info:    Redeclaring math symbol \looparrowleft on input line 605.
LaTeX Font Info:    Redeclaring math symbol \looparrowright on input line 606.
LaTeX Font Info:    Redeclaring math symbol \circeq on input line 607.
LaTeX Font Info:    Redeclaring math symbol \succsim on input line 608.
LaTeX Font Info:    Redeclaring math symbol \gtrsim on input line 609.
LaTeX Font Info:    Redeclaring math symbol \gtrapprox on input line 610.
LaTeX Font Info:    Redeclaring math symbol \multimap on input line 611.
LaTeX Font Info:    Redeclaring math symbol \therefore on input line 612.
LaTeX Font Info:    Redeclaring math symbol \because on input line 613.
LaTeX Font Info:    Redeclaring math symbol \doteqdot on input line 614.
LaTeX Font Info:    Redeclaring math symbol \triangleq on input line 615.
LaTeX Font Info:    Redeclaring math symbol \precsim on input line 616.
LaTeX Font Info:    Redeclaring math symbol \lesssim on input line 617.
LaTeX Font Info:    Redeclaring math symbol \lessapprox on input line 618.
LaTeX Font Info:    Redeclaring math symbol \eqslantless on input line 619.
LaTeX Font Info:    Redeclaring math symbol \eqslantgtr on input line 620.
LaTeX Font Info:    Redeclaring math symbol \curlyeqprec on input line 621.
LaTeX Font Info:    Redeclaring math symbol \curlyeqsucc on input line 622.
LaTeX Font Info:    Redeclaring math symbol \preccurlyeq on input line 623.
LaTeX Font Info:    Redeclaring math symbol \leqq on input line 624.
LaTeX Font Info:    Redeclaring math symbol \leqslant on input line 625.
LaTeX Font Info:    Redeclaring math symbol \lessgtr on input line 626.
LaTeX Font Info:    Redeclaring math symbol \backprime on input line 627.
LaTeX Font Info:    Redeclaring math symbol \risingdotseq on input line 628.
LaTeX Font Info:    Redeclaring math symbol \fallingdotseq on input line 629.
LaTeX Font Info:    Redeclaring math symbol \succcurlyeq on input line 630.
LaTeX Font Info:    Redeclaring math symbol \geqq on input line 631.
LaTeX Font Info:    Redeclaring math symbol \geqslant on input line 632.
LaTeX Font Info:    Redeclaring math symbol \gtrless on input line 633.
LaTeX Font Info:    Redeclaring math symbol \vartriangleright on input line 636
.
LaTeX Font Info:    Redeclaring math symbol \vartriangleleft on input line 637.

LaTeX Font Info:    Redeclaring math symbol \trianglerighteq on input line 638.

LaTeX Font Info:    Redeclaring math symbol \trianglelefteq on input line 639.
LaTeX Font Info:    Redeclaring math symbol \bigstar on input line 640.
LaTeX Font Info:    Redeclaring math symbol \between on input line 641.
LaTeX Font Info:    Redeclaring math symbol \blacktriangledown on input line 64
2.
LaTeX Font Info:    Redeclaring math symbol \blacktriangleright on input line 6
43.
LaTeX Font Info:    Redeclaring math symbol \blacktriangleleft on input line 64
4.
LaTeX Font Info:    Redeclaring math symbol \vartriangle on input line 645.
LaTeX Font Info:    Redeclaring math symbol \blacktriangle on input line 646.
LaTeX Font Info:    Redeclaring math symbol \triangledown on input line 647.
LaTeX Font Info:    Redeclaring math symbol \eqcirc on input line 648.
LaTeX Font Info:    Redeclaring math symbol \lesseqgtr on input line 649.
LaTeX Font Info:    Redeclaring math symbol \gtreqless on input line 650.
LaTeX Font Info:    Redeclaring math symbol \lesseqqgtr on input line 651.
LaTeX Font Info:    Redeclaring math symbol \gtreqqless on input line 652.
LaTeX Font Info:    Redeclaring math symbol \Rrightarrow on input line 653.
LaTeX Font Info:    Redeclaring math symbol \Lleftarrow on input line 654.
LaTeX Font Info:    Redeclaring math symbol \veebar on input line 655.
LaTeX Font Info:    Redeclaring math symbol \barwedge on input line 656.
LaTeX Font Info:    Redeclaring math symbol \doublebarwedge on input line 657.
LaTeX Font Info:    Redeclaring math symbol \angle on input line 658.
LaTeX Font Info:    Redeclaring math symbol \measuredangle on input line 659.
LaTeX Font Info:    Redeclaring math symbol \sphericalangle on input line 660.
LaTeX Font Info:    Redeclaring math symbol \varpropto on input line 661.
LaTeX Font Info:    Redeclaring math symbol \smallsmile on input line 662.
LaTeX Font Info:    Redeclaring math symbol \smallfrown on input line 663.
LaTeX Font Info:    Redeclaring math symbol \Subset on input line 664.
LaTeX Font Info:    Redeclaring math symbol \Supset on input line 665.
LaTeX Font Info:    Redeclaring math symbol \Cup on input line 666.
LaTeX Font Info:    Redeclaring math symbol \Cap on input line 667.
LaTeX Font Info:    Redeclaring math symbol \curlywedge on input line 668.
LaTeX Font Info:    Redeclaring math symbol \curlyvee on input line 669.
LaTeX Font Info:    Redeclaring math symbol \leftthreetimes on input line 670.
LaTeX Font Info:    Redeclaring math symbol \rightthreetimes on input line 671.

LaTeX Font Info:    Redeclaring math symbol \subseteqq on input line 672.
LaTeX Font Info:    Redeclaring math symbol \supseteqq on input line 673.
LaTeX Font Info:    Redeclaring math symbol \bumpeq on input line 674.
LaTeX Font Info:    Redeclaring math symbol \Bumpeq on input line 675.
LaTeX Font Info:    Redeclaring math symbol \lll on input line 676.
LaTeX Font Info:    Redeclaring math symbol \ggg on input line 677.
LaTeX Font Info:    Redeclaring math symbol \circledS on input line 678.
LaTeX Font Info:    Redeclaring math symbol \pitchfork on input line 679.
LaTeX Font Info:    Redeclaring math symbol \dotplus on input line 680.
LaTeX Font Info:    Redeclaring math symbol \backsim on input line 681.
LaTeX Font Info:    Redeclaring math symbol \backsimeq on input line 682.
LaTeX Font Info:    Redeclaring math symbol \complement on input line 683.
LaTeX Font Info:    Redeclaring math symbol \intercal on input line 684.
LaTeX Font Info:    Redeclaring math symbol \circledcirc on input line 685.
LaTeX Font Info:    Redeclaring math symbol \circledast on input line 686.
LaTeX Font Info:    Redeclaring math symbol \circleddash on input line 687.
LaTeX Font Info:    Redeclaring math symbol \dashrightarrow on input line 688.
LaTeX Font Info:    Redeclaring math symbol \dashleftarrow on input line 689.
LaTeX Font Info:    Redeclaring math delimiter \ulcorner on input line 691.
LaTeX Font Info:    Redeclaring math delimiter \urcorner on input line 692.
LaTeX Font Info:    Redeclaring math delimiter \llcorner on input line 693.
LaTeX Font Info:    Redeclaring math delimiter \lrcorner on input line 694.
LaTeX Font Info:    Redeclaring math symbol \lvertneqq on input line 698.
LaTeX Font Info:    Redeclaring math symbol \gvertneqq on input line 699.
LaTeX Font Info:    Redeclaring math symbol \nleq on input line 700.
LaTeX Font Info:    Redeclaring math symbol \ngeq on input line 701.
LaTeX Font Info:    Redeclaring math symbol \nless on input line 702.
LaTeX Font Info:    Redeclaring math symbol \ngtr on input line 703.
LaTeX Font Info:    Redeclaring math symbol \nprec on input line 704.
LaTeX Font Info:    Redeclaring math symbol \nsucc on input line 705.
LaTeX Font Info:    Redeclaring math symbol \lneqq on input line 706.
LaTeX Font Info:    Redeclaring math symbol \gneqq on input line 707.
LaTeX Font Info:    Redeclaring math symbol \nleqslant on input line 708.
LaTeX Font Info:    Redeclaring math symbol \ngeqslant on input line 709.
LaTeX Font Info:    Redeclaring math symbol \lneq on input line 710.
LaTeX Font Info:    Redeclaring math symbol \gneq on input line 711.
LaTeX Font Info:    Redeclaring math symbol \npreceq on input line 712.
LaTeX Font Info:    Redeclaring math symbol \nsucceq on input line 713.
LaTeX Font Info:    Redeclaring math symbol \precnsim on input line 714.
LaTeX Font Info:    Redeclaring math symbol \succnsim on input line 715.
LaTeX Font Info:    Redeclaring math symbol \lnsim on input line 716.
LaTeX Font Info:    Redeclaring math symbol \gnsim on input line 717.
LaTeX Font Info:    Redeclaring math symbol \nleqq on input line 718.
LaTeX Font Info:    Redeclaring math symbol \ngeqq on input line 719.
LaTeX Font Info:    Redeclaring math symbol \precneqq on input line 720.
LaTeX Font Info:    Redeclaring math symbol \succneqq on input line 721.
LaTeX Font Info:    Redeclaring math symbol \precnapprox on input line 722.
LaTeX Font Info:    Redeclaring math symbol \succnapprox on input line 723.
LaTeX Font Info:    Redeclaring math symbol \lnapprox on input line 724.
LaTeX Font Info:    Redeclaring math symbol \gnapprox on input line 725.
LaTeX Font Info:    Redeclaring math symbol \nsim on input line 726.
LaTeX Font Info:    Redeclaring math symbol \ncong on input line 727.
LaTeX Font Info:    Redeclaring math symbol \diagup on input line 728.
LaTeX Font Info:    Redeclaring math symbol \diagdown on input line 729.
LaTeX Font Info:    Redeclaring math symbol \varsubsetneq on input line 730.
LaTeX Font Info:    Redeclaring math symbol \varsupsetneq on input line 731.
LaTeX Font Info:    Redeclaring math symbol \nsubseteqq on input line 732.
LaTeX Font Info:    Redeclaring math symbol \nsupseteqq on input line 733.
LaTeX Font Info:    Redeclaring math symbol \subsetneqq on input line 734.
LaTeX Font Info:    Redeclaring math symbol \supsetneqq on input line 735.
LaTeX Font Info:    Redeclaring math symbol \varsubsetneqq on input line 736.
LaTeX Font Info:    Redeclaring math symbol \varsupsetneqq on input line 737.
LaTeX Font Info:    Redeclaring math symbol \subsetneq on input line 738.
LaTeX Font Info:    Redeclaring math symbol \supsetneq on input line 739.
LaTeX Font Info:    Redeclaring math symbol \nsubseteq on input line 740.
LaTeX Font Info:    Redeclaring math symbol \nsupseteq on input line 741.
LaTeX Font Info:    Redeclaring math symbol \nparallel on input line 742.
LaTeX Font Info:    Redeclaring math symbol \nmid on input line 743.
LaTeX Font Info:    Redeclaring math symbol \nshortmid on input line 744.
LaTeX Font Info:    Redeclaring math symbol \nshortparallel on input line 745.
LaTeX Font Info:    Redeclaring math symbol \nvdash on input line 746.
LaTeX Font Info:    Redeclaring math symbol \nVdash on input line 747.
LaTeX Font Info:    Redeclaring math symbol \nvDash on input line 748.
LaTeX Font Info:    Redeclaring math symbol \nVDash on input line 749.
LaTeX Font Info:    Redeclaring math symbol \ntrianglerighteq on input line 750
.
LaTeX Font Info:    Redeclaring math symbol \ntrianglelefteq on input line 751.

LaTeX Font Info:    Redeclaring math symbol \ntriangleleft on input line 752.
LaTeX Font Info:    Redeclaring math symbol \ntriangleright on input line 753.
LaTeX Font Info:    Redeclaring math symbol \nleftarrow on input line 754.
LaTeX Font Info:    Redeclaring math symbol \nrightarrow on input line 755.
LaTeX Font Info:    Redeclaring math symbol \nLeftarrow on input line 756.
LaTeX Font Info:    Redeclaring math symbol \nRightarrow on input line 757.
LaTeX Font Info:    Redeclaring math symbol \nLeftrightarrow on input line 758.

LaTeX Font Info:    Redeclaring math symbol \nleftrightarrow on input line 759.

LaTeX Font Info:    Redeclaring math symbol \divideontimes on input line 760.
LaTeX Font Info:    Redeclaring math symbol \emptyset on input line 761.
LaTeX Font Info:    Redeclaring math symbol \varnothing on input line 762.
LaTeX Font Info:    Redeclaring math symbol \nexists on input line 763.
LaTeX Font Info:    Redeclaring math symbol \Finv on input line 764.
LaTeX Font Info:    Redeclaring math symbol \Game on input line 765.
LaTeX Font Info:    Redeclaring math symbol \eth on input line 766.
LaTeX Font Info:    Redeclaring math symbol \eqsim on input line 767.
LaTeX Font Info:    Redeclaring math symbol \beth on input line 768.
LaTeX Font Info:    Redeclaring math symbol \gimel on input line 769.
LaTeX Font Info:    Redeclaring math symbol \daleth on input line 770.
LaTeX Font Info:    Redeclaring math symbol \lessdot on input line 771.
LaTeX Font Info:    Redeclaring math symbol \gtrdot on input line 772.
LaTeX Font Info:    Redeclaring math symbol \ltimes on input line 773.
LaTeX Font Info:    Redeclaring math symbol \rtimes on input line 774.
LaTeX Font Info:    Redeclaring math symbol \shortmid on input line 775.
LaTeX Font Info:    Redeclaring math symbol \shortparallel on input line 776.
LaTeX Font Info:    Redeclaring math symbol \smallsetminus on input line 777.
LaTeX Font Info:    Redeclaring math symbol \thicksim on input line 778.
LaTeX Font Info:    Redeclaring math symbol \thickapprox on input line 779.
LaTeX Font Info:    Redeclaring math symbol \approxeq on input line 780.
LaTeX Font Info:    Redeclaring math symbol \succapprox on input line 781.
LaTeX Font Info:    Redeclaring math symbol \precapprox on input line 782.
LaTeX Font Info:    Redeclaring math symbol \curvearrowleft on input line 783.
LaTeX Font Info:    Redeclaring math symbol \curvearrowright on input line 784.

LaTeX Font Info:    Redeclaring math symbol \varkappa on input line 785.
LaTeX Font Info:    Redeclaring math symbol \Bbbk on input line 786.
LaTeX Font Info:    Redeclaring math symbol \hslash on input line 787.
LaTeX Font Info:    Redeclaring math symbol \hbar on input line 788.
LaTeX Font Info:    Redeclaring math symbol \backepsilon on input line 789.
LaTeX Info: Redefining \yen on input line 807.
LaTeX Font Info:    Redeclaring math symbol \mathsterling on input line 815.
)
(/usr/local/texlive/2018/texmf-dist/tex/latex/beamer/beamerfontthemeserif.sty)
(/usr/local/texlive/2018/texmf-dist/tex/latex/tools/bm.sty
Package: bm 2017/01/16 v1.2c Bold Symbol Support (DPC/FMi)
\symboldoperators=\mathgroup8
\symboldletters=\mathgroup9
\symboldsymbols=\mathgroup10
\symboldupright=\mathgroup11
LaTeX Font Info:    Redeclaring math alphabet \mathbf on input line 141.
LaTeX Info: Redefining \bm on input line 207.
)
(/usr/local/texlive/2018/texmf-dist/tex/latex/fancyvrb/fancyvrb.sty
Package: fancyvrb 2019/01/15

Style option: `fancyvrb' v3.2a <2019/01/15> (tvz)
\FV@CodeLineNo=\count170
\FV@InFile=\read2
\FV@TabBox=\box61
\c@FancyVerbLine=\count171
Normal \count register pool exhausted, switching to extended pool.
\FV@StepNumber=\count277
\FV@OutFile=\write5
)
(/usr/local/texlive/2018/texmf-dist/tex/latex/textfit/textfit.sty
Package: textfit 1994/04/15
\mags@f@r=\count278
\desired@size=\dimen283
\r@mainder=\count279
\m@gstepcount=\count280
\m@gsteplimit=\count281
\m@gstepvalue=\count282
\m@gstepdimen=\dimen284
)
(/usr/local/texlive/2018/texmf-dist/tex/latex/tcolorbox/tcolorbox.sty
Package: tcolorbox 2018/12/07 version 4.15 text color boxes

(/usr/local/texlive/2018/texmf-dist/tex/latex/tools/verbatim.sty
Package: verbatim 2014/10/28 v1.5q LaTeX2e package for verbatim enhancements
\every@verbatim=\toks45
\verbatim@line=\toks46
\verbatim@in@stream=\read3
)
(/usr/local/texlive/2018/texmf-dist/tex/latex/environ/environ.sty
Package: environ 2014/05/04 v0.3 A new way to define environments

(/usr/local/texlive/2018/texmf-dist/tex/latex/trimspaces/trimspaces.sty
Package: trimspaces 2009/09/17 v1.1 Trim spaces around a token list
))
\tcb@titlebox=\box62
\tcb@upperbox=\box63
\tcb@lowerbox=\box64
\tcb@phantombox=\box65
\c@tcbbreakpart=\count283
\c@tcblayer=\count284
\tcolorbox@number=\count285
\tcb@temp=\box66
\tcb@temp=\box67
\tcb@temp=\box68
\tcb@temp=\box69
\tcb@out=\write6
\tcb@record@out=\write7
)
(/usr/local/texlive/2018/texmf-dist/tex/latex/caption/subcaption.sty
Package: subcaption 2018/05/01 v1.1-162 Sub-captions (AR)

(/usr/local/texlive/2018/texmf-dist/tex/latex/caption/caption.sty
Package: caption 2018/10/06 v3.3-154 Customizing captions (AR)

(/usr/local/texlive/2018/texmf-dist/tex/latex/caption/caption3.sty
Package: caption3 2018/09/12 v1.8c caption3 kernel (AR)
Package caption3 Info: TeX engine: e-TeX on input line 64.
\captionmargin=\dimen285
\captionmargin@=\dimen286
\captionwidth=\dimen287
\caption@tempdima=\dimen288
\caption@indent=\dimen289
\caption@parindent=\dimen290
\caption@hangindent=\dimen291
)
\c@caption@flags=\count286
\c@ContinuedFloat=\count287
Package caption Info: beamer document class.
Package caption Info: hyperref package is loaded.
Package caption Info: Hyperref support is turned off
(caption)             because hyperref has stopped early.
)
\c@subfigure=\count288
\c@subtable=\count289
)
\c@Alert=\count290
\c@Highlight=\count291

(/usr/local/texlive/2018/texmf-dist/tex/latex/booktabs/booktabs.sty
Package: booktabs 2016/04/27 v1.618033 publication quality tables
\heavyrulewidth=\dimen292
\lightrulewidth=\dimen293
\cmidrulewidth=\dimen294
\belowrulesep=\dimen295
\belowbottomsep=\dimen296
\aboverulesep=\dimen297
\abovetopsep=\dimen298
\cmidrulesep=\dimen299
\cmidrulekern=\dimen300
\defaultaddspace=\dimen301
\@cmidla=\count292
\@cmidlb=\count293
\@aboverulesep=\dimen302
\@belowrulesep=\dimen303
\@thisruleclass=\count294
\@lastruleclass=\count295
\@thisrulewidth=\dimen304
)
\xvec@height=\skip62
\xvec@depth=\skip63
\xvec@width=\skip64

(/usr/local/texlive/2018/texmf-dist/tex/latex/psnfss/pifont.sty
Package: pifont 2005/04/12 PSNFSS-v9.2a Pi font support (SPQR) 
LaTeX Font Info:    Try loading font information for U+pzd on input line 63.

(/usr/local/texlive/2018/texmf-dist/tex/latex/psnfss/upzd.fd
File: upzd.fd 2001/06/04 font definitions for U/pzd.
)
LaTeX Font Info:    Try loading font information for U+psy on input line 64.

(/usr/local/texlive/2018/texmf-dist/tex/latex/psnfss/upsy.fd
File: upsy.fd 2001/06/04 font definitions for U/psy.
))
Package hyperref Info: Option `colorlinks' set `true' on input line 117.
)
(/usr/local/texlive/2018/texmf-dist/tex/latex/asymptote/asymptote.sty
Package: asymptote 2016/11/26 v1.33 Asymptote style file for LaTeX

(./slides-pca.pre (./slides-pca-1.pre) (./slides-pca-2.pre))
\ASYbox=\box70
\ASYdimen=\dimen305
\c@asy=\count296
\AsyStream=\write8
\AsyPreStream=\write9

(/usr/local/texlive/2018/texmf-dist/tex/latex/base/ifthen.sty
Package: ifthen 2014/09/29 v1.1c Standard LaTeX ifthen package (DPC)
)
(/usr/local/texlive/2018/texmf-dist/tex/generic/oberdiek/catchfile.sty
Package: catchfile 2016/05/16 v1.7 Catch the contents of a file (HO)
)
\openout9 = `slides-pca.pre'.

)
(/usr/local/texlive/2018/texmf-dist/tex/latex/marvosym/marvosym.sty
Package: marvosym 2011/07/20 v2.2 Martin Vogel's Symbols font definitions
)
(/usr/local/texlive/2018/texmf-dist/tex/latex/blkarray/blkarray.sty
Package: blkarray 2015/02/27 v0.07 Block array (dpc)
\c@BAenumi=\count297
\BA@col=\count298
\BA@block@cnt=\count299
\BA@final@box=\box71
\BA@first@box=\box72
\BA@colsep=\dimen306
\BA@ftn=\toks47
\BAextrarowheight=\dimen307
\BAextraheightafterhline=\dimen308
\BAarrayrulewidth=\dimen309
\BAdoublerulesep=\dimen310
\BAfootskip=\dimen311
\BA@dashbox=\box73
\BA@ddashbox=\box74
)
(./slides-pca.aux)
\openout1 = `slides-pca.aux'.

LaTeX Font Info:    Checking defaults for OML/cmm/m/it on input line 31.
LaTeX Font Info:    ... okay on input line 31.
LaTeX Font Info:    Checking defaults for T1/cmr/m/n on input line 31.
LaTeX Font Info:    ... okay on input line 31.
LaTeX Font Info:    Checking defaults for OT1/cmr/m/n on input line 31.
LaTeX Font Info:    ... okay on input line 31.
LaTeX Font Info:    Checking defaults for OMS/cmsy/m/n on input line 31.
LaTeX Font Info:    ... okay on input line 31.
LaTeX Font Info:    Checking defaults for OMX/cmex/m/n on input line 31.
LaTeX Font Info:    ... okay on input line 31.
LaTeX Font Info:    Checking defaults for U/cmr/m/n on input line 31.
LaTeX Font Info:    ... okay on input line 31.
LaTeX Font Info:    Checking defaults for PD1/pdf/m/n on input line 31.
LaTeX Font Info:    ... okay on input line 31.
LaTeX Font Info:    Checking defaults for TS1/cmr/m/n on input line 31.
LaTeX Font Info:    Try loading font information for TS1+cmr on input line 31.
 (/usr/local/texlive/2018/texmf-dist/tex/latex/base/ts1cmr.fd
File: ts1cmr.fd 2014/09/29 v2.5h Standard LaTeX font definitions
)
LaTeX Font Info:    ... okay on input line 31.
LaTeX Font Info:    Checking defaults for LMR/hlcm/m/n on input line 31.
LaTeX Font Info:    ... okay on input line 31.
LaTeX Font Info:    Try loading font information for T1+hls on input line 31.
 (/Users/pmagwene/Library/texmf/tex/latex/lucida/t1hls.fd
File: t1hls.fd 2005/09/15 font definitions for T1/hls (WaS/PCTeX/TUG)
)
LaTeX Font Info:    Font shape `T1/hls/m/n' will be
(Font)              scaled to size 9.30756pt on input line 31.

*geometry* driver: auto-detecting
*geometry* detected driver: pdftex
*geometry* verbose mode - [ preamble ] result:
* driver: pdftex
* paper: custom
* layout: <same size as paper>
* layoutoffset:(h,v)=(0.0pt,0.0pt)
* modes: includehead includefoot 
* h-part:(L,W,R)=(28.45274pt, 307.28987pt, 28.45274pt)
* v-part:(T,H,B)=(0.0pt, 273.14662pt, 0.0pt)
* \paperwidth=364.19536pt
* \paperheight=273.14662pt
* \textwidth=307.28987pt
* \textheight=244.6939pt
* \oddsidemargin=-43.81725pt
* \evensidemargin=-43.81725pt
* \topmargin=-72.26999pt
* \headheight=14.22636pt
* \headsep=0.0pt
* \topskip=11.0pt
* \footskip=14.22636pt
* \marginparwidth=4.0pt
* \marginparsep=10.0pt
* \columnsep=10.0pt
* \skip\footins=10.0pt plus 4.0pt minus 2.0pt
* \hoffset=0.0pt
* \voffset=0.0pt
* \mag=1000
* \@twocolumnfalse
* \@twosidefalse
* \@mparswitchfalse
* \@reversemarginfalse
* (1in=72.27pt=25.4mm, 1cm=28.453pt)

(/usr/local/texlive/2018/texmf-dist/tex/context/base/mkii/supp-pdf.mkii
[Loading MPS to PDF converter (version 2006.09.02).]
\scratchcounter=\count300
\scratchdimen=\dimen312
\scratchbox=\box75
\nofMPsegments=\count301
\nofMParguments=\count302
\everyMPshowfont=\toks48
\MPscratchCnt=\count303
\MPscratchDim=\dimen313
\MPnumerator=\count304
\makeMPintoPDFobject=\count305
\everyMPtoPDFconversion=\toks49
) (/usr/local/texlive/2018/texmf-dist/tex/latex/oberdiek/epstopdf-base.sty
Package: epstopdf-base 2016/05/15 v2.6 Base part for package epstopdf

(/usr/local/texlive/2018/texmf-dist/tex/latex/oberdiek/grfext.sty
Package: grfext 2016/05/16 v1.2 Manage graphics extensions (HO)
)
Package epstopdf-base Info: Redefining graphics rule for `.eps' on input line 4
38.
Package grfext Info: Graphics extension search list:
(grfext)             [.pdf,.png,.jpg,.mps,.jpeg,.jbig2,.jb2,.PDF,.PNG,.JPG,.JPE
G,.JBIG2,.JB2,.eps]
(grfext)             \AppendGraphicsExtensions on input line 456.

(/usr/local/texlive/2018/texmf-dist/tex/latex/latexconfig/epstopdf-sys.cfg
File: epstopdf-sys.cfg 2010/07/13 v1.3 Configuration of (r)epstopdf for TeX Liv
e
))
ABD: EveryShipout initializing macros
\AtBeginShipoutBox=\box76
Package hyperref Info: Link coloring ON on input line 31.

(/usr/local/texlive/2018/texmf-dist/tex/latex/hyperref/nameref.sty
Package: nameref 2016/05/21 v2.44 Cross-referencing by name of section

(/usr/local/texlive/2018/texmf-dist/tex/generic/oberdiek/gettitlestring.sty
Package: gettitlestring 2016/05/16 v1.5 Cleanup title references (HO)
)
\c@section@level=\count306
)
LaTeX Info: Redefining \ref on input line 31.
LaTeX Info: Redefining \pageref on input line 31.
LaTeX Info: Redefining \nameref on input line 31.

(./slides-pca.out) (./slides-pca.out)
\@outlinefile=\write10
\openout10 = `slides-pca.out'.


(/usr/local/texlive/2018/texmf-dist/tex/latex/translator/translator-basic-dicti
onary-English.dict
Dictionary: translator-basic-dictionary, Language: English 
)
(/usr/local/texlive/2018/texmf-dist/tex/latex/translator/translator-bibliograph
y-dictionary-English.dict
Dictionary: translator-bibliography-dictionary, Language: English 
)
(/usr/local/texlive/2018/texmf-dist/tex/latex/translator/translator-environment
-dictionary-English.dict
Dictionary: translator-environment-dictionary, Language: English 
)
(/usr/local/texlive/2018/texmf-dist/tex/latex/translator/translator-months-dict
ionary-English.dict
Dictionary: translator-months-dictionary, Language: English 
)
(/usr/local/texlive/2018/texmf-dist/tex/latex/translator/translator-numbers-dic
tionary-English.dict
Dictionary: translator-numbers-dictionary, Language: English 
)
(/usr/local/texlive/2018/texmf-dist/tex/latex/translator/translator-theorem-dic
tionary-English.dict
Dictionary: translator-theorem-dictionary, Language: English 
)
LaTeX Info: Redefining \longleftarrow on input line 31.
LaTeX Info: Redefining \longrightarrow on input line 31.
LaTeX Info: Redefining \Longleftarrow on input line 31.
LaTeX Info: Redefining \Longrightarrow on input line 31.
Package caption Info: Begin \AtBeginDocument code.
Package caption Info: End \AtBeginDocument code.
 (./slides-pca.nav)
LaTeX Font Info:    Font shape `T1/hls/m/n' will be
(Font)              scaled to size 5.10004pt on input line 31.
LaTeX Font Info:    Font shape `T1/hlcn/m/n' will be
(Font)              scaled to size 5.10004pt on input line 31.
LaTeX Font Info:    Font shape `T1/hlcn/m/n' will be
(Font)              scaled to size 12.24008pt on input line 35.
LaTeX Font Info:    Font shape `T1/hls/m/n' will be
(Font)              scaled to size 6.80005pt on input line 35.
LaTeX Font Info:    Font shape `T1/hlcn/m/n' will be
(Font)              scaled to size 3.40002pt on input line 35.
LaTeX Font Info:    Font shape `T1/hls/m/n' will be
(Font)              scaled to size 3.40002pt on input line 35.
 [1

{/Users/pmagwene/Library/texlive/2018/texmf-var/fonts/map/pdftex/updmap/pdftex.
map}]
LaTeX Font Info:    Font shape `T1/hls/m/n' will be
(Font)              scaled to size 8.50006pt on input line 53.
LaTeX Font Info:    Font shape `T1/hlcn/m/n' will be
(Font)              scaled to size 8.50006pt on input line 53.
 [2

]
<fig-lsqr-vs-major-axis.pdf, id=26, 650.43pt x 289.08pt>
File: fig-lsqr-vs-major-axis.pdf Graphic file (type pdf)
<use fig-lsqr-vs-major-axis.pdf>
Package pdftex.def Info: fig-lsqr-vs-major-axis.pdf  used on input line 65.
(pdftex.def)             Requested size: 307.28987pt x 136.57777pt.
 [3

 <./fig-lsqr-vs-major-axis.pdf>]
\openout8 = `slides-pca-1.asy'.

 (./geom-OLS.asy) (./slides-pca-1.tex
<slides-pca-1_0.pdf, id=43, 137.9554pt x 75.8835pt>
File: slides-pca-1_0.pdf Graphic file (type pdf)
<use slides-pca-1_0.pdf>
Package pdftex.def Info: slides-pca-1_0.pdf  used on input line 10.
(pdftex.def)             Requested size: 137.95505pt x 75.8833pt.
LaTeX Font Info:    Font shape `T1/hls/m/n' will be
(Font)              scaled to size 10.20007pt on input line 12.
LaTeX Font Info:    Font shape `T1/hlcn/m/n' will be
(Font)              scaled to size 10.20007pt on input line 14.
LaTeX Font Info:    Font shape `T1/hlcn/m/n' will be
(Font)              scaled to size 6.80005pt on input line 14.
LaTeX Font Info:    Font shape `OML/hlcm/m/itx' will be
(Font)              scaled to size 10.20007pt on input line 14.
LaTeX Font Info:    Font shape `OML/hlcm/m/itx' will be
(Font)              scaled to size 6.80005pt on input line 14.
LaTeX Font Info:    Font shape `OML/hlcm/m/itx' will be
(Font)              scaled to size 5.10004pt on input line 14.
LaTeX Font Info:    Font shape `OMS/hlcy/m/n' will be
(Font)              scaled to size 10.20007pt on input line 14.
LaTeX Font Info:    Font shape `OMS/hlcy/m/n' will be
(Font)              scaled to size 6.80005pt on input line 14.
LaTeX Font Info:    Font shape `OMS/hlcy/m/n' will be
(Font)              scaled to size 5.10004pt on input line 14.
LaTeX Font Info:    Font shape `OMX/hlcv/m/n' will be
(Font)              scaled to size 10.20007pt on input line 14.
LaTeX Font Info:    Font shape `OMX/hlcv/m/n' will be
(Font)              scaled to size 6.80005pt on input line 14.
LaTeX Font Info:    Font shape `OMX/hlcv/m/n' will be
(Font)              scaled to size 5.10004pt on input line 14.
LaTeX Font Info:    Try loading font information for U+msa on input line 14.

(/usr/local/texlive/2018/texmf-dist/tex/latex/amsfonts/umsa.fd
File: umsa.fd 2013/01/14 v3.01 AMS symbols A
)
LaTeX Font Info:    Try loading font information for U+msb on input line 14.

(/usr/local/texlive/2018/texmf-dist/tex/latex/amsfonts/umsb.fd
File: umsb.fd 2013/01/14 v3.01 AMS symbols B
)
LaTeX Font Info:    Font shape `OML/hlcm/m/n' will be
(Font)              scaled to size 10.20007pt on input line 14.
LaTeX Font Info:    Font shape `OML/hlcm/m/n' will be
(Font)              scaled to size 6.80005pt on input line 14.
LaTeX Font Info:    Font shape `OML/hlcm/m/n' will be
(Font)              scaled to size 5.10004pt on input line 14.
LaTeX Font Info:    Font shape `LMR/hlcm/m/n' will be
(Font)              scaled to size 10.20007pt on input line 14.
LaTeX Font Info:    Font shape `LMR/hlcm/m/n' will be
(Font)              scaled to size 6.80005pt on input line 14.
LaTeX Font Info:    Font shape `LMR/hlcm/m/n' will be
(Font)              scaled to size 5.10004pt on input line 14.
LaTeX Font Info:    Font shape `T1/hlcn/b/n' in size <12> not available
(Font)              Font shape `T1/hlcn/m/n' tried instead on input line 14.
LaTeX Font Info:    Font shape `T1/hlcn/m/n' will be
(Font)              scaled to size 10.20007pt on input line 14.
LaTeX Font Info:    Font shape `T1/hlcn/b/n' in size <8> not available
(Font)              Font shape `T1/hlcn/m/n' tried instead on input line 14.
LaTeX Font Info:    Font shape `T1/hlcn/m/n' will be
(Font)              scaled to size 6.80005pt on input line 14.
LaTeX Font Info:    Font shape `T1/hlcn/b/n' in size <6> not available
(Font)              Font shape `T1/hlcn/m/n' tried instead on input line 14.
LaTeX Font Info:    Font shape `T1/hlcn/m/n' will be
(Font)              scaled to size 5.10004pt on input line 14.
LaTeX Font Info:    Font shape `OML/hlcm/b/itx' will be
(Font)              scaled to size 10.20007pt on input line 14.
LaTeX Font Info:    Font shape `OML/hlcm/b/itx' will be
(Font)              scaled to size 6.80005pt on input line 14.
LaTeX Font Info:    Font shape `OML/hlcm/b/itx' will be
(Font)              scaled to size 5.10004pt on input line 14.
LaTeX Font Info:    Font shape `OMS/hlcy/b/n' will be
(Font)              scaled to size 10.20007pt on input line 14.
LaTeX Font Info:    Font shape `OMS/hlcy/b/n' will be
(Font)              scaled to size 6.80005pt on input line 14.
LaTeX Font Info:    Font shape `OMS/hlcy/b/n' will be
(Font)              scaled to size 5.10004pt on input line 14.
LaTeX Font Info:    Font shape `OML/hlcm/b/n' will be
(Font)              scaled to size 10.20007pt on input line 14.
LaTeX Font Info:    Font shape `OML/hlcm/b/n' will be
(Font)              scaled to size 6.80005pt on input line 14.
LaTeX Font Info:    Font shape `OML/hlcm/b/n' will be
(Font)              scaled to size 5.10004pt on input line 14.
)
LaTeX Font Info:    Font shape `T1/hls/m/n' will be
(Font)              scaled to size 7.65005pt on input line 80.
LaTeX Font Info:    Font shape `T1/hlcn/m/n' will be
(Font)              scaled to size 7.65005pt on input line 80.
\openout8 = `slides-pca-2.asy'.


(./geom-majaxis.asy) (./slides-pca-2.tex
<slides-pca-2_0.pdf, id=44, 143.1749pt x 75.8835pt>
File: slides-pca-2_0.pdf Graphic file (type pdf)
<use slides-pca-2_0.pdf>
Package pdftex.def Info: slides-pca-2_0.pdf  used on input line 10.
(pdftex.def)             Requested size: 143.17455pt x 75.8833pt.
) [4

 <./slides-pca-1_0.pdf> <./slides-pca-2_0.pdf>]
<fig-bivariate-pca-wreg.pdf, id=56, 505.89pt x 505.89pt>
File: fig-bivariate-pca-wreg.pdf Graphic file (type pdf)
<use fig-bivariate-pca-wreg.pdf>
Package pdftex.def Info: fig-bivariate-pca-wreg.pdf  used on input line 111.
(pdftex.def)             Requested size: 198.74751pt x 198.7425pt.
 [5

 <./fig-bivariate-pca-wreg.pdf>]
<fig-bivariate-pca-scores.pdf, id=69, 505.89pt x 505.89pt>
File: fig-bivariate-pca-scores.pdf Graphic file (type pdf)
<use fig-bivariate-pca-scores.pdf>
Package pdftex.def Info: fig-bivariate-pca-scores.pdf  used on input line 124.
(pdftex.def)             Requested size: 198.74751pt x 198.7425pt.
 [6

 <./fig-bivariate-pca-scores.pdf>]
<fig-bivariate-pca-vectors.pdf, id=82, 505.89pt x 505.89pt>
File: fig-bivariate-pca-vectors.pdf Graphic file (type pdf)
<use fig-bivariate-pca-vectors.pdf>
Package pdftex.def Info: fig-bivariate-pca-vectors.pdf  used on input line 139.

(pdftex.def)             Requested size: 180.67676pt x 180.67499pt.
 [7

 <./fig-bivariate-pca-vectors.pdf>]
Overfull \hbox (2.49939pt too wide) in paragraph at lines 166--166
[][]  
 []

[8

]
LaTeX Font Info:    Font shape `OML/hlcm/m/itx' will be
(Font)              scaled to size 9.30756pt on input line 188.
LaTeX Font Info:    Font shape `OMS/hlcy/m/n' will be
(Font)              scaled to size 9.30756pt on input line 188.
LaTeX Font Info:    Font shape `OMX/hlcv/m/n' will be
(Font)              scaled to size 9.30756pt on input line 188.
LaTeX Font Info:    Font shape `OML/hlcm/m/n' will be
(Font)              scaled to size 9.30756pt on input line 188.
LaTeX Font Info:    Font shape `LMR/hlcm/m/n' will be
(Font)              scaled to size 9.30756pt on input line 188.
LaTeX Font Info:    Font shape `T1/hlcn/b/n' in size <10.95> not available
(Font)              Font shape `T1/hlcn/m/n' tried instead on input line 188.
LaTeX Font Info:    Font shape `T1/hlcn/m/n' will be
(Font)              scaled to size 9.30756pt on input line 188.
LaTeX Font Info:    Font shape `OML/hlcm/b/itx' will be
(Font)              scaled to size 9.30756pt on input line 188.
LaTeX Font Info:    Font shape `OMS/hlcy/b/n' will be
(Font)              scaled to size 9.30756pt on input line 188.
LaTeX Font Info:    Font shape `OML/hlcm/b/n' will be
(Font)              scaled to size 9.30756pt on input line 188.
LaTeX Font Info:    Font shape `T1/hls/b/n' will be
(Font)              scaled to size 9.30756pt on input line 188.

Overfull \hbox (2.49939pt too wide) in paragraph at lines 188--188
[][]  
 []

LaTeX Font Info:    Font shape `T1/hls/m/it' will be
(Font)              scaled to size 9.30756pt on input line 188.
[9

]
Overfull \hbox (2.49939pt too wide) in paragraph at lines 217--217
[][]  
 []

[10

]
Overfull \hbox (2.49939pt too wide) in paragraph at lines 238--238
[][]  
 []

[11

]
Overfull \hbox (2.49939pt too wide) in paragraph at lines 251--251
[][]  
 []

[12

] [13

] [14

] [15

]
Overfull \hbox (2.49939pt too wide) in paragraph at lines 376--376
[][]  
 []

[16

]
Overfull \hbox (2.49939pt too wide) in paragraph at lines 406--406
[][]  
 []

[17

]
\openout4 = `slides-pca.vrb'.

 (./slides-pca.vrb
<turtles.pdf, id=150, 867.24pt x 289.08pt>
File: turtles.pdf Graphic file (type pdf)
<use turtles.pdf>
Package pdftex.def Info: turtles.pdf  used on input line 5.
(pdftex.def)             Requested size: 345.98447pt x 115.32999pt.

Overfull \hbox (18.16612pt too wide) in paragraph at lines 4--6
 |  [] 
 []

) [18

 <./turtles.pdf>]
LaTeX Font Info:    Try loading font information for U+mvs on input line 478.

(/usr/local/texlive/2018/texmf-dist/tex/latex/marvosym/umvs.fd)
LaTeX Font Info:    Font shape `T1/hlcn/m/n' will be
(Font)              scaled to size 4.25003pt on input line 478.
LaTeX Font Info:    Font shape `OML/hlcm/m/itx' will be
(Font)              scaled to size 7.65005pt on input line 478.
LaTeX Font Info:    Font shape `OML/hlcm/m/itx' will be
(Font)              scaled to size 4.25003pt on input line 478.
LaTeX Font Info:    Font shape `OMS/hlcy/m/n' will be
(Font)              scaled to size 7.65005pt on input line 478.
LaTeX Font Info:    Font shape `OMS/hlcy/m/n' will be
(Font)              scaled to size 4.25003pt on input line 478.
LaTeX Font Info:    Font shape `OMX/hlcv/m/n' will be
(Font)              scaled to size 7.65005pt on input line 478.
LaTeX Font Info:    Font shape `OMX/hlcv/m/n' will be
(Font)              scaled to size 4.25003pt on input line 478.
LaTeX Font Info:    Font shape `OML/hlcm/m/n' will be
(Font)              scaled to size 7.65005pt on input line 478.
LaTeX Font Info:    Font shape `OML/hlcm/m/n' will be
(Font)              scaled to size 4.25003pt on input line 478.
LaTeX Font Info:    Font shape `LMR/hlcm/m/n' will be
(Font)              scaled to size 7.65005pt on input line 478.
LaTeX Font Info:    Font shape `LMR/hlcm/m/n' will be
(Font)              scaled to size 4.25003pt on input line 478.
LaTeX Font Info:    Font shape `T1/hlcn/b/n' in size <9> not available
(Font)              Font shape `T1/hlcn/m/n' tried instead on input line 478.
LaTeX Font Info:    Font shape `T1/hlcn/m/n' will be
(Font)              scaled to size 7.65005pt on input line 478.
LaTeX Font Info:    Font shape `T1/hlcn/b/n' in size <5> not available
(Font)              Font shape `T1/hlcn/m/n' tried instead on input line 478.
LaTeX Font Info:    Font shape `T1/hlcn/m/n' will be
(Font)              scaled to size 4.25003pt on input line 478.
LaTeX Font Info:    Font shape `OML/hlcm/b/itx' will be
(Font)              scaled to size 7.65005pt on input line 478.
LaTeX Font Info:    Font shape `OML/hlcm/b/itx' will be
(Font)              scaled to size 4.25003pt on input line 478.
LaTeX Font Info:    Font shape `OMS/hlcy/b/n' will be
(Font)              scaled to size 7.65005pt on input line 478.
LaTeX Font Info:    Font shape `OMS/hlcy/b/n' will be
(Font)              scaled to size 4.25003pt on input line 478.
LaTeX Font Info:    Font shape `OML/hlcm/b/n' will be
(Font)              scaled to size 7.65005pt on input line 478.
LaTeX Font Info:    Font shape `OML/hlcm/b/n' will be
(Font)              scaled to size 4.25003pt on input line 478.
LaTeX Font Info:    Font shape `T1/hls/m/n' will be
(Font)              scaled to size 4.25003pt on input line 478.
LaTeX Font Info:    Font shape `T1/hlcn/m/n' will be
(Font)              scaled to size 5.95004pt on input line 478.
LaTeX Font Info:    Font shape `OML/hlcm/m/itx' will be
(Font)              scaled to size 8.50006pt on input line 478.
LaTeX Font Info:    Font shape `OML/hlcm/m/itx' will be
(Font)              scaled to size 5.95004pt on input line 478.
LaTeX Font Info:    Font shape `OMS/hlcy/m/n' will be
(Font)              scaled to size 8.50006pt on input line 478.
LaTeX Font Info:    Font shape `OMS/hlcy/m/n' will be
(Font)              scaled to size 5.95004pt on input line 478.
LaTeX Font Info:    Font shape `OMX/hlcv/m/n' will be
(Font)              scaled to size 8.50006pt on input line 478.
LaTeX Font Info:    Font shape `OMX/hlcv/m/n' will be
(Font)              scaled to size 5.95004pt on input line 478.
LaTeX Font Info:    Font shape `T1/hls/m/n' will be
(Font)              scaled to size 5.95004pt on input line 478.
LaTeX Font Info:    Font shape `OML/hlcm/m/n' will be
(Font)              scaled to size 8.50006pt on input line 478.
LaTeX Font Info:    Font shape `OML/hlcm/m/n' will be
(Font)              scaled to size 5.95004pt on input line 478.
LaTeX Font Info:    Font shape `LMR/hlcm/m/n' will be
(Font)              scaled to size 8.50006pt on input line 478.
LaTeX Font Info:    Font shape `LMR/hlcm/m/n' will be
(Font)              scaled to size 5.95004pt on input line 478.
LaTeX Font Info:    Font shape `T1/hlcn/b/n' in size <10> not available
(Font)              Font shape `T1/hlcn/m/n' tried instead on input line 478.
LaTeX Font Info:    Font shape `T1/hlcn/m/n' will be
(Font)              scaled to size 8.50006pt on input line 478.
LaTeX Font Info:    Font shape `T1/hlcn/b/n' in size <7> not available
(Font)              Font shape `T1/hlcn/m/n' tried instead on input line 478.
LaTeX Font Info:    Font shape `T1/hlcn/m/n' will be
(Font)              scaled to size 5.95004pt on input line 478.
LaTeX Font Info:    Font shape `OML/hlcm/b/itx' will be
(Font)              scaled to size 8.50006pt on input line 478.
LaTeX Font Info:    Font shape `OML/hlcm/b/itx' will be
(Font)              scaled to size 5.95004pt on input line 478.
LaTeX Font Info:    Font shape `OMS/hlcy/b/n' will be
(Font)              scaled to size 8.50006pt on input line 478.
LaTeX Font Info:    Font shape `OMS/hlcy/b/n' will be
(Font)              scaled to size 5.95004pt on input line 478.
LaTeX Font Info:    Font shape `OML/hlcm/b/n' will be
(Font)              scaled to size 8.50006pt on input line 478.
LaTeX Font Info:    Font shape `OML/hlcm/b/n' will be
(Font)              scaled to size 5.95004pt on input line 478.
 [19

]
<turtle-pca.pdf, id=176, 681.19pt x 342.96028pt>
File: turtle-pca.pdf Graphic file (type pdf)
<use turtle-pca.pdf>
Package pdftex.def Info: turtle-pca.pdf  used on input line 487.
(pdftex.def)             Requested size: 287.08528pt x 144.54pt.
 [20

 <./turtle-pca.pdf>] [21

]
Overfull \hbox (2.49939pt too wide) in paragraph at lines 570--570
[][]  
 []

[22

]
LaTeX Font Info:    Font shape `T1/hls/m/n' will be
(Font)              scaled to size 21.14815pt on input line 587.
 [23

]
LaTeX Font Info:    Font shape `T1/hlcn/m/it' will be
(Font)              scaled to size 9.30756pt on input line 620.
LaTeX Font Info:    Font shape `T1/hlcn/m/it' will be
(Font)              scaled to size 6.80005pt on input line 620.
LaTeX Font Info:    Font shape `T1/hlcn/m/it' will be
(Font)              scaled to size 5.10004pt on input line 620.
LaTeX Font Info:    Font shape `T1/hls/b/it' will be
(Font)              scaled to size 9.30756pt on input line 620.

Overfull \hbox (2.49939pt too wide) in paragraph at lines 620--620
[][]  
 []

[24

]
\openout4 = `slides-pca.vrb'.

 (./slides-pca.vrb)
LaTeX Font Info:    Font shape `OML/hlcm/m/itx' will be
(Font)              scaled to size 12.24008pt on input line 721.
LaTeX Font Info:    Font shape `OMS/hlcy/m/n' will be
(Font)              scaled to size 12.24008pt on input line 721.
LaTeX Font Info:    Font shape `OMX/hlcv/m/n' will be
(Font)              scaled to size 12.24008pt on input line 721.
LaTeX Font Info:    Font shape `T1/hls/m/n' will be
(Font)              scaled to size 12.24008pt on input line 721.
LaTeX Font Info:    Font shape `T1/hlcn/m/it' will be
(Font)              scaled to size 12.24008pt on input line 721.
LaTeX Font Info:    Font shape `T1/hlcn/m/it' will be
(Font)              scaled to size 8.50006pt on input line 721.
LaTeX Font Info:    Font shape `T1/hlcn/m/it' will be
(Font)              scaled to size 5.95004pt on input line 721.
LaTeX Font Info:    Font shape `OML/hlcm/m/n' will be
(Font)              scaled to size 12.24008pt on input line 721.
LaTeX Font Info:    Font shape `LMR/hlcm/m/n' will be
(Font)              scaled to size 12.24008pt on input line 721.
LaTeX Font Info:    Font shape `T1/hlcn/b/n' in size <14.4> not available
(Font)              Font shape `T1/hlcn/m/n' tried instead on input line 721.
LaTeX Font Info:    Font shape `T1/hlcn/m/n' will be
(Font)              scaled to size 12.24008pt on input line 721.
LaTeX Font Info:    Font shape `OML/hlcm/b/itx' will be
(Font)              scaled to size 12.24008pt on input line 721.
LaTeX Font Info:    Font shape `OMS/hlcy/b/n' will be
(Font)              scaled to size 12.24008pt on input line 721.
LaTeX Font Info:    Font shape `OML/hlcm/b/n' will be
(Font)              scaled to size 12.24008pt on input line 721.
 [25

]
LaTeX Font Info:    Font shape `T1/hlcn/m/it' will be
(Font)              scaled to size 7.65005pt on input line 766.
LaTeX Font Info:    Font shape `T1/hlcn/m/it' will be
(Font)              scaled to size 4.25003pt on input line 766.
 [26

] [27

]
<eigen-example.pdf, id=236, 716.66861pt x 328.76877pt>
File: eigen-example.pdf Graphic file (type pdf)
<use eigen-example.pdf>
Package pdftex.def Info: eigen-example.pdf  used on input line 805.
(pdftex.def)             Requested size: 315.07271pt x 144.54pt.

Overfull \hbox (7.78284pt too wide) in paragraph at lines 805--805
 [] 
 []

[28

 <./eigen-example.pdf>] [29

]
\openout4 = `slides-pca.vrb'.

 (./slides-pca.vrb) [30

]
\tf@nav=\write11
\openout11 = `slides-pca.nav'.

\tf@toc=\write12
\openout12 = `slides-pca.toc'.

\tf@snm=\write13
\openout13 = `slides-pca.snm'.

Package atveryend Info: Empty hook `BeforeClearDocument' on input line 897.
Package atveryend Info: Empty hook `AfterLastShipout' on input line 897.
 (./slides-pca.aux)
Package atveryend Info: Executing hook `AtVeryEndDocument' on input line 897.
Package atveryend Info: Executing hook `AtEndAfterFileList' on input line 897.
Package rerunfilecheck Info: File `slides-pca.out' has not changed.
(rerunfilecheck)             Checksum: D41D8CD98F00B204E9800998ECF8427E;0.
 ) 
Here is how much of TeX's memory you used:
 26133 strings out of 492616
 509489 string characters out of 6128983
 584978 words of memory out of 5000000
 29370 multiletter control sequences out of 15000+600000
 64476 words of font info for 157 fonts, out of 8000000 for 9000
 1141 hyphenation exceptions out of 8191
 65i,19n,78p,777b,757s stack positions out of 5000i,500n,10000p,200000b,80000s
{/usr/local/texlive/2018/texmf-dist/fonts/enc/dvips/base/8r.enc}</Users/pmagw
ene/Library/texmf/fonts/type1/bh/lucida/lbki.pfb></Users/pmagwene/Library/texmf
/fonts/type1/bh/lucida/lbkr.pfb></Users/pmagwene/Library/texmf/fonts/type1/bh/l
ucida/lbma.pfb></Users/pmagwene/Library/texmf/fonts/type1/bh/lucida/lbmdi.pfb><
/Users/pmagwene/Library/texmf/fonts/type1/bh/lucida/lbme.pfb></Users/pmagwene/L
ibrary/texmf/fonts/type1/bh/lucida/lbmi.pfb></Users/pmagwene/Library/texmf/font
s/type1/bh/lucida/lbms.pfb></Users/pmagwene/Library/texmf/fonts/type1/bh/lucida
/lsd.pfb></Users/pmagwene/Library/texmf/fonts/type1/bh/lucida/lsdi.pfb></Users/
pmagwene/Library/texmf/fonts/type1/bh/lucida/lsi.pfb></Users/pmagwene/Library/t
exmf/fonts/type1/bh/lucida/lsr.pfb></usr/local/texlive/2018/texmf-dist/fonts/ty
pe1/public/marvosym/marvosym.pfb>
Output written on slides-pca.pdf (30 pages, 661261 bytes).
PDF statistics:
 319 PDF objects out of 1000 (max. 8388607)
 241 compressed objects within 3 object streams
 61 named destinations out of 1000 (max. 500000)
 88 words of extra memory for PDF output out of 10000 (max. 10000000)

