This is pdfTeX, Version 3.14159265-2.6-1.40.21 (TeX Live 2020) (preloaded format=pdflatex 2020.9.14)  19 APR 2021 12:54
entering extended mode
 restricted \write18 enabled.
 %&-line parsing enabled.
**slides-randomization-bootstrap.tex
(./slides-randomization-bootstrap.tex
LaTeX2e <2020-02-02> patch level 5
L3 programming layer <2020-09-06>
(/usr/local/texlive/2020/texmf-dist/tex/latex/beamer/beamer.cls
Document Class: beamer 2020/07/22 v3.59 A class for typesetting presentations
(/usr/local/texlive/2020/texmf-dist/tex/latex/beamer/beamerbasemodes.sty
(/usr/local/texlive/2020/texmf-dist/tex/latex/etoolbox/etoolbox.sty
Package: etoolbox 2020/08/24 v2.5j e-TeX tools for LaTeX (JAW)
\etb@tempcnta=\count168
)
\beamer@tempbox=\box45
\beamer@tempcount=\count169
\c@beamerpauses=\count170

(/usr/local/texlive/2020/texmf-dist/tex/latex/beamer/beamerbasedecode.sty
\beamer@slideinframe=\count171
\beamer@minimum=\count172
\beamer@decode@box=\box46
)
\beamer@commentbox=\box47
\beamer@modecount=\count173
)
(/usr/local/texlive/2020/texmf-dist/tex/generic/iftex/ifpdf.sty
Package: ifpdf 2019/10/25 v3.4 ifpdf legacy package. Use iftex instead.

(/usr/local/texlive/2020/texmf-dist/tex/generic/iftex/iftex.sty
Package: iftex 2020/03/06 v1.0d TeX engine tests
))
\headdp=\dimen134
\footheight=\dimen135
\sidebarheight=\dimen136
\beamer@tempdim=\dimen137
\beamer@finalheight=\dimen138
\beamer@animht=\dimen139
\beamer@animdp=\dimen140
\beamer@animwd=\dimen141
\beamer@leftmargin=\dimen142
\beamer@rightmargin=\dimen143
\beamer@leftsidebar=\dimen144
\beamer@rightsidebar=\dimen145
\beamer@boxsize=\dimen146
\beamer@vboxoffset=\dimen147
\beamer@descdefault=\dimen148
\beamer@descriptionwidth=\dimen149
\beamer@lastskip=\skip47
\beamer@areabox=\box48
\beamer@animcurrent=\box49
\beamer@animshowbox=\box50
\beamer@sectionbox=\box51
\beamer@logobox=\box52
\beamer@linebox=\box53
\beamer@sectioncount=\count174
\beamer@subsubsectionmax=\count175
\beamer@subsectionmax=\count176
\beamer@sectionmax=\count177
\beamer@totalheads=\count178
\beamer@headcounter=\count179
\beamer@partstartpage=\count180
\beamer@sectionstartpage=\count181
\beamer@subsectionstartpage=\count182
\beamer@animationtempa=\count183
\beamer@animationtempb=\count184
\beamer@xpos=\count185
\beamer@ypos=\count186
\beamer@ypos@offset=\count187
\beamer@showpartnumber=\count188
\beamer@currentsubsection=\count189
\beamer@coveringdepth=\count190
\beamer@sectionadjust=\count191
\beamer@tocsectionnumber=\count192

(/usr/local/texlive/2020/texmf-dist/tex/latex/beamer/beamerbaseoptions.sty
(/usr/local/texlive/2020/texmf-dist/tex/latex/graphics/keyval.sty
Package: keyval 2014/10/28 v1.15 key=value parser (DPC)
\KV@toks@=\toks15
))
\beamer@paperwidth=\skip48
\beamer@paperheight=\skip49

(/usr/local/texlive/2020/texmf-dist/tex/latex/geometry/geometry.sty
Package: geometry 2020/01/02 v5.9 Page Geometry

(/usr/local/texlive/2020/texmf-dist/tex/generic/iftex/ifvtex.sty
Package: ifvtex 2019/10/25 v1.7 ifvtex legacy package. Use iftex instead.
)
\Gm@cnth=\count193
\Gm@cntv=\count194
\c@Gm@tempcnt=\count195
\Gm@bindingoffset=\dimen150
\Gm@wd@mp=\dimen151
\Gm@odd@mp=\dimen152
\Gm@even@mp=\dimen153
\Gm@layoutwidth=\dimen154
\Gm@layoutheight=\dimen155
\Gm@layouthoffset=\dimen156
\Gm@layoutvoffset=\dimen157
\Gm@dimlist=\toks16
)
(/usr/local/texlive/2020/texmf-dist/tex/latex/base/size11.clo
File: size11.clo 2019/12/20 v1.4l Standard LaTeX file (size option)
)
(/usr/local/texlive/2020/texmf-dist/tex/latex/pgf/basiclayer/pgfcore.sty
(/usr/local/texlive/2020/texmf-dist/tex/latex/graphics/graphicx.sty
Package: graphicx 2019/11/30 v1.2a Enhanced LaTeX Graphics (DPC,SPQR)

(/usr/local/texlive/2020/texmf-dist/tex/latex/graphics/graphics.sty
Package: graphics 2019/11/30 v1.4a Standard LaTeX Graphics (DPC,SPQR)

(/usr/local/texlive/2020/texmf-dist/tex/latex/graphics/trig.sty
Package: trig 2016/01/03 v1.10 sin cos tan (DPC)
)
(/usr/local/texlive/2020/texmf-dist/tex/latex/graphics-cfg/graphics.cfg
File: graphics.cfg 2016/06/04 v1.11 sample graphics configuration
)
Package graphics Info: Driver file: pdftex.def on input line 105.

(/usr/local/texlive/2020/texmf-dist/tex/latex/graphics-def/pdftex.def
File: pdftex.def 2020/08/26 v1.2 Graphics/color driver for pdftex
))
\Gin@req@height=\dimen158
\Gin@req@width=\dimen159
)
(/usr/local/texlive/2020/texmf-dist/tex/latex/pgf/systemlayer/pgfsys.sty
(/usr/local/texlive/2020/texmf-dist/tex/latex/pgf/utilities/pgfrcs.sty
(/usr/local/texlive/2020/texmf-dist/tex/generic/pgf/utilities/pgfutil-common.te
x
\pgfutil@everybye=\toks17
\pgfutil@tempdima=\dimen160
\pgfutil@tempdimb=\dimen161

(/usr/local/texlive/2020/texmf-dist/tex/generic/pgf/utilities/pgfutil-common-li
sts.tex))
(/usr/local/texlive/2020/texmf-dist/tex/generic/pgf/utilities/pgfutil-latex.def
\pgfutil@abb=\box54
(/usr/local/texlive/2020/texmf-dist/tex/latex/ms/everyshi.sty
Package: everyshi 2001/05/15 v3.00 EveryShipout Package (MS)
))
(/usr/local/texlive/2020/texmf-dist/tex/generic/pgf/utilities/pgfrcs.code.tex
(/usr/local/texlive/2020/texmf-dist/tex/generic/pgf/pgf.revision.tex)
Package: pgfrcs 2020/01/08 v3.1.5b (3.1.5b)
))
(/usr/local/texlive/2020/texmf-dist/tex/generic/pgf/systemlayer/pgfsys.code.tex
Package: pgfsys 2020/01/08 v3.1.5b (3.1.5b)
(/usr/local/texlive/2020/texmf-dist/tex/generic/pgf/utilities/pgfkeys.code.tex
\pgfkeys@pathtoks=\toks18
\pgfkeys@temptoks=\toks19

(/usr/local/texlive/2020/texmf-dist/tex/generic/pgf/utilities/pgfkeysfiltered.c
ode.tex
\pgfkeys@tmptoks=\toks20
))
\pgf@x=\dimen162
\pgf@y=\dimen163
\pgf@xa=\dimen164
\pgf@ya=\dimen165
\pgf@xb=\dimen166
\pgf@yb=\dimen167
\pgf@xc=\dimen168
\pgf@yc=\dimen169
\pgf@xd=\dimen170
\pgf@yd=\dimen171
\w@pgf@writea=\write3
\r@pgf@reada=\read2
\c@pgf@counta=\count196
\c@pgf@countb=\count197
\c@pgf@countc=\count198
\c@pgf@countd=\count199
\t@pgf@toka=\toks21
\t@pgf@tokb=\toks22
\t@pgf@tokc=\toks23
\pgf@sys@id@count=\count266

(/usr/local/texlive/2020/texmf-dist/tex/generic/pgf/systemlayer/pgf.cfg
File: pgf.cfg 2020/01/08 v3.1.5b (3.1.5b)
)
Driver file for pgf: pgfsys-pdftex.def

(/usr/local/texlive/2020/texmf-dist/tex/generic/pgf/systemlayer/pgfsys-pdftex.d
ef
File: pgfsys-pdftex.def 2020/01/08 v3.1.5b (3.1.5b)

(/usr/local/texlive/2020/texmf-dist/tex/generic/pgf/systemlayer/pgfsys-common-p
df.def
File: pgfsys-common-pdf.def 2020/01/08 v3.1.5b (3.1.5b)
)))
(/usr/local/texlive/2020/texmf-dist/tex/generic/pgf/systemlayer/pgfsyssoftpath.
code.tex
File: pgfsyssoftpath.code.tex 2020/01/08 v3.1.5b (3.1.5b)
\pgfsyssoftpath@smallbuffer@items=\count267
\pgfsyssoftpath@bigbuffer@items=\count268
)
(/usr/local/texlive/2020/texmf-dist/tex/generic/pgf/systemlayer/pgfsysprotocol.
code.tex
File: pgfsysprotocol.code.tex 2020/01/08 v3.1.5b (3.1.5b)
)) (/usr/local/texlive/2020/texmf-dist/tex/latex/xcolor/xcolor.sty
Package: xcolor 2016/05/11 v2.12 LaTeX color extensions (UK)

(/usr/local/texlive/2020/texmf-dist/tex/latex/graphics-cfg/color.cfg
File: color.cfg 2016/01/02 v1.6 sample color configuration
)
Package xcolor Info: Driver file: pdftex.def on input line 225.
Package xcolor Info: Model `cmy' substituted by `cmy0' on input line 1348.
Package xcolor Info: Model `hsb' substituted by `rgb' on input line 1352.
Package xcolor Info: Model `RGB' extended on input line 1364.
Package xcolor Info: Model `HTML' substituted by `rgb' on input line 1366.
Package xcolor Info: Model `Hsb' substituted by `hsb' on input line 1367.
Package xcolor Info: Model `tHsb' substituted by `hsb' on input line 1368.
Package xcolor Info: Model `HSB' substituted by `hsb' on input line 1369.
Package xcolor Info: Model `Gray' substituted by `gray' on input line 1370.
Package xcolor Info: Model `wave' substituted by `hsb' on input line 1371.
)
(/usr/local/texlive/2020/texmf-dist/tex/generic/pgf/basiclayer/pgfcore.code.tex
Package: pgfcore 2020/01/08 v3.1.5b (3.1.5b)
(/usr/local/texlive/2020/texmf-dist/tex/generic/pgf/math/pgfmath.code.tex
(/usr/local/texlive/2020/texmf-dist/tex/generic/pgf/math/pgfmathcalc.code.tex
(/usr/local/texlive/2020/texmf-dist/tex/generic/pgf/math/pgfmathutil.code.tex)
(/usr/local/texlive/2020/texmf-dist/tex/generic/pgf/math/pgfmathparser.code.tex
\pgfmath@dimen=\dimen172
\pgfmath@count=\count269
\pgfmath@box=\box55
\pgfmath@toks=\toks24
\pgfmath@stack@operand=\toks25
\pgfmath@stack@operation=\toks26
)
(/usr/local/texlive/2020/texmf-dist/tex/generic/pgf/math/pgfmathfunctions.code.
tex
(/usr/local/texlive/2020/texmf-dist/tex/generic/pgf/math/pgfmathfunctions.basic
.code.tex)
(/usr/local/texlive/2020/texmf-dist/tex/generic/pgf/math/pgfmathfunctions.trigo
nometric.code.tex)
(/usr/local/texlive/2020/texmf-dist/tex/generic/pgf/math/pgfmathfunctions.rando
m.code.tex)
(/usr/local/texlive/2020/texmf-dist/tex/generic/pgf/math/pgfmathfunctions.compa
rison.code.tex)
(/usr/local/texlive/2020/texmf-dist/tex/generic/pgf/math/pgfmathfunctions.base.
code.tex)
(/usr/local/texlive/2020/texmf-dist/tex/generic/pgf/math/pgfmathfunctions.round
.code.tex)
(/usr/local/texlive/2020/texmf-dist/tex/generic/pgf/math/pgfmathfunctions.misc.
code.tex)
(/usr/local/texlive/2020/texmf-dist/tex/generic/pgf/math/pgfmathfunctions.integ
erarithmetics.code.tex)))
(/usr/local/texlive/2020/texmf-dist/tex/generic/pgf/math/pgfmathfloat.code.tex
\c@pgfmathroundto@lastzeros=\count270
)) (/usr/local/texlive/2020/texmf-dist/tex/generic/pgf/math/pgfint.code.tex)
(/usr/local/texlive/2020/texmf-dist/tex/generic/pgf/basiclayer/pgfcorepoints.co
de.tex
File: pgfcorepoints.code.tex 2020/01/08 v3.1.5b (3.1.5b)
\pgf@picminx=\dimen173
\pgf@picmaxx=\dimen174
\pgf@picminy=\dimen175
\pgf@picmaxy=\dimen176
\pgf@pathminx=\dimen177
\pgf@pathmaxx=\dimen178
\pgf@pathminy=\dimen179
\pgf@pathmaxy=\dimen180
\pgf@xx=\dimen181
\pgf@xy=\dimen182
\pgf@yx=\dimen183
\pgf@yy=\dimen184
\pgf@zx=\dimen185
\pgf@zy=\dimen186
)
(/usr/local/texlive/2020/texmf-dist/tex/generic/pgf/basiclayer/pgfcorepathconst
ruct.code.tex
File: pgfcorepathconstruct.code.tex 2020/01/08 v3.1.5b (3.1.5b)
\pgf@path@lastx=\dimen187
\pgf@path@lasty=\dimen188
)
(/usr/local/texlive/2020/texmf-dist/tex/generic/pgf/basiclayer/pgfcorepathusage
.code.tex
File: pgfcorepathusage.code.tex 2020/01/08 v3.1.5b (3.1.5b)
\pgf@shorten@end@additional=\dimen189
\pgf@shorten@start@additional=\dimen190
)
(/usr/local/texlive/2020/texmf-dist/tex/generic/pgf/basiclayer/pgfcorescopes.co
de.tex
File: pgfcorescopes.code.tex 2020/01/08 v3.1.5b (3.1.5b)
\pgfpic=\box56
\pgf@hbox=\box57
\pgf@layerbox@main=\box58
\pgf@picture@serial@count=\count271
)
(/usr/local/texlive/2020/texmf-dist/tex/generic/pgf/basiclayer/pgfcoregraphicst
ate.code.tex
File: pgfcoregraphicstate.code.tex 2020/01/08 v3.1.5b (3.1.5b)
\pgflinewidth=\dimen191
)
(/usr/local/texlive/2020/texmf-dist/tex/generic/pgf/basiclayer/pgfcoretransform
ations.code.tex
File: pgfcoretransformations.code.tex 2020/01/08 v3.1.5b (3.1.5b)
\pgf@pt@x=\dimen192
\pgf@pt@y=\dimen193
\pgf@pt@temp=\dimen194
)
(/usr/local/texlive/2020/texmf-dist/tex/generic/pgf/basiclayer/pgfcorequick.cod
e.tex
File: pgfcorequick.code.tex 2020/01/08 v3.1.5b (3.1.5b)
)
(/usr/local/texlive/2020/texmf-dist/tex/generic/pgf/basiclayer/pgfcoreobjects.c
ode.tex
File: pgfcoreobjects.code.tex 2020/01/08 v3.1.5b (3.1.5b)
)
(/usr/local/texlive/2020/texmf-dist/tex/generic/pgf/basiclayer/pgfcorepathproce
ssing.code.tex
File: pgfcorepathprocessing.code.tex 2020/01/08 v3.1.5b (3.1.5b)
)
(/usr/local/texlive/2020/texmf-dist/tex/generic/pgf/basiclayer/pgfcorearrows.co
de.tex
File: pgfcorearrows.code.tex 2020/01/08 v3.1.5b (3.1.5b)
\pgfarrowsep=\dimen195
)
(/usr/local/texlive/2020/texmf-dist/tex/generic/pgf/basiclayer/pgfcoreshade.cod
e.tex
File: pgfcoreshade.code.tex 2020/01/08 v3.1.5b (3.1.5b)
\pgf@max=\dimen196
\pgf@sys@shading@range@num=\count272
\pgf@shadingcount=\count273
)
(/usr/local/texlive/2020/texmf-dist/tex/generic/pgf/basiclayer/pgfcoreimage.cod
e.tex
File: pgfcoreimage.code.tex 2020/01/08 v3.1.5b (3.1.5b)

(/usr/local/texlive/2020/texmf-dist/tex/generic/pgf/basiclayer/pgfcoreexternal.
code.tex
File: pgfcoreexternal.code.tex 2020/01/08 v3.1.5b (3.1.5b)
\pgfexternal@startupbox=\box59
))
(/usr/local/texlive/2020/texmf-dist/tex/generic/pgf/basiclayer/pgfcorelayers.co
de.tex
File: pgfcorelayers.code.tex 2020/01/08 v3.1.5b (3.1.5b)
)
(/usr/local/texlive/2020/texmf-dist/tex/generic/pgf/basiclayer/pgfcoretranspare
ncy.code.tex
File: pgfcoretransparency.code.tex 2020/01/08 v3.1.5b (3.1.5b)
)
(/usr/local/texlive/2020/texmf-dist/tex/generic/pgf/basiclayer/pgfcorepatterns.
code.tex
File: pgfcorepatterns.code.tex 2020/01/08 v3.1.5b (3.1.5b)
)
(/usr/local/texlive/2020/texmf-dist/tex/generic/pgf/basiclayer/pgfcorerdf.code.
tex
File: pgfcorerdf.code.tex 2020/01/08 v3.1.5b (3.1.5b)
))) (/usr/local/texlive/2020/texmf-dist/tex/latex/pgf/utilities/xxcolor.sty
Package: xxcolor 2003/10/24 ver 0.1
\XC@nummixins=\count274
\XC@countmixins=\count275
) (/usr/local/texlive/2020/texmf-dist/tex/generic/atbegshi/atbegshi.sty
Package: atbegshi 2019/12/05 v1.19 At begin shipout hook (HO)

(/usr/local/texlive/2020/texmf-dist/tex/generic/infwarerr/infwarerr.sty
Package: infwarerr 2019/12/03 v1.5 Providing info/warning/error messages (HO)
)
(/usr/local/texlive/2020/texmf-dist/tex/generic/ltxcmds/ltxcmds.sty
Package: ltxcmds 2019/12/15 v1.24 LaTeX kernel commands for general use (HO)
))
(/usr/local/texlive/2020/texmf-dist/tex/latex/hyperref/hyperref.sty
Package: hyperref 2020-05-15 v7.00e Hypertext links for LaTeX

(/usr/local/texlive/2020/texmf-dist/tex/generic/pdftexcmds/pdftexcmds.sty
Package: pdftexcmds 2020-06-27 v0.33 Utility functions of pdfTeX for LuaTeX (HO
)
Package pdftexcmds Info: \pdf@primitive is available.
Package pdftexcmds Info: \pdf@ifprimitive is available.
Package pdftexcmds Info: \pdfdraftmode found.
)
(/usr/local/texlive/2020/texmf-dist/tex/generic/kvsetkeys/kvsetkeys.sty
Package: kvsetkeys 2019/12/15 v1.18 Key value parser (HO)
)
(/usr/local/texlive/2020/texmf-dist/tex/generic/kvdefinekeys/kvdefinekeys.sty
Package: kvdefinekeys 2019-12-19 v1.6 Define keys (HO)
)
(/usr/local/texlive/2020/texmf-dist/tex/generic/pdfescape/pdfescape.sty
Package: pdfescape 2019/12/09 v1.15 Implements pdfTeX's escape features (HO)
)
(/usr/local/texlive/2020/texmf-dist/tex/latex/hycolor/hycolor.sty
Package: hycolor 2020-01-27 v1.10 Color options for hyperref/bookmark (HO)
)
(/usr/local/texlive/2020/texmf-dist/tex/latex/letltxmacro/letltxmacro.sty
Package: letltxmacro 2019/12/03 v1.6 Let assignment for LaTeX macros (HO)
)
(/usr/local/texlive/2020/texmf-dist/tex/latex/auxhook/auxhook.sty
Package: auxhook 2019-12-17 v1.6 Hooks for auxiliary files (HO)
)
(/usr/local/texlive/2020/texmf-dist/tex/latex/kvoptions/kvoptions.sty
Package: kvoptions 2019/11/29 v3.13 Key value format for package options (HO)
)
\@linkdim=\dimen197
\Hy@linkcounter=\count276
\Hy@pagecounter=\count277

(/usr/local/texlive/2020/texmf-dist/tex/latex/hyperref/pd1enc.def
File: pd1enc.def 2020-05-15 v7.00e Hyperref: PDFDocEncoding definition (HO)
Now handling font encoding PD1 ...
... no UTF-8 mapping file for font encoding PD1
)
(/usr/local/texlive/2020/texmf-dist/tex/generic/intcalc/intcalc.sty
Package: intcalc 2019/12/15 v1.3 Expandable calculations with integers (HO)
)
(/usr/local/texlive/2020/texmf-dist/tex/generic/etexcmds/etexcmds.sty
Package: etexcmds 2019/12/15 v1.7 Avoid name clashes with e-TeX commands (HO)
)
\Hy@SavedSpaceFactor=\count278
Package hyperref Info: Option `bookmarks' set `true' on input line 4338.
Package hyperref Info: Option `bookmarksopen' set `true' on input line 4338.
Package hyperref Info: Option `implicit' set `false' on input line 4338.
Package hyperref Info: Hyper figures OFF on input line 4464.
Package hyperref Info: Link nesting OFF on input line 4469.
Package hyperref Info: Hyper index ON on input line 4472.
Package hyperref Info: Plain pages OFF on input line 4479.
Package hyperref Info: Backreferencing OFF on input line 4484.
Package hyperref Info: Implicit mode OFF; no redefinition of LaTeX internals.
Package hyperref Info: Bookmarks ON on input line 4717.
\c@Hy@tempcnt=\count279

(/usr/local/texlive/2020/texmf-dist/tex/latex/url/url.sty
\Urlmuskip=\muskip16
Package: url 2013/09/16  ver 3.4  Verb mode for urls, etc.
)
LaTeX Info: Redefining \url on input line 5076.
\XeTeXLinkMargin=\dimen198

(/usr/local/texlive/2020/texmf-dist/tex/generic/bitset/bitset.sty
Package: bitset 2019/12/09 v1.3 Handle bit-vector datatype (HO)

(/usr/local/texlive/2020/texmf-dist/tex/generic/bigintcalc/bigintcalc.sty
Package: bigintcalc 2019/12/15 v1.5 Expandable calculations on big integers (HO
)
))
\Fld@menulength=\count280
\Field@Width=\dimen199
\Fld@charsize=\dimen256
Package hyperref Info: Hyper figures OFF on input line 6347.
Package hyperref Info: Link nesting OFF on input line 6352.
Package hyperref Info: Hyper index ON on input line 6355.
Package hyperref Info: backreferencing OFF on input line 6362.
Package hyperref Info: Link coloring OFF on input line 6367.
Package hyperref Info: Link coloring with OCG OFF on input line 6372.
Package hyperref Info: PDF/A mode OFF on input line 6377.
LaTeX Info: Redefining \ref on input line 6417.
LaTeX Info: Redefining \pageref on input line 6421.
\Hy@abspage=\count281


Package hyperref Message: Stopped early.

)
Package hyperref Info: Driver (autodetected): hpdftex.
 (/usr/local/texlive/2020/texmf-dist/tex/latex/hyperref/hpdftex.def
File: hpdftex.def 2020-05-15 v7.00e Hyperref driver for pdfTeX

(/usr/local/texlive/2020/texmf-dist/tex/latex/atveryend/atveryend.sty
Package: atveryend 2019-12-11 v1.11 Hooks at the very end of document (HO)
)
\Fld@listcount=\count282
\c@bookmark@seq@number=\count283

(/usr/local/texlive/2020/texmf-dist/tex/latex/rerunfilecheck/rerunfilecheck.sty
Package: rerunfilecheck 2019/12/05 v1.9 Rerun checks for auxiliary files (HO)

(/usr/local/texlive/2020/texmf-dist/tex/generic/uniquecounter/uniquecounter.sty
Package: uniquecounter 2019/12/15 v1.4 Provide unlimited unique counter (HO)
)
Package uniquecounter Info: New unique counter `rerunfilecheck' on input line 2
86.
)) (/usr/local/texlive/2020/texmf-dist/tex/latex/beamer/beamerbaserequires.sty
(/usr/local/texlive/2020/texmf-dist/tex/latex/beamer/beamerbasecompatibility.st
y) (/usr/local/texlive/2020/texmf-dist/tex/latex/beamer/beamerbasefont.sty
(/usr/local/texlive/2020/texmf-dist/tex/latex/amsfonts/amssymb.sty
Package: amssymb 2013/01/14 v3.01 AMS font symbols

(/usr/local/texlive/2020/texmf-dist/tex/latex/amsfonts/amsfonts.sty
Package: amsfonts 2013/01/14 v3.01 Basic AMSFonts support
\@emptytoks=\toks27
\symAMSa=\mathgroup4
\symAMSb=\mathgroup5
LaTeX Font Info:    Redeclaring math symbol \hbar on input line 98.
LaTeX Font Info:    Overwriting math alphabet `\mathfrak' in version `bold'
(Font)                  U/euf/m/n --> U/euf/b/n on input line 106.
))
(/usr/local/texlive/2020/texmf-dist/tex/latex/sansmathaccent/sansmathaccent.sty
Package: sansmathaccent 2020/01/31
(/usr/local/texlive/2020/texmf-dist/tex/latex/koma-script/scrlfile.sty
Package: scrlfile 2020/07/22 v3.31 KOMA-Script package (loading files)
)))
(/usr/local/texlive/2020/texmf-dist/tex/latex/beamer/beamerbasetranslator.sty
(/usr/local/texlive/2020/texmf-dist/tex/latex/translator/translator.sty
Package: translator 2020-08-03 v1.12c Easy translation of strings in LaTeX
))
(/usr/local/texlive/2020/texmf-dist/tex/latex/beamer/beamerbasemisc.sty)
(/usr/local/texlive/2020/texmf-dist/tex/latex/beamer/beamerbasetwoscreens.sty)
(/usr/local/texlive/2020/texmf-dist/tex/latex/beamer/beamerbaseoverlay.sty
\beamer@argscount=\count284
\beamer@lastskipcover=\skip50
\beamer@trivlistdepth=\count285
)
(/usr/local/texlive/2020/texmf-dist/tex/latex/beamer/beamerbasetitle.sty)
(/usr/local/texlive/2020/texmf-dist/tex/latex/beamer/beamerbasesection.sty
\c@lecture=\count286
\c@part=\count287
\c@section=\count288
\c@subsection=\count289
\c@subsubsection=\count290
)
(/usr/local/texlive/2020/texmf-dist/tex/latex/beamer/beamerbaseframe.sty
\beamer@framebox=\box60
\beamer@frametitlebox=\box61
\beamer@zoombox=\box62
\beamer@zoomcount=\count291
\beamer@zoomframecount=\count292
\beamer@frametextheight=\dimen257
\c@subsectionslide=\count293
\beamer@frametopskip=\skip51
\beamer@framebottomskip=\skip52
\beamer@frametopskipautobreak=\skip53
\beamer@framebottomskipautobreak=\skip54
\beamer@envbody=\toks28
\framewidth=\dimen258
\c@framenumber=\count294
)
(/usr/local/texlive/2020/texmf-dist/tex/latex/beamer/beamerbaseverbatim.sty
\beamer@verbatimfileout=\write4
)
(/usr/local/texlive/2020/texmf-dist/tex/latex/beamer/beamerbaseframesize.sty
\beamer@splitbox=\box63
\beamer@autobreakcount=\count295
\beamer@autobreaklastheight=\dimen259
\beamer@frametitletoks=\toks29
\beamer@framesubtitletoks=\toks30
)
(/usr/local/texlive/2020/texmf-dist/tex/latex/beamer/beamerbaseframecomponents.
sty
\beamer@footins=\box64
) (/usr/local/texlive/2020/texmf-dist/tex/latex/beamer/beamerbasecolor.sty)
(/usr/local/texlive/2020/texmf-dist/tex/latex/beamer/beamerbasenotes.sty
\beamer@frameboxcopy=\box65
)
(/usr/local/texlive/2020/texmf-dist/tex/latex/beamer/beamerbasetoc.sty)
(/usr/local/texlive/2020/texmf-dist/tex/latex/beamer/beamerbasetemplates.sty
\beamer@sbttoks=\toks31

(/usr/local/texlive/2020/texmf-dist/tex/latex/beamer/beamerbaseauxtemplates.sty
(/usr/local/texlive/2020/texmf-dist/tex/latex/beamer/beamerbaseboxes.sty
\bmb@box=\box66
\bmb@colorbox=\box67
\bmb@boxshadow=\box68
\bmb@boxshadowball=\box69
\bmb@boxshadowballlarge=\box70
\bmb@temp=\dimen260
\bmb@dima=\dimen261
\bmb@dimb=\dimen262
\bmb@prevheight=\dimen263
)
\beamer@blockheadheight=\dimen264
))
(/usr/local/texlive/2020/texmf-dist/tex/latex/beamer/beamerbaselocalstructure.s
ty (/usr/local/texlive/2020/texmf-dist/tex/latex/tools/enumerate.sty
Package: enumerate 2015/07/23 v3.00 enumerate extensions (DPC)
\@enLab=\toks32
)
\c@figure=\count296
\c@table=\count297
\abovecaptionskip=\skip55
\belowcaptionskip=\skip56
)
(/usr/local/texlive/2020/texmf-dist/tex/latex/beamer/beamerbasenavigation.sty
\beamer@section@min@dim=\dimen265
)
(/usr/local/texlive/2020/texmf-dist/tex/latex/beamer/beamerbasetheorems.sty
(/usr/local/texlive/2020/texmf-dist/tex/latex/amsmath/amsmath.sty
Package: amsmath 2020/01/20 v2.17e AMS math features
\@mathmargin=\skip57

For additional information on amsmath, use the `?' option.
(/usr/local/texlive/2020/texmf-dist/tex/latex/amsmath/amstext.sty
Package: amstext 2000/06/29 v2.01 AMS text

(/usr/local/texlive/2020/texmf-dist/tex/latex/amsmath/amsgen.sty
File: amsgen.sty 1999/11/30 v2.0 generic functions
\@emptytoks=\toks33
\ex@=\dimen266
))
(/usr/local/texlive/2020/texmf-dist/tex/latex/amsmath/amsbsy.sty
Package: amsbsy 1999/11/29 v1.2d Bold Symbols
\pmbraise@=\dimen267
)
(/usr/local/texlive/2020/texmf-dist/tex/latex/amsmath/amsopn.sty
Package: amsopn 2016/03/08 v2.02 operator names
)
\inf@bad=\count298
LaTeX Info: Redefining \frac on input line 227.
\uproot@=\count299
\leftroot@=\count300
LaTeX Info: Redefining \overline on input line 389.
\classnum@=\count301
\DOTSCASE@=\count302
LaTeX Info: Redefining \ldots on input line 486.
LaTeX Info: Redefining \dots on input line 489.
LaTeX Info: Redefining \cdots on input line 610.
\Mathstrutbox@=\box71
\strutbox@=\box72
\big@size=\dimen268
LaTeX Font Info:    Redeclaring font encoding OML on input line 733.
LaTeX Font Info:    Redeclaring font encoding OMS on input line 734.
\macc@depth=\count303
\c@MaxMatrixCols=\count304
\dotsspace@=\muskip17
\c@parentequation=\count305
\dspbrk@lvl=\count306
\tag@help=\toks34
\row@=\count307
\column@=\count308
\maxfields@=\count309
\andhelp@=\toks35
\eqnshift@=\dimen269
\alignsep@=\dimen270
\tagshift@=\dimen271
\tagwidth@=\dimen272
\totwidth@=\dimen273
\lineht@=\dimen274
\@envbody=\toks36
\multlinegap=\skip58
\multlinetaggap=\skip59
\mathdisplay@stack=\toks37
LaTeX Info: Redefining \[ on input line 2859.
LaTeX Info: Redefining \] on input line 2860.
)
(/usr/local/texlive/2020/texmf-dist/tex/latex/amscls/amsthm.sty
Package: amsthm 2020/05/29 v2.20.6
\thm@style=\toks38
\thm@bodyfont=\toks39
\thm@headfont=\toks40
\thm@notefont=\toks41
\thm@headpunct=\toks42
\thm@preskip=\skip60
\thm@postskip=\skip61
\thm@headsep=\skip62
\dth@everypar=\toks43
)
\c@theorem=\count310
)
(/usr/local/texlive/2020/texmf-dist/tex/latex/beamer/beamerbasethemes.sty))
(/usr/local/texlive/2020/texmf-dist/tex/latex/beamer/beamerthemedefault.sty
(/usr/local/texlive/2020/texmf-dist/tex/latex/beamer/beamerfontthemedefault.sty
)
(/usr/local/texlive/2020/texmf-dist/tex/latex/beamer/beamercolorthemedefault.st
y)
(/usr/local/texlive/2020/texmf-dist/tex/latex/beamer/beamerinnerthemedefault.st
y
\beamer@dima=\dimen275
\beamer@dimb=\dimen276
)
(/usr/local/texlive/2020/texmf-dist/tex/latex/beamer/beamerouterthemedefault.st
y))) (./slidespreamble.tex
(/Users/pmagwene/Library/texmf/tex/latex/beamer-theme-collection/beamerinnerthe
mechamfered.sty
(/usr/local/texlive/2020/texmf-dist/tex/latex/pgf/frontendlayer/tikz.sty
(/usr/local/texlive/2020/texmf-dist/tex/latex/pgf/basiclayer/pgf.sty
Package: pgf 2020/01/08 v3.1.5b (3.1.5b)

(/usr/local/texlive/2020/texmf-dist/tex/generic/pgf/modules/pgfmoduleshapes.cod
e.tex
File: pgfmoduleshapes.code.tex 2020/01/08 v3.1.5b (3.1.5b)
\pgfnodeparttextbox=\box73
)
(/usr/local/texlive/2020/texmf-dist/tex/generic/pgf/modules/pgfmoduleplot.code.
tex
File: pgfmoduleplot.code.tex 2020/01/08 v3.1.5b (3.1.5b)
)
(/usr/local/texlive/2020/texmf-dist/tex/latex/pgf/compatibility/pgfcomp-version
-0-65.sty
Package: pgfcomp-version-0-65 2020/01/08 v3.1.5b (3.1.5b)
\pgf@nodesepstart=\dimen277
\pgf@nodesepend=\dimen278
)
(/usr/local/texlive/2020/texmf-dist/tex/latex/pgf/compatibility/pgfcomp-version
-1-18.sty
Package: pgfcomp-version-1-18 2020/01/08 v3.1.5b (3.1.5b)
))
(/usr/local/texlive/2020/texmf-dist/tex/latex/pgf/utilities/pgffor.sty
(/usr/local/texlive/2020/texmf-dist/tex/latex/pgf/utilities/pgfkeys.sty
(/usr/local/texlive/2020/texmf-dist/tex/generic/pgf/utilities/pgfkeys.code.tex)
) (/usr/local/texlive/2020/texmf-dist/tex/latex/pgf/math/pgfmath.sty
(/usr/local/texlive/2020/texmf-dist/tex/generic/pgf/math/pgfmath.code.tex))
(/usr/local/texlive/2020/texmf-dist/tex/generic/pgf/utilities/pgffor.code.tex
Package: pgffor 2020/01/08 v3.1.5b (3.1.5b)

(/usr/local/texlive/2020/texmf-dist/tex/generic/pgf/math/pgfmath.code.tex)
\pgffor@iter=\dimen279
\pgffor@skip=\dimen280
\pgffor@stack=\toks44
\pgffor@toks=\toks45
))
(/usr/local/texlive/2020/texmf-dist/tex/generic/pgf/frontendlayer/tikz/tikz.cod
e.tex
Package: tikz 2020/01/08 v3.1.5b (3.1.5b)

(/usr/local/texlive/2020/texmf-dist/tex/generic/pgf/libraries/pgflibraryplothan
dlers.code.tex
File: pgflibraryplothandlers.code.tex 2020/01/08 v3.1.5b (3.1.5b)
\pgf@plot@mark@count=\count311
\pgfplotmarksize=\dimen281
)
\tikz@lastx=\dimen282
\tikz@lasty=\dimen283
\tikz@lastxsaved=\dimen284
\tikz@lastysaved=\dimen285
\tikz@lastmovetox=\dimen286
\tikz@lastmovetoy=\dimen287
\tikzleveldistance=\dimen288
\tikzsiblingdistance=\dimen289
\tikz@figbox=\box74
\tikz@figbox@bg=\box75
\tikz@tempbox=\box76
\tikz@tempbox@bg=\box77
\tikztreelevel=\count312
\tikznumberofchildren=\count313
\tikznumberofcurrentchild=\count314
\tikz@fig@count=\count315

(/usr/local/texlive/2020/texmf-dist/tex/generic/pgf/modules/pgfmodulematrix.cod
e.tex
File: pgfmodulematrix.code.tex 2020/01/08 v3.1.5b (3.1.5b)
\pgfmatrixcurrentrow=\count316
\pgfmatrixcurrentcolumn=\count317
\pgf@matrix@numberofcolumns=\count318
)
\tikz@expandcount=\count319

(/usr/local/texlive/2020/texmf-dist/tex/generic/pgf/frontendlayer/tikz/librarie
s/tikzlibrarytopaths.code.tex
File: tikzlibrarytopaths.code.tex 2020/01/08 v3.1.5b (3.1.5b)
)))
(/usr/local/texlive/2020/texmf-dist/tex/latex/mathtools/mathtools.sty
Package: mathtools 2020/03/24 v1.24 mathematical typesetting tools

(/usr/local/texlive/2020/texmf-dist/tex/latex/tools/calc.sty
Package: calc 2017/05/25 v4.3 Infix arithmetic (KKT,FJ)
\calc@Acount=\count320
\calc@Bcount=\count321
\calc@Adimen=\dimen290
\calc@Bdimen=\dimen291
\calc@Askip=\skip63
\calc@Bskip=\skip64
LaTeX Info: Redefining \setlength on input line 80.
LaTeX Info: Redefining \addtolength on input line 81.
\calc@Ccount=\count322
\calc@Cskip=\skip65
)
(/usr/local/texlive/2020/texmf-dist/tex/latex/mathtools/mhsetup.sty
Package: mhsetup 2017/03/31 v1.3 programming setup (MH)
)
LaTeX Info: Thecontrolsequence`\('isalreadyrobust on input line 130.
LaTeX Info: Thecontrolsequence`\)'isalreadyrobust on input line 130.
LaTeX Info: Thecontrolsequence`\['isalreadyrobust on input line 130.
LaTeX Info: Thecontrolsequence`\]'isalreadyrobust on input line 130.
\g_MT_multlinerow_int=\count323
\l_MT_multwidth_dim=\dimen292
\origjot=\skip66
\l_MT_shortvdotswithinadjustabove_dim=\dimen293
\l_MT_shortvdotswithinadjustbelow_dim=\dimen294
\l_MT_above_intertext_sep=\dimen295
\l_MT_below_intertext_sep=\dimen296
\l_MT_above_shortintertext_sep=\dimen297
\l_MT_below_shortintertext_sep=\dimen298
\xmathstrut@box=\box78
\xmathstrut@dim=\dimen299
)
\bmb@corners=\dimen300
\bmb@padding=\dimen301
\bmb@headheight=\dimen302
\bmb@headdepth=\dimen303
\bmb@bodyheight=\dimen304
\bmb@bodydepth=\dimen305
\bmb@headbodyseperation=\dimen306
\tmpa=\skip67
\bmb@headbox=\box79
\bmb@bodybox=\box80
)
(/usr/local/texlive/2020/texmf-dist/tex/latex/beamer/beamercolorthemebeaver.sty
)
(/usr/local/texlive/2020/texmf-dist/tex/latex/beamer/beamerfontthemeprofessiona
lfonts.sty) (/Users/pmagwene/Library/texmf/tex/latex/lucimatx/lucimatx.sty
Package: lucimatx 2005/11/28 1.0.1Lucida Bright/New Math font support (PCTeX In
c)
Package lucimatx Info: Scaling Lucida fonts to 0.85 on input line 109.

(/usr/local/texlive/2020/texmf-dist/tex/latex/base/fontenc.sty
Package: fontenc 2020/02/11 v2.0o Standard LaTeX package
LaTeX Font Info:    Trying to load font information for T1+hls on input line 11
2.

(/Users/pmagwene/Library/texmf/tex/latex/lucida/t1hls.fd
File: t1hls.fd 2005/09/15 font definitions for T1/hls (WaS/PCTeX/TUG)
)
LaTeX Font Info:    Font shape `T1/hls/m/n' will be
(Font)              scaled to size 9.30756pt on input line 112.
)
(/usr/local/texlive/2020/texmf-dist/tex/latex/base/textcomp.sty
Package: textcomp 2020/02/02 v2.0n Standard LaTeX package
)
Package lucimatx Info: Default font encoding changed to T1;
(lucimatx)             package `textcomp' loaded additionally on input line 184
.
LaTeX Font Info:    Changing hlh sub-encoding to TS1/1 on input line 193.
Package lucimatx Info: TeX math style on input line 231.
Now handling font encoding LMR ...
... no UTF-8 mapping file for font encoding LMR
LaTeX Font Info:    Redeclaring symbol font `letters' on input line 297.
LaTeX Font Info:    Overwriting symbol font `letters' in version `normal'
(Font)                  OML/cmm/m/it --> OML/hlcm/m/itx on input line 297.
LaTeX Font Info:    Overwriting symbol font `letters' in version `bold'
(Font)                  OML/cmm/b/it --> OML/hlcm/m/itx on input line 297.
\symupright=\mathgroup6
LaTeX Font Info:    Redeclaring symbol font `symbols' on input line 299.
LaTeX Font Info:    Overwriting symbol font `symbols' in version `normal'
(Font)                  OMS/cmsy/m/n --> OMS/hlcy/m/n on input line 299.
LaTeX Font Info:    Overwriting symbol font `symbols' in version `bold'
(Font)                  OMS/cmsy/b/n --> OMS/hlcy/m/n on input line 299.
LaTeX Font Info:    Redeclaring symbol font `largesymbols' on input line 300.
LaTeX Font Info:    Overwriting symbol font `largesymbols' in version `normal'
(Font)                  OMX/cmex/m/n --> OMX/hlcv/m/n on input line 300.
LaTeX Font Info:    Overwriting symbol font `largesymbols' in version `bold'
(Font)                  OMX/cmex/m/n --> OMX/hlcv/m/n on input line 300.
LaTeX Font Info:    Overwriting symbol font `letters' in version `bold'
(Font)                  OML/hlcm/m/itx --> OML/hlcm/b/itx on input line 301.
LaTeX Font Info:    Overwriting symbol font `upright' in version `bold'
(Font)                  OML/hlcm/m/n --> OML/hlcm/b/n on input line 302.
LaTeX Font Info:    Overwriting symbol font `symbols' in version `bold'
(Font)                  OMS/hlcy/m/n --> OMS/hlcy/b/n on input line 303.
\symarrows=\mathgroup7
LaTeX Font Info:    Overwriting symbol font `arrows' in version `bold'
(Font)                  LMR/hlcm/m/n --> LMR/hlcm/b/n on input line 305.
LaTeX Font Info:    Redeclaring symbol font `operators' on input line 306.
LaTeX Font Info:    Encoding `OT1' has changed to `T1' for symbol font
(Font)              `operators' in the math version `normal' on input line 306.

LaTeX Font Info:    Overwriting symbol font `operators' in version `normal'
(Font)                  OT1/cmr/m/n --> T1/hlcn/m/n on input line 306.
LaTeX Font Info:    Encoding `OT1' has changed to `T1' for symbol font
(Font)              `operators' in the math version `bold' on input line 306.
LaTeX Font Info:    Overwriting symbol font `operators' in version `bold'
(Font)                  OT1/cmr/bx/n --> T1/hlcn/m/n on input line 306.
LaTeX Font Info:    Overwriting symbol font `operators' in version `bold'
(Font)                  T1/hlcn/m/n --> T1/hlcn/b/n on input line 307.
LaTeX Font Info:    Redeclaring math alphabet \mathbf on input line 308.
LaTeX Font Info:    Overwriting math alphabet `\mathbf' in version `normal'
(Font)                  OT1/cmr/bx/n --> T1/hlcn/b/n on input line 308.
LaTeX Font Info:    Overwriting math alphabet `\mathbf' in version `bold'
(Font)                  OT1/cmr/bx/n --> T1/hlcn/b/n on input line 308.
LaTeX Font Info:    Redeclaring math alphabet \mathrm on input line 310.
LaTeX Font Info:    Redeclaring math alphabet \mathsf on input line 311.
LaTeX Font Info:    Overwriting math alphabet `\mathsf' in version `normal'
(Font)                  OT1/cmss/m/n --> T1/hls/m/n on input line 311.
LaTeX Font Info:    Overwriting math alphabet `\mathsf' in version `bold'
(Font)                  OT1/cmss/bx/n --> T1/hls/m/n on input line 311.
LaTeX Font Info:    Redeclaring math alphabet \mathit on input line 312.
LaTeX Font Info:    Overwriting math alphabet `\mathit' in version `normal'
(Font)                  OT1/cmr/m/it --> T1/hlcn/m/it on input line 312.
LaTeX Font Info:    Overwriting math alphabet `\mathit' in version `bold'
(Font)                  OT1/cmr/bx/it --> T1/hlcn/m/it on input line 312.
LaTeX Font Info:    Redeclaring math alphabet \mathtt on input line 313.
LaTeX Font Info:    Overwriting math alphabet `\mathtt' in version `normal'
(Font)                  OT1/cmtt/m/n --> T1/hlst/m/n on input line 313.
LaTeX Font Info:    Overwriting math alphabet `\mathtt' in version `bold'
(Font)                  OT1/cmtt/m/n --> T1/hlst/m/n on input line 313.
LaTeX Font Info:    Redeclaring math alphabet \mathfrak on input line 314.
LaTeX Font Info:    Overwriting math alphabet `\mathfrak' in version `normal'
(Font)                  U/euf/m/n --> T1/hlcf/m/n on input line 314.
LaTeX Font Info:    Overwriting math alphabet `\mathfrak' in version `bold'
(Font)                  U/euf/b/n --> T1/hlcf/m/n on input line 314.
LaTeX Font Info:    Overwriting math alphabet `\mathsf' in version `bold'
(Font)                  T1/hls/m/n --> T1/hls/b/n on input line 315.
LaTeX Font Info:    Overwriting math alphabet `\mathrm' in version `bold'
(Font)                  T1/hlcn/m/n --> T1/hlcn/b/n on input line 316.
LaTeX Font Info:    Overwriting math alphabet `\mathit' in version `bold'
(Font)                  T1/hlcn/m/it --> T1/hlcn/b/it on input line 317.
LaTeX Font Info:    Overwriting math alphabet `\mathtt' in version `bold'
(Font)                  T1/hlst/m/n --> T1/hlst/b/n on input line 318.
LaTeX Font Info:    Redeclaring math accent \acute on input line 335.
LaTeX Font Info:    Redeclaring math accent \grave on input line 336.
LaTeX Font Info:    Redeclaring math accent \ddot on input line 337.
LaTeX Font Info:    Redeclaring math accent \tilde on input line 338.
LaTeX Font Info:    Redeclaring math accent \bar on input line 339.
LaTeX Font Info:    Redeclaring math accent \breve on input line 340.
LaTeX Font Info:    Redeclaring math accent \check on input line 341.
LaTeX Font Info:    Redeclaring math accent \hat on input line 342.
LaTeX Font Info:    Redeclaring math accent \dot on input line 343.
LaTeX Font Info:    Redeclaring math accent \mathring on input line 344.
LaTeX Font Info:    Redeclaring math symbol \leftrightharpoons on input line 55
5.
LaTeX Font Info:    Redeclaring math symbol \boxdot on input line 571.
LaTeX Font Info:    Redeclaring math symbol \boxplus on input line 572.
LaTeX Font Info:    Redeclaring math symbol \boxtimes on input line 573.
LaTeX Font Info:    Redeclaring math symbol \square on input line 574.
LaTeX Font Info:    Redeclaring math symbol \blacksquare on input line 575.
LaTeX Font Info:    Redeclaring math symbol \centerdot on input line 576.
LaTeX Font Info:    Redeclaring math symbol \lozenge on input line 577.
LaTeX Font Info:    Redeclaring math symbol \blacklozenge on input line 578.
LaTeX Font Info:    Redeclaring math symbol \circlearrowright on input line 579
.
LaTeX Font Info:    Redeclaring math symbol \circlearrowleft on input line 580.

LaTeX Font Info:    Redeclaring math symbol \rightleftharpoons on input line 58
1.
LaTeX Font Info:    Redeclaring math symbol \leftrightharpoons on input line 58
2.
LaTeX Font Info:    Redeclaring math symbol \boxminus on input line 583.
LaTeX Font Info:    Redeclaring math symbol \Vdash on input line 584.
LaTeX Font Info:    Redeclaring math symbol \Vvdash on input line 585.
LaTeX Font Info:    Redeclaring math symbol \vDash on input line 586.
LaTeX Font Info:    Redeclaring math symbol \twoheadrightarrow on input line 58
7.
LaTeX Font Info:    Redeclaring math symbol \twoheadleftarrow on input line 588
.
LaTeX Font Info:    Redeclaring math symbol \leftleftarrows on input line 589.
LaTeX Font Info:    Redeclaring math symbol \rightrightarrows on input line 590
.
LaTeX Font Info:    Redeclaring math symbol \upuparrows on input line 591.
LaTeX Font Info:    Redeclaring math symbol \downdownarrows on input line 592.
LaTeX Font Info:    Redeclaring math symbol \upharpoonright on input line 593.
LaTeX Font Info:    Redeclaring math symbol \downharpoonright on input line 594
.
LaTeX Font Info:    Redeclaring math symbol \upharpoonleft on input line 595.
LaTeX Font Info:    Redeclaring math symbol \downharpoonleft on input line 596.

LaTeX Font Info:    Redeclaring math symbol \rightarrowtail on input line 597.
LaTeX Font Info:    Redeclaring math symbol \leftarrowtail on input line 598.
LaTeX Font Info:    Redeclaring math symbol \leftrightarrows on input line 599.

LaTeX Font Info:    Redeclaring math symbol \rightleftarrows on input line 600.

LaTeX Font Info:    Redeclaring math symbol \Lsh on input line 601.
LaTeX Font Info:    Redeclaring math symbol \Rsh on input line 602.
LaTeX Font Info:    Redeclaring math symbol \rightsquigarrow on input line 603.

LaTeX Font Info:    Redeclaring math symbol \leftrightsquigarrow on input line 
604.
LaTeX Font Info:    Redeclaring math symbol \looparrowleft on input line 605.
LaTeX Font Info:    Redeclaring math symbol \looparrowright on input line 606.
LaTeX Font Info:    Redeclaring math symbol \circeq on input line 607.
LaTeX Font Info:    Redeclaring math symbol \succsim on input line 608.
LaTeX Font Info:    Redeclaring math symbol \gtrsim on input line 609.
LaTeX Font Info:    Redeclaring math symbol \gtrapprox on input line 610.
LaTeX Font Info:    Redeclaring math symbol \multimap on input line 611.
LaTeX Font Info:    Redeclaring math symbol \therefore on input line 612.
LaTeX Font Info:    Redeclaring math symbol \because on input line 613.
LaTeX Font Info:    Redeclaring math symbol \doteqdot on input line 614.
LaTeX Font Info:    Redeclaring math symbol \triangleq on input line 615.
LaTeX Font Info:    Redeclaring math symbol \precsim on input line 616.
LaTeX Font Info:    Redeclaring math symbol \lesssim on input line 617.
LaTeX Font Info:    Redeclaring math symbol \lessapprox on input line 618.
LaTeX Font Info:    Redeclaring math symbol \eqslantless on input line 619.
LaTeX Font Info:    Redeclaring math symbol \eqslantgtr on input line 620.
LaTeX Font Info:    Redeclaring math symbol \curlyeqprec on input line 621.
LaTeX Font Info:    Redeclaring math symbol \curlyeqsucc on input line 622.
LaTeX Font Info:    Redeclaring math symbol \preccurlyeq on input line 623.
LaTeX Font Info:    Redeclaring math symbol \leqq on input line 624.
LaTeX Font Info:    Redeclaring math symbol \leqslant on input line 625.
LaTeX Font Info:    Redeclaring math symbol \lessgtr on input line 626.
LaTeX Font Info:    Redeclaring math symbol \backprime on input line 627.
LaTeX Font Info:    Redeclaring math symbol \risingdotseq on input line 628.
LaTeX Font Info:    Redeclaring math symbol \fallingdotseq on input line 629.
LaTeX Font Info:    Redeclaring math symbol \succcurlyeq on input line 630.
LaTeX Font Info:    Redeclaring math symbol \geqq on input line 631.
LaTeX Font Info:    Redeclaring math symbol \geqslant on input line 632.
LaTeX Font Info:    Redeclaring math symbol \gtrless on input line 633.
LaTeX Font Info:    Redeclaring math symbol \vartriangleright on input line 636
.
LaTeX Font Info:    Redeclaring math symbol \vartriangleleft on input line 637.

LaTeX Font Info:    Redeclaring math symbol \trianglerighteq on input line 638.

LaTeX Font Info:    Redeclaring math symbol \trianglelefteq on input line 639.
LaTeX Font Info:    Redeclaring math symbol \bigstar on input line 640.
LaTeX Font Info:    Redeclaring math symbol \between on input line 641.
LaTeX Font Info:    Redeclaring math symbol \blacktriangledown on input line 64
2.
LaTeX Font Info:    Redeclaring math symbol \blacktriangleright on input line 6
43.
LaTeX Font Info:    Redeclaring math symbol \blacktriangleleft on input line 64
4.
LaTeX Font Info:    Redeclaring math symbol \vartriangle on input line 645.
LaTeX Font Info:    Redeclaring math symbol \blacktriangle on input line 646.
LaTeX Font Info:    Redeclaring math symbol \triangledown on input line 647.
LaTeX Font Info:    Redeclaring math symbol \eqcirc on input line 648.
LaTeX Font Info:    Redeclaring math symbol \lesseqgtr on input line 649.
LaTeX Font Info:    Redeclaring math symbol \gtreqless on input line 650.
LaTeX Font Info:    Redeclaring math symbol \lesseqqgtr on input line 651.
LaTeX Font Info:    Redeclaring math symbol \gtreqqless on input line 652.
LaTeX Font Info:    Redeclaring math symbol \Rrightarrow on input line 653.
LaTeX Font Info:    Redeclaring math symbol \Lleftarrow on input line 654.
LaTeX Font Info:    Redeclaring math symbol \veebar on input line 655.
LaTeX Font Info:    Redeclaring math symbol \barwedge on input line 656.
LaTeX Font Info:    Redeclaring math symbol \doublebarwedge on input line 657.
LaTeX Font Info:    Redeclaring math symbol \angle on input line 658.
LaTeX Font Info:    Redeclaring math symbol \measuredangle on input line 659.
LaTeX Font Info:    Redeclaring math symbol \sphericalangle on input line 660.
LaTeX Font Info:    Redeclaring math symbol \varpropto on input line 661.
LaTeX Font Info:    Redeclaring math symbol \smallsmile on input line 662.
LaTeX Font Info:    Redeclaring math symbol \smallfrown on input line 663.
LaTeX Font Info:    Redeclaring math symbol \Subset on input line 664.
LaTeX Font Info:    Redeclaring math symbol \Supset on input line 665.
LaTeX Font Info:    Redeclaring math symbol \Cup on input line 666.
LaTeX Font Info:    Redeclaring math symbol \Cap on input line 667.
LaTeX Font Info:    Redeclaring math symbol \curlywedge on input line 668.
LaTeX Font Info:    Redeclaring math symbol \curlyvee on input line 669.
LaTeX Font Info:    Redeclaring math symbol \leftthreetimes on input line 670.
LaTeX Font Info:    Redeclaring math symbol \rightthreetimes on input line 671.

LaTeX Font Info:    Redeclaring math symbol \subseteqq on input line 672.
LaTeX Font Info:    Redeclaring math symbol \supseteqq on input line 673.
LaTeX Font Info:    Redeclaring math symbol \bumpeq on input line 674.
LaTeX Font Info:    Redeclaring math symbol \Bumpeq on input line 675.
LaTeX Font Info:    Redeclaring math symbol \lll on input line 676.
LaTeX Font Info:    Redeclaring math symbol \ggg on input line 677.
LaTeX Font Info:    Redeclaring math symbol \circledS on input line 678.
LaTeX Font Info:    Redeclaring math symbol \pitchfork on input line 679.
LaTeX Font Info:    Redeclaring math symbol \dotplus on input line 680.
LaTeX Font Info:    Redeclaring math symbol \backsim on input line 681.
LaTeX Font Info:    Redeclaring math symbol \backsimeq on input line 682.
LaTeX Font Info:    Redeclaring math symbol \complement on input line 683.
LaTeX Font Info:    Redeclaring math symbol \intercal on input line 684.
LaTeX Font Info:    Redeclaring math symbol \circledcirc on input line 685.
LaTeX Font Info:    Redeclaring math symbol \circledast on input line 686.
LaTeX Font Info:    Redeclaring math symbol \circleddash on input line 687.
LaTeX Font Info:    Redeclaring math symbol \dashrightarrow on input line 688.
LaTeX Font Info:    Redeclaring math symbol \dashleftarrow on input line 689.
LaTeX Font Info:    Redeclaring math delimiter \ulcorner on input line 691.
LaTeX Font Info:    Redeclaring math delimiter \urcorner on input line 692.
LaTeX Font Info:    Redeclaring math delimiter \llcorner on input line 693.
LaTeX Font Info:    Redeclaring math delimiter \lrcorner on input line 694.
LaTeX Font Info:    Redeclaring math symbol \lvertneqq on input line 698.
LaTeX Font Info:    Redeclaring math symbol \gvertneqq on input line 699.
LaTeX Font Info:    Redeclaring math symbol \nleq on input line 700.
LaTeX Font Info:    Redeclaring math symbol \ngeq on input line 701.
LaTeX Font Info:    Redeclaring math symbol \nless on input line 702.
LaTeX Font Info:    Redeclaring math symbol \ngtr on input line 703.
LaTeX Font Info:    Redeclaring math symbol \nprec on input line 704.
LaTeX Font Info:    Redeclaring math symbol \nsucc on input line 705.
LaTeX Font Info:    Redeclaring math symbol \lneqq on input line 706.
LaTeX Font Info:    Redeclaring math symbol \gneqq on input line 707.
LaTeX Font Info:    Redeclaring math symbol \nleqslant on input line 708.
LaTeX Font Info:    Redeclaring math symbol \ngeqslant on input line 709.
LaTeX Font Info:    Redeclaring math symbol \lneq on input line 710.
LaTeX Font Info:    Redeclaring math symbol \gneq on input line 711.
LaTeX Font Info:    Redeclaring math symbol \npreceq on input line 712.
LaTeX Font Info:    Redeclaring math symbol \nsucceq on input line 713.
LaTeX Font Info:    Redeclaring math symbol \precnsim on input line 714.
LaTeX Font Info:    Redeclaring math symbol \succnsim on input line 715.
LaTeX Font Info:    Redeclaring math symbol \lnsim on input line 716.
LaTeX Font Info:    Redeclaring math symbol \gnsim on input line 717.
LaTeX Font Info:    Redeclaring math symbol \nleqq on input line 718.
LaTeX Font Info:    Redeclaring math symbol \ngeqq on input line 719.
LaTeX Font Info:    Redeclaring math symbol \precneqq on input line 720.
LaTeX Font Info:    Redeclaring math symbol \succneqq on input line 721.
LaTeX Font Info:    Redeclaring math symbol \precnapprox on input line 722.
LaTeX Font Info:    Redeclaring math symbol \succnapprox on input line 723.
LaTeX Font Info:    Redeclaring math symbol \lnapprox on input line 724.
LaTeX Font Info:    Redeclaring math symbol \gnapprox on input line 725.
LaTeX Font Info:    Redeclaring math symbol \nsim on input line 726.
LaTeX Font Info:    Redeclaring math symbol \ncong on input line 727.
LaTeX Font Info:    Redeclaring math symbol \diagup on input line 728.
LaTeX Font Info:    Redeclaring math symbol \diagdown on input line 729.
LaTeX Font Info:    Redeclaring math symbol \varsubsetneq on input line 730.
LaTeX Font Info:    Redeclaring math symbol \varsupsetneq on input line 731.
LaTeX Font Info:    Redeclaring math symbol \nsubseteqq on input line 732.
LaTeX Font Info:    Redeclaring math symbol \nsupseteqq on input line 733.
LaTeX Font Info:    Redeclaring math symbol \subsetneqq on input line 734.
LaTeX Font Info:    Redeclaring math symbol \supsetneqq on input line 735.
LaTeX Font Info:    Redeclaring math symbol \varsubsetneqq on input line 736.
LaTeX Font Info:    Redeclaring math symbol \varsupsetneqq on input line 737.
LaTeX Font Info:    Redeclaring math symbol \subsetneq on input line 738.
LaTeX Font Info:    Redeclaring math symbol \supsetneq on input line 739.
LaTeX Font Info:    Redeclaring math symbol \nsubseteq on input line 740.
LaTeX Font Info:    Redeclaring math symbol \nsupseteq on input line 741.
LaTeX Font Info:    Redeclaring math symbol \nparallel on input line 742.
LaTeX Font Info:    Redeclaring math symbol \nmid on input line 743.
LaTeX Font Info:    Redeclaring math symbol \nshortmid on input line 744.
LaTeX Font Info:    Redeclaring math symbol \nshortparallel on input line 745.
LaTeX Font Info:    Redeclaring math symbol \nvdash on input line 746.
LaTeX Font Info:    Redeclaring math symbol \nVdash on input line 747.
LaTeX Font Info:    Redeclaring math symbol \nvDash on input line 748.
LaTeX Font Info:    Redeclaring math symbol \nVDash on input line 749.
LaTeX Font Info:    Redeclaring math symbol \ntrianglerighteq on input line 750
.
LaTeX Font Info:    Redeclaring math symbol \ntrianglelefteq on input line 751.

LaTeX Font Info:    Redeclaring math symbol \ntriangleleft on input line 752.
LaTeX Font Info:    Redeclaring math symbol \ntriangleright on input line 753.
LaTeX Font Info:    Redeclaring math symbol \nleftarrow on input line 754.
LaTeX Font Info:    Redeclaring math symbol \nrightarrow on input line 755.
LaTeX Font Info:    Redeclaring math symbol \nLeftarrow on input line 756.
LaTeX Font Info:    Redeclaring math symbol \nRightarrow on input line 757.
LaTeX Font Info:    Redeclaring math symbol \nLeftrightarrow on input line 758.

LaTeX Font Info:    Redeclaring math symbol \nleftrightarrow on input line 759.

LaTeX Font Info:    Redeclaring math symbol \divideontimes on input line 760.
LaTeX Font Info:    Redeclaring math symbol \emptyset on input line 761.
LaTeX Font Info:    Redeclaring math symbol \varnothing on input line 762.
LaTeX Font Info:    Redeclaring math symbol \nexists on input line 763.
LaTeX Font Info:    Redeclaring math symbol \Finv on input line 764.
LaTeX Font Info:    Redeclaring math symbol \Game on input line 765.
LaTeX Font Info:    Redeclaring math symbol \eth on input line 766.
LaTeX Font Info:    Redeclaring math symbol \eqsim on input line 767.
LaTeX Font Info:    Redeclaring math symbol \beth on input line 768.
LaTeX Font Info:    Redeclaring math symbol \gimel on input line 769.
LaTeX Font Info:    Redeclaring math symbol \daleth on input line 770.
LaTeX Font Info:    Redeclaring math symbol \lessdot on input line 771.
LaTeX Font Info:    Redeclaring math symbol \gtrdot on input line 772.
LaTeX Font Info:    Redeclaring math symbol \ltimes on input line 773.
LaTeX Font Info:    Redeclaring math symbol \rtimes on input line 774.
LaTeX Font Info:    Redeclaring math symbol \shortmid on input line 775.
LaTeX Font Info:    Redeclaring math symbol \shortparallel on input line 776.
LaTeX Font Info:    Redeclaring math symbol \smallsetminus on input line 777.
LaTeX Font Info:    Redeclaring math symbol \thicksim on input line 778.
LaTeX Font Info:    Redeclaring math symbol \thickapprox on input line 779.
LaTeX Font Info:    Redeclaring math symbol \approxeq on input line 780.
LaTeX Font Info:    Redeclaring math symbol \succapprox on input line 781.
LaTeX Font Info:    Redeclaring math symbol \precapprox on input line 782.
LaTeX Font Info:    Redeclaring math symbol \curvearrowleft on input line 783.
LaTeX Font Info:    Redeclaring math symbol \curvearrowright on input line 784.

LaTeX Font Info:    Redeclaring math symbol \varkappa on input line 785.
LaTeX Font Info:    Redeclaring math symbol \Bbbk on input line 786.
LaTeX Font Info:    Redeclaring math symbol \hslash on input line 787.
LaTeX Font Info:    Redeclaring math symbol \hbar on input line 788.
LaTeX Font Info:    Redeclaring math symbol \backepsilon on input line 789.
LaTeX Info: Redefining \yen on input line 807.
LaTeX Font Info:    Redeclaring math symbol \mathsterling on input line 815.
)
(/usr/local/texlive/2020/texmf-dist/tex/latex/beamer/beamerfontthemeserif.sty)
(/usr/local/texlive/2020/texmf-dist/tex/latex/tools/bm.sty
Package: bm 2019/07/24 v1.2d Bold Symbol Support (DPC/FMi)
\symboldoperators=\mathgroup8
\symboldletters=\mathgroup9
\symboldsymbols=\mathgroup10
\symboldupright=\mathgroup11
LaTeX Font Info:    Redeclaring math alphabet \mathbf on input line 141.
LaTeX Info: Redefining \bm on input line 209.
)
(/usr/local/texlive/2020/texmf-dist/tex/latex/fancyvrb/fancyvrb.sty
Package: fancyvrb 2020/05/03 v3.6 verbatim text (tvz,hv)
\FV@CodeLineNo=\count324
\FV@InFile=\read3
\FV@TabBox=\box81
\c@FancyVerbLine=\count325
\FV@StepNumber=\count326
\FV@OutFile=\write5
)
(/usr/local/texlive/2020/texmf-dist/tex/latex/textfit/textfit.sty
Package: textfit 1994/04/15
\mags@f@r=\count327
\desired@size=\dimen307
\r@mainder=\count328
\m@gstepcount=\count329
\m@gsteplimit=\count330
\m@gstepvalue=\count331
\m@gstepdimen=\dimen308
)
(/usr/local/texlive/2020/texmf-dist/tex/latex/tcolorbox/tcolorbox.sty
Package: tcolorbox 2020/07/31 version 4.31 text color boxes

(/usr/local/texlive/2020/texmf-dist/tex/latex/tools/verbatim.sty
Package: verbatim 2019/11/10 v1.5r LaTeX2e package for verbatim enhancements
\every@verbatim=\toks46
\verbatim@line=\toks47
\verbatim@in@stream=\read4
)
(/usr/local/texlive/2020/texmf-dist/tex/latex/environ/environ.sty
Package: environ 2014/05/04 v0.3 A new way to define environments

(/usr/local/texlive/2020/texmf-dist/tex/latex/trimspaces/trimspaces.sty
Package: trimspaces 2009/09/17 v1.1 Trim spaces around a token list
))
\tcb@titlebox=\box82
\tcb@upperbox=\box83
\tcb@lowerbox=\box84
\tcb@phantombox=\box85
\c@tcbbreakpart=\count332
\c@tcblayer=\count333
\c@tcolorbox@number=\count334
\tcb@temp=\box86
\tcb@temp=\box87
\tcb@temp=\box88
\tcb@temp=\box89
\tcb@out=\write6
\tcb@record@out=\write7
)
(/usr/local/texlive/2020/texmf-dist/tex/latex/caption/subcaption.sty
Package: subcaption 2020/08/23 v1.3g Sub-captions (AR)

(/usr/local/texlive/2020/texmf-dist/tex/latex/caption/caption.sty
Package: caption 2020/09/02 v3.5a Customizing captions (AR)

(/usr/local/texlive/2020/texmf-dist/tex/latex/caption/caption3.sty
Package: caption3 2020/09/11 v2.0b caption3 kernel (AR)
\captionmargin=\dimen309
\captionmargin@=\dimen310
\captionwidth=\dimen311
\caption@tempdima=\dimen312
\caption@indent=\dimen313
\caption@parindent=\dimen314
\caption@hangindent=\dimen315
Package caption Info: beamer document class detected.

(/usr/local/texlive/2020/texmf-dist/tex/latex/caption/caption-beamer.sto
File: caption-beamer.sto 2020/08/22 v2.0 Adaption of the caption package to the
 beamer document classes (AR)
))
\c@caption@flags=\count335
\c@continuedfloat=\count336
Package caption Info: hyperref package is loaded.
Package caption Info: Hyperref support is turned off
(caption)             because hyperref has stopped early.
)
\c@subfigure=\count337
\c@subtable=\count338
)
\c@Alert=\count339
\c@Highlight=\count340

(/usr/local/texlive/2020/texmf-dist/tex/latex/booktabs/booktabs.sty
Package: booktabs 2020/01/12 v1.61803398 Publication quality tables
\heavyrulewidth=\dimen316
\lightrulewidth=\dimen317
\cmidrulewidth=\dimen318
\belowrulesep=\dimen319
\belowbottomsep=\dimen320
\aboverulesep=\dimen321
\abovetopsep=\dimen322
\cmidrulesep=\dimen323
\cmidrulekern=\dimen324
\defaultaddspace=\dimen325
\@cmidla=\count341
\@cmidlb=\count342
\@aboverulesep=\dimen326
\@belowrulesep=\dimen327
\@thisruleclass=\count343
\@lastruleclass=\count344
\@thisrulewidth=\dimen328
)
\xvec@height=\skip68
\xvec@depth=\skip69
\xvec@width=\skip70

(/usr/local/texlive/2020/texmf-dist/tex/latex/psnfss/pifont.sty
Package: pifont 2020/03/25 PSNFSS-v9.3 Pi font support (SPQR) 
LaTeX Font Info:    Trying to load font information for U+pzd on input line 63.


(/usr/local/texlive/2020/texmf-dist/tex/latex/psnfss/upzd.fd
File: upzd.fd 2001/06/04 font definitions for U/pzd.
)
LaTeX Font Info:    Trying to load font information for U+psy on input line 64.


(/usr/local/texlive/2020/texmf-dist/tex/latex/psnfss/upsy.fd
File: upsy.fd 2001/06/04 font definitions for U/psy.
))
Package hyperref Info: Option `colorlinks' set `true' on input line 117.
)
(/usr/local/texlive/2020/texmf-dist/tex/latex/pdfpages/pdfpages.sty
Package: pdfpages 2020/01/28 v0.5q Insert pages of external PDF documents (AM)

(/usr/local/texlive/2020/texmf-dist/tex/latex/base/ifthen.sty
Package: ifthen 2014/09/29 v1.1c Standard LaTeX ifthen package (DPC)
)
(/usr/local/texlive/2020/texmf-dist/tex/latex/eso-pic/eso-pic.sty
Package: eso-pic 2018/04/12 v2.0h eso-pic (RN)
)
\AM@pagewidth=\dimen329
\AM@pageheight=\dimen330

(/usr/local/texlive/2020/texmf-dist/tex/latex/pdfpages/pppdftex.def
File: pppdftex.def 2020/01/28 v0.5q Pdfpages driver for pdfTeX (AM)
)
\AM@pagebox=\box90
\AM@global@opts=\toks48
\AM@pagecnt=\count345
\AM@toc@title=\toks49
\c@AM@survey=\count346
\AM@templatesizebox=\box91
)
(/usr/local/texlive/2020/texmf-dist/tex/latex/l3backend/l3backend-pdftex.def
File: l3backend-pdftex.def 2020-09-11 L3 backend support: PDF output (pdfTeX)
\l__kernel_color_stack_int=\count347
\l__pdf_internal_box=\box92
)
(./slides-randomization-bootstrap.aux)
\openout1 = `slides-randomization-bootstrap.aux'.

LaTeX Font Info:    Checking defaults for OML/cmm/m/it on input line 18.
LaTeX Font Info:    ... okay on input line 18.
LaTeX Font Info:    Checking defaults for OMS/cmsy/m/n on input line 18.
LaTeX Font Info:    ... okay on input line 18.
LaTeX Font Info:    Checking defaults for OT1/cmr/m/n on input line 18.
LaTeX Font Info:    ... okay on input line 18.
LaTeX Font Info:    Checking defaults for T1/cmr/m/n on input line 18.
LaTeX Font Info:    ... okay on input line 18.
LaTeX Font Info:    Checking defaults for TS1/cmr/m/n on input line 18.
LaTeX Font Info:    ... okay on input line 18.
LaTeX Font Info:    Checking defaults for OMX/cmex/m/n on input line 18.
LaTeX Font Info:    ... okay on input line 18.
LaTeX Font Info:    Checking defaults for U/cmr/m/n on input line 18.
LaTeX Font Info:    ... okay on input line 18.
LaTeX Font Info:    Checking defaults for PD1/pdf/m/n on input line 18.
LaTeX Font Info:    ... okay on input line 18.
LaTeX Font Info:    Checking defaults for LMR/hlcm/m/n on input line 18.
LaTeX Font Info:    ... okay on input line 18.

*geometry* driver: auto-detecting
*geometry* detected driver: pdftex
*geometry* verbose mode - [ preamble ] result:
* driver: pdftex
* paper: custom
* layout: <same size as paper>
* layoutoffset:(h,v)=(0.0pt,0.0pt)
* modes: includehead includefoot 
* h-part:(L,W,R)=(28.45274pt, 307.28987pt, 28.45274pt)
* v-part:(T,H,B)=(0.0pt, 273.14662pt, 0.0pt)
* \paperwidth=364.19536pt
* \paperheight=273.14662pt
* \textwidth=307.28987pt
* \textheight=244.6939pt
* \oddsidemargin=-43.81725pt
* \evensidemargin=-43.81725pt
* \topmargin=-72.26999pt
* \headheight=14.22636pt
* \headsep=0.0pt
* \topskip=11.0pt
* \footskip=14.22636pt
* \marginparwidth=4.0pt
* \marginparsep=10.0pt
* \columnsep=10.0pt
* \skip\footins=10.0pt plus 4.0pt minus 2.0pt
* \hoffset=0.0pt
* \voffset=0.0pt
* \mag=1000
* \@twocolumnfalse
* \@twosidefalse
* \@mparswitchfalse
* \@reversemarginfalse
* (1in=72.27pt=25.4mm, 1cm=28.453pt)

(/usr/local/texlive/2020/texmf-dist/tex/context/base/mkii/supp-pdf.mkii
[Loading MPS to PDF converter (version 2006.09.02).]
\scratchcounter=\count348
\scratchdimen=\dimen331
\scratchbox=\box93
\nofMPsegments=\count349
\nofMParguments=\count350
\everyMPshowfont=\toks50
\MPscratchCnt=\count351
\MPscratchDim=\dimen332
\MPnumerator=\count352
\makeMPintoPDFobject=\count353
\everyMPtoPDFconversion=\toks51
) (/usr/local/texlive/2020/texmf-dist/tex/latex/epstopdf-pkg/epstopdf-base.sty
Package: epstopdf-base 2020-01-24 v2.11 Base part for package epstopdf
Package epstopdf-base Info: Redefining graphics rule for `.eps' on input line 4
85.

(/usr/local/texlive/2020/texmf-dist/tex/latex/latexconfig/epstopdf-sys.cfg
File: epstopdf-sys.cfg 2010/07/13 v1.3 Configuration of (r)epstopdf for TeX Liv
e
))
ABD: EveryShipout initializing macros
\AtBeginShipoutBox=\box94
Package hyperref Info: Link coloring ON on input line 18.

(/usr/local/texlive/2020/texmf-dist/tex/latex/hyperref/nameref.sty
Package: nameref 2019/09/16 v2.46 Cross-referencing by name of section

(/usr/local/texlive/2020/texmf-dist/tex/latex/refcount/refcount.sty
Package: refcount 2019/12/15 v3.6 Data extraction from label references (HO)
)
(/usr/local/texlive/2020/texmf-dist/tex/generic/gettitlestring/gettitlestring.s
ty
Package: gettitlestring 2019/12/15 v1.6 Cleanup title references (HO)
)
\c@section@level=\count354
)
LaTeX Info: Redefining \ref on input line 18.
LaTeX Info: Redefining \pageref on input line 18.
LaTeX Info: Redefining \nameref on input line 18.
 (./slides-randomization-bootstrap.out)
(./slides-randomization-bootstrap.out)
\@outlinefile=\write8
\openout8 = `slides-randomization-bootstrap.out'.


(/usr/local/texlive/2020/texmf-dist/tex/latex/translator/translator-basic-dicti
onary-English.dict
Dictionary: translator-basic-dictionary, Language: English 
)
(/usr/local/texlive/2020/texmf-dist/tex/latex/translator/translator-bibliograph
y-dictionary-English.dict
Dictionary: translator-bibliography-dictionary, Language: English 
)
(/usr/local/texlive/2020/texmf-dist/tex/latex/translator/translator-environment
-dictionary-English.dict
Dictionary: translator-environment-dictionary, Language: English 
)
(/usr/local/texlive/2020/texmf-dist/tex/latex/translator/translator-months-dict
ionary-English.dict
Dictionary: translator-months-dictionary, Language: English 
)
(/usr/local/texlive/2020/texmf-dist/tex/latex/translator/translator-numbers-dic
tionary-English.dict
Dictionary: translator-numbers-dictionary, Language: English 
)
(/usr/local/texlive/2020/texmf-dist/tex/latex/translator/translator-theorem-dic
tionary-English.dict
Dictionary: translator-theorem-dictionary, Language: English 
)
LaTeX Info: Redefining \longleftarrow on input line 18.
LaTeX Info: Redefining \longrightarrow on input line 18.
LaTeX Info: Redefining \Longleftarrow on input line 18.
LaTeX Info: Redefining \Longrightarrow on input line 18.
Package caption Info: Begin \AtBeginDocument code.
Package caption Info: End \AtBeginDocument code.

(/usr/local/texlive/2020/texmf-dist/tex/latex/pdflscape/pdflscape.sty
Package: pdflscape 2019/12/05 v0.12 Display of landscape pages in PDF (HO)

(/usr/local/texlive/2020/texmf-dist/tex/latex/graphics/lscape.sty
Package: lscape 2000/10/22 v3.01 Landscape Pages (DPC)
)
Package pdflscape Info: Auto-detected driver: pdftex on input line 81.
)
(./slides-randomization-bootstrap.nav)
LaTeX Font Info:    Font shape `T1/hls/m/n' will be
(Font)              scaled to size 5.10004pt on input line 18.
LaTeX Font Info:    Trying to load font information for T1+hlcn on input line 1
8.

(/Users/pmagwene/Library/texmf/tex/latex/lucida/t1hlcn.fd
File: t1hlcn.fd 2005/09/15 font definitions for T1/hlcn.
)
LaTeX Font Info:    Font shape `T1/hlcn/m/n' will be
(Font)              scaled to size 5.10004pt on input line 18.
LaTeX Font Info:    Font shape `T1/hlcn/m/n' will be
(Font)              scaled to size 9.30756pt on input line 22.
LaTeX Font Info:    Font shape `T1/hlcn/m/n' will be
(Font)              scaled to size 12.24008pt on input line 22.
LaTeX Font Info:    Font shape `T1/hls/m/n' will be
(Font)              scaled to size 6.80005pt on input line 22.
LaTeX Font Info:    Font shape `T1/hlcn/m/n' will be
(Font)              scaled to size 3.40002pt on input line 22.
LaTeX Font Info:    Font shape `T1/hls/m/n' will be
(Font)              scaled to size 3.40002pt on input line 22.
 [1

{/Users/pmagwene/Library/texlive/2020/texmf-var/fonts/map/pdftex/updmap/pdftex.
map}]
LaTeX Font Info:    Font shape `T1/hlcn/m/n' will be
(Font)              scaled to size 10.20007pt on input line 40.
LaTeX Font Info:    Font shape `T1/hlcn/m/n' will be
(Font)              scaled to size 6.80005pt on input line 40.
LaTeX Font Info:    Font shape `OML/hlcm/m/itx' will be
(Font)              scaled to size 9.30756pt on input line 40.
LaTeX Font Info:    Font shape `OML/hlcm/m/itx' will be
(Font)              scaled to size 6.80005pt on input line 40.
LaTeX Font Info:    Font shape `OML/hlcm/m/itx' will be
(Font)              scaled to size 5.10004pt on input line 40.
LaTeX Font Info:    Font shape `OMS/hlcy/m/n' will be
(Font)              scaled to size 9.30756pt on input line 40.
LaTeX Font Info:    Font shape `OMS/hlcy/m/n' will be
(Font)              scaled to size 6.80005pt on input line 40.
LaTeX Font Info:    Font shape `OMS/hlcy/m/n' will be
(Font)              scaled to size 5.10004pt on input line 40.
LaTeX Font Info:    Font shape `OMX/hlcv/m/n' will be
(Font)              scaled to size 9.30756pt on input line 40.
LaTeX Font Info:    Font shape `OMX/hlcv/m/n' will be
(Font)              scaled to size 6.80005pt on input line 40.
LaTeX Font Info:    Font shape `OMX/hlcv/m/n' will be
(Font)              scaled to size 5.10004pt on input line 40.
LaTeX Font Info:    Trying to load font information for U+msa on input line 40.


(/usr/local/texlive/2020/texmf-dist/tex/latex/amsfonts/umsa.fd
File: umsa.fd 2013/01/14 v3.01 AMS symbols A
)
LaTeX Font Info:    Trying to load font information for U+msb on input line 40.


(/usr/local/texlive/2020/texmf-dist/tex/latex/amsfonts/umsb.fd
File: umsb.fd 2013/01/14 v3.01 AMS symbols B
)
LaTeX Font Info:    Font shape `OML/hlcm/m/n' will be
(Font)              scaled to size 9.30756pt on input line 40.
LaTeX Font Info:    Font shape `OML/hlcm/m/n' will be
(Font)              scaled to size 6.80005pt on input line 40.
LaTeX Font Info:    Font shape `OML/hlcm/m/n' will be
(Font)              scaled to size 5.10004pt on input line 40.
LaTeX Font Info:    Font shape `LMR/hlcm/m/n' will be
(Font)              scaled to size 9.30756pt on input line 40.
LaTeX Font Info:    Font shape `LMR/hlcm/m/n' will be
(Font)              scaled to size 6.80005pt on input line 40.
LaTeX Font Info:    Font shape `LMR/hlcm/m/n' will be
(Font)              scaled to size 5.10004pt on input line 40.
LaTeX Font Info:    Font shape `T1/hlcn/b/n' in size <10.95> not available
(Font)              Font shape `T1/hlcn/m/n' tried instead on input line 40.
LaTeX Font Info:    Font shape `T1/hlcn/m/n' will be
(Font)              scaled to size 9.30756pt on input line 40.
LaTeX Font Info:    Font shape `T1/hlcn/b/n' in size <8> not available
(Font)              Font shape `T1/hlcn/m/n' tried instead on input line 40.
LaTeX Font Info:    Font shape `T1/hlcn/m/n' will be
(Font)              scaled to size 6.80005pt on input line 40.
LaTeX Font Info:    Font shape `T1/hlcn/b/n' in size <6> not available
(Font)              Font shape `T1/hlcn/m/n' tried instead on input line 40.
LaTeX Font Info:    Font shape `T1/hlcn/m/n' will be
(Font)              scaled to size 5.10004pt on input line 40.
LaTeX Font Info:    Font shape `OML/hlcm/b/itx' will be
(Font)              scaled to size 9.30756pt on input line 40.
LaTeX Font Info:    Font shape `OML/hlcm/b/itx' will be
(Font)              scaled to size 6.80005pt on input line 40.
LaTeX Font Info:    Font shape `OML/hlcm/b/itx' will be
(Font)              scaled to size 5.10004pt on input line 40.
LaTeX Font Info:    Font shape `OMS/hlcy/b/n' will be
(Font)              scaled to size 9.30756pt on input line 40.
LaTeX Font Info:    Font shape `OMS/hlcy/b/n' will be
(Font)              scaled to size 6.80005pt on input line 40.
LaTeX Font Info:    Font shape `OMS/hlcy/b/n' will be
(Font)              scaled to size 5.10004pt on input line 40.
LaTeX Font Info:    Font shape `OML/hlcm/b/n' will be
(Font)              scaled to size 9.30756pt on input line 40.
LaTeX Font Info:    Font shape `OML/hlcm/b/n' will be
(Font)              scaled to size 6.80005pt on input line 40.
LaTeX Font Info:    Font shape `OML/hlcm/b/n' will be
(Font)              scaled to size 5.10004pt on input line 40.

Overfull \hbox (2.49939pt too wide) in paragraph at lines 40--40
[][]  
 []


Overfull \hbox (2.49939pt too wide) in paragraph at lines 40--40
[][]  
 []

[2

] [3

]
Overfull \hbox (2.49939pt too wide) in paragraph at lines 70--70
[][]  
 []

[4

]
LaTeX Font Info:    Font shape `T1/hls/m/it' will be
(Font)              scaled to size 9.30756pt on input line 89.

Overfull \hbox (2.49939pt too wide) in paragraph at lines 89--89
[][]  
 []

[5

] [6

]
<jackal-distn2.pdf, id=50, 251.94125pt x 175.65625pt>
File: jackal-distn2.pdf Graphic file (type pdf)
<use jackal-distn2.pdf>
Package pdftex.def Info: jackal-distn2.pdf  used on input line 134.
(pdftex.def)             Requested size: 259.16023pt x 180.67499pt.
 [7

 <./jackal-distn2.pdf>] [8

]
Overfull \hbox (2.49939pt too wide) in paragraph at lines 185--185
[][]  
 []


Overfull \hbox (2.49939pt too wide) in paragraph at lines 185--185
[][]  
 []

[9

]
LaTeX Font Info:    Font shape `T1/hls/b/n' will be
(Font)              scaled to size 9.30756pt on input line 238.
 [10

] [11

] [12

] [13

]
Overfull \hbox (2.49939pt too wide) in paragraph at lines 343--343
[][]  
 []


Overfull \hbox (2.49939pt too wide) in paragraph at lines 343--343
[][]  
 []

[14

] [15

] [16

]
LaTeX Font Info:    Font shape `T1/hls/m/n' will be
(Font)              scaled to size 8.50006pt on input line 407.
LaTeX Font Info:    Font shape `T1/hlcn/m/n' will be
(Font)              scaled to size 8.50006pt on input line 407.
 [17

] [18

]
<jack-vs-boot.pdf, id=118, 257.37886pt x 174.53989pt>
File: jack-vs-boot.pdf Graphic file (type pdf)
<use jack-vs-boot.pdf>
Package pdftex.def Info: jack-vs-boot.pdf  used on input line 444.
(pdftex.def)             Requested size: 213.14919pt x 144.54pt.
 [19

 <./jack-vs-boot.pdf>]
\tf@nav=\write9
\openout9 = `slides-randomization-bootstrap.nav'.

\tf@toc=\write10
\openout10 = `slides-randomization-bootstrap.toc'.

\tf@snm=\write11
\openout11 = `slides-randomization-bootstrap.snm'.

Package atveryend Info: Empty hook `BeforeClearDocument' on input line 447.
Package atveryend Info: Empty hook `AfterLastShipout' on input line 447.

(./slides-randomization-bootstrap.aux)
Package atveryend Info: Executing hook `AtVeryEndDocument' on input line 447.
Package atveryend Info: Executing hook `AtEndAfterFileList' on input line 447.
Package rerunfilecheck Info: File `slides-randomization-bootstrap.out' has not 
changed.
(rerunfilecheck)             Checksum: D41D8CD98F00B204E9800998ECF8427E;0.
 ) 
Here is how much of TeX's memory you used:
 26500 strings out of 480876
 524923 string characters out of 5907597
 767708 words of memory out of 5000000
 41481 multiletter control sequences out of 15000+600000
 558339 words of font info for 85 fonts, out of 8000000 for 9000
 1141 hyphenation exceptions out of 8191
 63i,11n,83p,797b,714s stack positions out of 5000i,500n,10000p,200000b,80000s
{/usr/local/texlive/2020/texmf-dist/fonts/enc/dvips/base/8r.enc}</Users/pmagw
ene/Library/texmf/fonts/type1/bh/lucida/lbkr.pfb></Users/pmagwene/Library/texmf
/fonts/type1/bh/lucida/lbme.pfb></Users/pmagwene/Library/texmf/fonts/type1/bh/l
ucida/lbmi.pfb></Users/pmagwene/Library/texmf/fonts/type1/bh/lucida/lbmr.pfb></
Users/pmagwene/Library/texmf/fonts/type1/bh/lucida/lbms.pfb></Users/pmagwene/Li
brary/texmf/fonts/type1/bh/lucida/lsd.pfb></Users/pmagwene/Library/texmf/fonts/
type1/bh/lucida/lsi.pfb></Users/pmagwene/Library/texmf/fonts/type1/bh/lucida/ls
r.pfb>
Output written on slides-randomization-bootstrap.pdf (19 pages, 87602 bytes).
PDF statistics:
 171 PDF objects out of 1000 (max. 8388607)
 129 compressed objects within 2 object streams
 39 named destinations out of 1000 (max. 500000)
 53 words of extra memory for PDF output out of 10000 (max. 10000000)

